<?xml version="1.0" encoding="UTF-8"?>
<testng-results skipped="0" failed="57" total="122" passed="65">
  <reporter-output>
    <line>
      <![CDATA[Launch_Browser: Chrome Browser Launching]]>
    </line>
    <line>
      <![CDATA[Chrome Browser Launching]]>
    </line>
    <line>
      <![CDATA[Launch_Browser: Chrome Browser Launched Successfully]]>
    </line>
    <line>
      <![CDATA[TEST:----->>   << BS_105_Verify_Cash_Option_In_Paymentmode >>  ]]>
    </line>
    <line>
      <![CDATA[                                               ]]>
    </line>
    <line>
      <![CDATA[Launch_Application: Wellness Application Launched Successfully]]>
    </line>
    <line>
      <![CDATA[                               ]]>
    </line>
    <line>
      <![CDATA[Launch_Application: Wellness Application Launched Successfully]]>
    </line>
    <line>
      <![CDATA[                               ]]>
    </line>
    <line>
      <![CDATA[Entered Valid Username]]>
    </line>
    <line>
      <![CDATA[Entered Valid Password]]>
    </line>
    <line>
      <![CDATA[As expected Alert not presented]]>
    </line>
    <line>
      <![CDATA[As expected Appointment List Page Displayed Successfully]]>
    </line>
    <line>
      <![CDATA[PageURL displayed as : http://172.22.5.34:8080/wellness/appointmentslist at Appointment List Page]]>
    </line>
    <line>
      <![CDATA[Clicked On Appointment Menu]]>
    </line>
    <line>
      <![CDATA[Displayed Options of Appointment Module]]>
    </line>
    <line>
      <![CDATA[Clicked on Bill Settlement Option]]>
    </line>
    <line>
      <![CDATA[Bill Settlement List Page Displayed]]>
    </line>
    <line>
      <![CDATA[Record Available for BillNo 118 with Guest Name srinu, and BillAmount is: 1106.00]]>
    </line>
    <line>
      <![CDATA[Clicked on BillNo 118 with Guest Name srinu]]>
    </line>
    <line>
      <![CDATA[Bill Settlement Page Displayed]]>
    </line>
    <line>
      <![CDATA[As expected BillID,BillAmount and GuestName text boxes displayed along with values, but these fields are readonly]]>
    </line>
    <line>
      <![CDATA[Bill ID value is displayed as: 118]]>
    </line>
    <line>
      <![CDATA[Bill Amount value is displayed as: 1106.00]]>
    </line>
    <line>
      <![CDATA[Guest Name value is displayed as : srinu]]>
    </line>
    <line>
      <![CDATA[Payment Mode is Dropdown]]>
    </line>
    <line>
      <![CDATA[Selected Credit Card option at Payment Dropdown]]>
    </line>
    <line>
      <![CDATA[As expected Name on Credit Card text box is displayed after selected Credit Card option at Payment Dropdown]]>
    </line>
    <line>
      <![CDATA[As expected Credit Card Number text box is displayed after selected Credit Card option at Payment Dropdown]]>
    </line>
    <line>
      <![CDATA[As expected Credit Card Type dropdown is displayed after selected Credit Card option at Payment Dropdown]]>
    </line>
    <line>
      <![CDATA[As expected Add Settlement button is enabled by default]]>
    </line>
    <line>
      <![CDATA[Entered Sreekanth Katar as Valid Alphabets at Name on Credit Card text box]]>
    </line>
    <line>
      <![CDATA[Entered 4562 at Credit Card Number text box]]>
    </line>
    <line>
      <![CDATA[Entered 1106 at Amount text box]]>
    </line>
    <line>
      <![CDATA[Selected Visa option at Credit Card Type Drop Down]]>
    </line>
    <line>
      <![CDATA[Clicked on AddSettlement button]]>
    </line>
    <line>
      <![CDATA[Alert Presented]]>
    </line>
    <line>
      <![CDATA[Settlement amount not matching with Net Amount : is displayed at Pop up]]>
    </line>
    <line>
      <![CDATA[Clicked On OK button in Pop up]]>
    </line>
    <line>
      <![CDATA[Add Settlement button is not disabled, after generated bill amount grid]]>
    </line>
    <line>
      <![CDATA[As expected Bill Amount Web Table is displayed]]>
    </line>
    <line>
      <![CDATA[As expected Save button is displayed]]>
    </line>
    <line>
      <![CDATA[Save button is not enabled]]>
    </line>
    <line>
      <![CDATA[                                           ]]>
    </line>
    <line>
      <![CDATA[Bill No Guest Name Type of Payment Cash Amount]]>
    </line>
    <line>
      <![CDATA[----------------------------------------------]]>
    </line>
    <line>
      <![CDATA[                                           ]]>
    </line>
    <line>
      <![CDATA[Launch_Application: Wellness Application Launched Successfully]]>
    </line>
    <line>
      <![CDATA[                               ]]>
    </line>
    <line>
      <![CDATA[As expected HomePage Displayed Successfully]]>
    </line>
    <line>
      <![CDATA[PageURL displayed as : http://172.22.5.34:8080/wellness/ at HomePage]]>
    </line>
    <line>
      <![CDATA[Launch_Application: Wellness Application Launched Successfully]]>
    </line>
    <line>
      <![CDATA[                               ]]>
    </line>
    <line>
      <![CDATA[Launch_Application: Wellness Application Launched Successfully]]>
    </line>
    <line>
      <![CDATA[                               ]]>
    </line>
    <line>
      <![CDATA[Entered Valid Username]]>
    </line>
    <line>
      <![CDATA[Entered Valid Password]]>
    </line>
    <line>
      <![CDATA[As expected Alert not presented]]>
    </line>
    <line>
      <![CDATA[As expected Appointment List Page Displayed Successfully]]>
    </line>
    <line>
      <![CDATA[PageURL displayed as : http://172.22.5.34:8080/wellness/appointmentslist at Appointment List Page]]>
    </line>
    <line>
      <![CDATA[Clicked On Appointment Menu]]>
    </line>
    <line>
      <![CDATA[Displayed Options of Appointment Module]]>
    </line>
    <line>
      <![CDATA[Clicked on Bill Settlement Option]]>
    </line>
    <line>
      <![CDATA[Bill Settlement List Page Displayed]]>
    </line>
    <line>
      <![CDATA[Record Available for BillNo 118 with Guest Name srinu, and BillAmount is: 1106.00]]>
    </line>
    <line>
      <![CDATA[Clicked on BillNo 118 with Guest Name srinu]]>
    </line>
    <line>
      <![CDATA[Bill Settlement Page Displayed]]>
    </line>
    <line>
      <![CDATA[chrome not reachable
  (Session info: chrome=57.0.2987.133)
  (Driver info: chromedriver=2.29.461591 (62ebf098771772160f391d75e589dc567915b233),platform=Windows NT 6.1.7600 x86_64) (WARNING: The server did not provide any stacktrace information)
Command duration or timeout: 4.00 seconds
Build info: version: '2.2.1', revision: '16551', time: '2012-04-11 21:42:35'
System info: os.name: 'Windows 7', os.arch: 'amd64', os.version: '6.1', java.version: '1.8.0_121'
Driver info: driver.version: RemoteWebDriver]]>
    </line>
    <line>
      <![CDATA[chrome not reachable
  (Session info: chrome=57.0.2987.133)
  (Driver info: chromedriver=2.29.461591 (62ebf098771772160f391d75e589dc567915b233),platform=Windows NT 6.1.7600 x86_64) (WARNING: The server did not provide any stacktrace information)
Command duration or timeout: 4.01 seconds
Build info: version: '2.2.1', revision: '16551', time: '2012-04-11 21:42:35'
System info: os.name: 'Windows 7', os.arch: 'amd64', os.version: '6.1', java.version: '1.8.0_121'
Driver info: driver.version: RemoteWebDriver]]>
    </line>
    <line>
      <![CDATA[chrome not reachable
  (Session info: chrome=57.0.2987.133)
  (Driver info: chromedriver=2.29.461591 (62ebf098771772160f391d75e589dc567915b233),platform=Windows NT 6.1.7600 x86_64) (WARNING: The server did not provide any stacktrace information)
Command duration or timeout: 4.02 seconds
Build info: version: '2.2.1', revision: '16551', time: '2012-04-11 21:42:35'
System info: os.name: 'Windows 7', os.arch: 'amd64', os.version: '6.1', java.version: '1.8.0_121'
Driver info: driver.version: RemoteWebDriver]]>
    </line>
    <line>
      <![CDATA[chrome not reachable
  (Session info: chrome=57.0.2987.133)
  (Driver info: chromedriver=2.29.461591 (62ebf098771772160f391d75e589dc567915b233),platform=Windows NT 6.1.7600 x86_64) (WARNING: The server did not provide any stacktrace information)
Command duration or timeout: 4.01 seconds
Build info: version: '2.2.1', revision: '16551', time: '2012-04-11 21:42:35'
System info: os.name: 'Windows 7', os.arch: 'amd64', os.version: '6.1', java.version: '1.8.0_121'
Driver info: driver.version: RemoteWebDriver]]>
    </line>
    <line>
      <![CDATA[chrome not reachable
  (Session info: chrome=57.0.2987.133)
  (Driver info: chromedriver=2.29.461591 (62ebf098771772160f391d75e589dc567915b233),platform=Windows NT 6.1.7600 x86_64) (WARNING: The server did not provide any stacktrace information)
Command duration or timeout: 4.01 seconds
Build info: version: '2.2.1', revision: '16551', time: '2012-04-11 21:42:35'
System info: os.name: 'Windows 7', os.arch: 'amd64', os.version: '6.1', java.version: '1.8.0_121'
Driver info: driver.version: RemoteWebDriver]]>
    </line>
    <line>
      <![CDATA[chrome not reachable
  (Session info: chrome=57.0.2987.133)
  (Driver info: chromedriver=2.29.461591 (62ebf098771772160f391d75e589dc567915b233),platform=Windows NT 6.1.7600 x86_64) (WARNING: The server did not provide any stacktrace information)
Command duration or timeout: 4.01 seconds
Build info: version: '2.2.1', revision: '16551', time: '2012-04-11 21:42:35'
System info: os.name: 'Windows 7', os.arch: 'amd64', os.version: '6.1', java.version: '1.8.0_121'
Driver info: driver.version: RemoteWebDriver]]>
    </line>
    <line>
      <![CDATA[chrome not reachable
  (Session info: chrome=57.0.2987.133)
  (Driver info: chromedriver=2.29.461591 (62ebf098771772160f391d75e589dc567915b233),platform=Windows NT 6.1.7600 x86_64) (WARNING: The server did not provide any stacktrace information)
Command duration or timeout: 4.01 seconds
Build info: version: '2.2.1', revision: '16551', time: '2012-04-11 21:42:35'
System info: os.name: 'Windows 7', os.arch: 'amd64', os.version: '6.1', java.version: '1.8.0_121'
Driver info: driver.version: RemoteWebDriver]]>
    </line>
    <line>
      <![CDATA[chrome not reachable
  (Session info: chrome=57.0.2987.133)
  (Driver info: chromedriver=2.29.461591 (62ebf098771772160f391d75e589dc567915b233),platform=Windows NT 6.1.7600 x86_64) (WARNING: The server did not provide any stacktrace information)
Command duration or timeout: 4.01 seconds
Build info: version: '2.2.1', revision: '16551', time: '2012-04-11 21:42:35'
System info: os.name: 'Windows 7', os.arch: 'amd64', os.version: '6.1', java.version: '1.8.0_121'
Driver info: driver.version: RemoteWebDriver]]>
    </line>
    <line>
      <![CDATA[chrome not reachable
  (Session info: chrome=57.0.2987.133)
  (Driver info: chromedriver=2.29.461591 (62ebf098771772160f391d75e589dc567915b233),platform=Windows NT 6.1.7600 x86_64) (WARNING: The server did not provide any stacktrace information)
Command duration or timeout: 4.01 seconds
Build info: version: '2.2.1', revision: '16551', time: '2012-04-11 21:42:35'
System info: os.name: 'Windows 7', os.arch: 'amd64', os.version: '6.1', java.version: '1.8.0_121'
Driver info: driver.version: RemoteWebDriver]]>
    </line>
    <line>
      <![CDATA[chrome not reachable
  (Session info: chrome=57.0.2987.133)
  (Driver info: chromedriver=2.29.461591 (62ebf098771772160f391d75e589dc567915b233),platform=Windows NT 6.1.7600 x86_64) (WARNING: The server did not provide any stacktrace information)
Command duration or timeout: 4.00 seconds
Build info: version: '2.2.1', revision: '16551', time: '2012-04-11 21:42:35'
System info: os.name: 'Windows 7', os.arch: 'amd64', os.version: '6.1', java.version: '1.8.0_121'
Driver info: driver.version: RemoteWebDriver]]>
    </line>
    <line>
      <![CDATA[chrome not reachable
  (Session info: chrome=57.0.2987.133)
  (Driver info: chromedriver=2.29.461591 (62ebf098771772160f391d75e589dc567915b233),platform=Windows NT 6.1.7600 x86_64) (WARNING: The server did not provide any stacktrace information)
Command duration or timeout: 4.01 seconds
Build info: version: '2.2.1', revision: '16551', time: '2012-04-11 21:42:35'
System info: os.name: 'Windows 7', os.arch: 'amd64', os.version: '6.1', java.version: '1.8.0_121'
Driver info: driver.version: RemoteWebDriver]]>
    </line>
    <line>
      <![CDATA[chrome not reachable
  (Session info: chrome=57.0.2987.133)
  (Driver info: chromedriver=2.29.461591 (62ebf098771772160f391d75e589dc567915b233),platform=Windows NT 6.1.7600 x86_64) (WARNING: The server did not provide any stacktrace information)
Command duration or timeout: 4.02 seconds
Build info: version: '2.2.1', revision: '16551', time: '2012-04-11 21:42:35'
System info: os.name: 'Windows 7', os.arch: 'amd64', os.version: '6.1', java.version: '1.8.0_121'
Driver info: driver.version: RemoteWebDriver]]>
    </line>
    <line>
      <![CDATA[chrome not reachable
  (Session info: chrome=57.0.2987.133)
  (Driver info: chromedriver=2.29.461591 (62ebf098771772160f391d75e589dc567915b233),platform=Windows NT 6.1.7600 x86_64) (WARNING: The server did not provide any stacktrace information)
Command duration or timeout: 4.00 seconds
Build info: version: '2.2.1', revision: '16551', time: '2012-04-11 21:42:35'
System info: os.name: 'Windows 7', os.arch: 'amd64', os.version: '6.1', java.version: '1.8.0_121'
Driver info: driver.version: RemoteWebDriver]]>
    </line>
    <line>
      <![CDATA[chrome not reachable
  (Session info: chrome=57.0.2987.133)
  (Driver info: chromedriver=2.29.461591 (62ebf098771772160f391d75e589dc567915b233),platform=Windows NT 6.1.7600 x86_64) (WARNING: The server did not provide any stacktrace information)
Command duration or timeout: 4.01 seconds
Build info: version: '2.2.1', revision: '16551', time: '2012-04-11 21:42:35'
System info: os.name: 'Windows 7', os.arch: 'amd64', os.version: '6.1', java.version: '1.8.0_121'
Driver info: driver.version: RemoteWebDriver]]>
    </line>
    <line>
      <![CDATA[chrome not reachable
  (Session info: chrome=57.0.2987.133)
  (Driver info: chromedriver=2.29.461591 (62ebf098771772160f391d75e589dc567915b233),platform=Windows NT 6.1.7600 x86_64) (WARNING: The server did not provide any stacktrace information)
Command duration or timeout: 4.01 seconds
Build info: version: '2.2.1', revision: '16551', time: '2012-04-11 21:42:35'
System info: os.name: 'Windows 7', os.arch: 'amd64', os.version: '6.1', java.version: '1.8.0_121'
Driver info: driver.version: RemoteWebDriver]]>
    </line>
    <line>
      <![CDATA[chrome not reachable
  (Session info: chrome=57.0.2987.133)
  (Driver info: chromedriver=2.29.461591 (62ebf098771772160f391d75e589dc567915b233),platform=Windows NT 6.1.7600 x86_64) (WARNING: The server did not provide any stacktrace information)
Command duration or timeout: 4.03 seconds
Build info: version: '2.2.1', revision: '16551', time: '2012-04-11 21:42:35'
System info: os.name: 'Windows 7', os.arch: 'amd64', os.version: '6.1', java.version: '1.8.0_121'
Driver info: driver.version: RemoteWebDriver]]>
    </line>
    <line>
      <![CDATA[chrome not reachable
  (Session info: chrome=57.0.2987.133)
  (Driver info: chromedriver=2.29.461591 (62ebf098771772160f391d75e589dc567915b233),platform=Windows NT 6.1.7600 x86_64) (WARNING: The server did not provide any stacktrace information)
Command duration or timeout: 4.00 seconds
Build info: version: '2.2.1', revision: '16551', time: '2012-04-11 21:42:35'
System info: os.name: 'Windows 7', os.arch: 'amd64', os.version: '6.1', java.version: '1.8.0_121'
Driver info: driver.version: RemoteWebDriver]]>
    </line>
    <line>
      <![CDATA[chrome not reachable
  (Session info: chrome=57.0.2987.133)
  (Driver info: chromedriver=2.29.461591 (62ebf098771772160f391d75e589dc567915b233),platform=Windows NT 6.1.7600 x86_64) (WARNING: The server did not provide any stacktrace information)
Command duration or timeout: 4.00 seconds
Build info: version: '2.2.1', revision: '16551', time: '2012-04-11 21:42:35'
System info: os.name: 'Windows 7', os.arch: 'amd64', os.version: '6.1', java.version: '1.8.0_121'
Driver info: driver.version: RemoteWebDriver]]>
    </line>
    <line>
      <![CDATA[chrome not reachable
  (Session info: chrome=57.0.2987.133)
  (Driver info: chromedriver=2.29.461591 (62ebf098771772160f391d75e589dc567915b233),platform=Windows NT 6.1.7600 x86_64) (WARNING: The server did not provide any stacktrace information)
Command duration or timeout: 4.00 seconds
Build info: version: '2.2.1', revision: '16551', time: '2012-04-11 21:42:35'
System info: os.name: 'Windows 7', os.arch: 'amd64', os.version: '6.1', java.version: '1.8.0_121'
Driver info: driver.version: RemoteWebDriver]]>
    </line>
    <line>
      <![CDATA[chrome not reachable
  (Session info: chrome=57.0.2987.133)
  (Driver info: chromedriver=2.29.461591 (62ebf098771772160f391d75e589dc567915b233),platform=Windows NT 6.1.7600 x86_64) (WARNING: The server did not provide any stacktrace information)
Command duration or timeout: 4.03 seconds
Build info: version: '2.2.1', revision: '16551', time: '2012-04-11 21:42:35'
System info: os.name: 'Windows 7', os.arch: 'amd64', os.version: '6.1', java.version: '1.8.0_121'
Driver info: driver.version: RemoteWebDriver]]>
    </line>
    <line>
      <![CDATA[chrome not reachable
  (Session info: chrome=57.0.2987.133)
  (Driver info: chromedriver=2.29.461591 (62ebf098771772160f391d75e589dc567915b233),platform=Windows NT 6.1.7600 x86_64) (WARNING: The server did not provide any stacktrace information)
Command duration or timeout: 4.01 seconds
Build info: version: '2.2.1', revision: '16551', time: '2012-04-11 21:42:35'
System info: os.name: 'Windows 7', os.arch: 'amd64', os.version: '6.1', java.version: '1.8.0_121'
Driver info: driver.version: RemoteWebDriver]]>
    </line>
    <line>
      <![CDATA[chrome not reachable
  (Session info: chrome=57.0.2987.133)
  (Driver info: chromedriver=2.29.461591 (62ebf098771772160f391d75e589dc567915b233),platform=Windows NT 6.1.7600 x86_64) (WARNING: The server did not provide any stacktrace information)
Command duration or timeout: 4.01 seconds
Build info: version: '2.2.1', revision: '16551', time: '2012-04-11 21:42:35'
System info: os.name: 'Windows 7', os.arch: 'amd64', os.version: '6.1', java.version: '1.8.0_121'
Driver info: driver.version: RemoteWebDriver]]>
    </line>
    <line>
      <![CDATA[chrome not reachable
  (Session info: chrome=57.0.2987.133)
  (Driver info: chromedriver=2.29.461591 (62ebf098771772160f391d75e589dc567915b233),platform=Windows NT 6.1.7600 x86_64) (WARNING: The server did not provide any stacktrace information)
Command duration or timeout: 4.01 seconds
Build info: version: '2.2.1', revision: '16551', time: '2012-04-11 21:42:35'
System info: os.name: 'Windows 7', os.arch: 'amd64', os.version: '6.1', java.version: '1.8.0_121'
Driver info: driver.version: RemoteWebDriver]]>
    </line>
    <line>
      <![CDATA[chrome not reachable
  (Session info: chrome=57.0.2987.133)
  (Driver info: chromedriver=2.29.461591 (62ebf098771772160f391d75e589dc567915b233),platform=Windows NT 6.1.7600 x86_64) (WARNING: The server did not provide any stacktrace information)
Command duration or timeout: 4.01 seconds
Build info: version: '2.2.1', revision: '16551', time: '2012-04-11 21:42:35'
System info: os.name: 'Windows 7', os.arch: 'amd64', os.version: '6.1', java.version: '1.8.0_121'
Driver info: driver.version: RemoteWebDriver]]>
    </line>
    <line>
      <![CDATA[chrome not reachable
  (Session info: chrome=57.0.2987.133)
  (Driver info: chromedriver=2.29.461591 (62ebf098771772160f391d75e589dc567915b233),platform=Windows NT 6.1.7600 x86_64) (WARNING: The server did not provide any stacktrace information)
Command duration or timeout: 4.01 seconds
Build info: version: '2.2.1', revision: '16551', time: '2012-04-11 21:42:35'
System info: os.name: 'Windows 7', os.arch: 'amd64', os.version: '6.1', java.version: '1.8.0_121'
Driver info: driver.version: RemoteWebDriver]]>
    </line>
    <line>
      <![CDATA[chrome not reachable
  (Session info: chrome=57.0.2987.133)
  (Driver info: chromedriver=2.29.461591 (62ebf098771772160f391d75e589dc567915b233),platform=Windows NT 6.1.7600 x86_64) (WARNING: The server did not provide any stacktrace information)
Command duration or timeout: 4.00 seconds
Build info: version: '2.2.1', revision: '16551', time: '2012-04-11 21:42:35'
System info: os.name: 'Windows 7', os.arch: 'amd64', os.version: '6.1', java.version: '1.8.0_121'
Driver info: driver.version: RemoteWebDriver]]>
    </line>
    <line>
      <![CDATA[chrome not reachable
  (Session info: chrome=57.0.2987.133)
  (Driver info: chromedriver=2.29.461591 (62ebf098771772160f391d75e589dc567915b233),platform=Windows NT 6.1.7600 x86_64) (WARNING: The server did not provide any stacktrace information)
Command duration or timeout: 4.01 seconds
Build info: version: '2.2.1', revision: '16551', time: '2012-04-11 21:42:35'
System info: os.name: 'Windows 7', os.arch: 'amd64', os.version: '6.1', java.version: '1.8.0_121'
Driver info: driver.version: RemoteWebDriver]]>
    </line>
    <line>
      <![CDATA[chrome not reachable
  (Session info: chrome=57.0.2987.133)
  (Driver info: chromedriver=2.29.461591 (62ebf098771772160f391d75e589dc567915b233),platform=Windows NT 6.1.7600 x86_64) (WARNING: The server did not provide any stacktrace information)
Command duration or timeout: 4.01 seconds
Build info: version: '2.2.1', revision: '16551', time: '2012-04-11 21:42:35'
System info: os.name: 'Windows 7', os.arch: 'amd64', os.version: '6.1', java.version: '1.8.0_121'
Driver info: driver.version: RemoteWebDriver]]>
    </line>
    <line>
      <![CDATA[chrome not reachable
  (Session info: chrome=57.0.2987.133)
  (Driver info: chromedriver=2.29.461591 (62ebf098771772160f391d75e589dc567915b233),platform=Windows NT 6.1.7600 x86_64) (WARNING: The server did not provide any stacktrace information)
Command duration or timeout: 4.09 seconds
Build info: version: '2.2.1', revision: '16551', time: '2012-04-11 21:42:35'
System info: os.name: 'Windows 7', os.arch: 'amd64', os.version: '6.1', java.version: '1.8.0_121'
Driver info: driver.version: RemoteWebDriver]]>
    </line>
    <line>
      <![CDATA[chrome not reachable
  (Session info: chrome=57.0.2987.133)
  (Driver info: chromedriver=2.29.461591 (62ebf098771772160f391d75e589dc567915b233),platform=Windows NT 6.1.7600 x86_64) (WARNING: The server did not provide any stacktrace information)
Command duration or timeout: 4.00 seconds
Build info: version: '2.2.1', revision: '16551', time: '2012-04-11 21:42:35'
System info: os.name: 'Windows 7', os.arch: 'amd64', os.version: '6.1', java.version: '1.8.0_121'
Driver info: driver.version: RemoteWebDriver]]>
    </line>
    <line>
      <![CDATA[chrome not reachable
  (Session info: chrome=57.0.2987.133)
  (Driver info: chromedriver=2.29.461591 (62ebf098771772160f391d75e589dc567915b233),platform=Windows NT 6.1.7600 x86_64) (WARNING: The server did not provide any stacktrace information)
Command duration or timeout: 4.06 seconds
Build info: version: '2.2.1', revision: '16551', time: '2012-04-11 21:42:35'
System info: os.name: 'Windows 7', os.arch: 'amd64', os.version: '6.1', java.version: '1.8.0_121'
Driver info: driver.version: RemoteWebDriver]]>
    </line>
    <line>
      <![CDATA[chrome not reachable
  (Session info: chrome=57.0.2987.133)
  (Driver info: chromedriver=2.29.461591 (62ebf098771772160f391d75e589dc567915b233),platform=Windows NT 6.1.7600 x86_64) (WARNING: The server did not provide any stacktrace information)
Command duration or timeout: 4.07 seconds
Build info: version: '2.2.1', revision: '16551', time: '2012-04-11 21:42:35'
System info: os.name: 'Windows 7', os.arch: 'amd64', os.version: '6.1', java.version: '1.8.0_121'
Driver info: driver.version: RemoteWebDriver]]>
    </line>
    <line>
      <![CDATA[chrome not reachable
  (Session info: chrome=57.0.2987.133)
  (Driver info: chromedriver=2.29.461591 (62ebf098771772160f391d75e589dc567915b233),platform=Windows NT 6.1.7600 x86_64) (WARNING: The server did not provide any stacktrace information)
Command duration or timeout: 4.01 seconds
Build info: version: '2.2.1', revision: '16551', time: '2012-04-11 21:42:35'
System info: os.name: 'Windows 7', os.arch: 'amd64', os.version: '6.1', java.version: '1.8.0_121'
Driver info: driver.version: RemoteWebDriver]]>
    </line>
    <line>
      <![CDATA[chrome not reachable
  (Session info: chrome=57.0.2987.133)
  (Driver info: chromedriver=2.29.461591 (62ebf098771772160f391d75e589dc567915b233),platform=Windows NT 6.1.7600 x86_64) (WARNING: The server did not provide any stacktrace information)
Command duration or timeout: 4.02 seconds
Build info: version: '2.2.1', revision: '16551', time: '2012-04-11 21:42:35'
System info: os.name: 'Windows 7', os.arch: 'amd64', os.version: '6.1', java.version: '1.8.0_121'
Driver info: driver.version: RemoteWebDriver]]>
    </line>
    <line>
      <![CDATA[chrome not reachable
  (Session info: chrome=57.0.2987.133)
  (Driver info: chromedriver=2.29.461591 (62ebf098771772160f391d75e589dc567915b233),platform=Windows NT 6.1.7600 x86_64) (WARNING: The server did not provide any stacktrace information)
Command duration or timeout: 4.00 seconds
Build info: version: '2.2.1', revision: '16551', time: '2012-04-11 21:42:35'
System info: os.name: 'Windows 7', os.arch: 'amd64', os.version: '6.1', java.version: '1.8.0_121'
Driver info: driver.version: RemoteWebDriver]]>
    </line>
    <line>
      <![CDATA[chrome not reachable
  (Session info: chrome=57.0.2987.133)
  (Driver info: chromedriver=2.29.461591 (62ebf098771772160f391d75e589dc567915b233),platform=Windows NT 6.1.7600 x86_64) (WARNING: The server did not provide any stacktrace information)
Command duration or timeout: 4.00 seconds
Build info: version: '2.2.1', revision: '16551', time: '2012-04-11 21:42:35'
System info: os.name: 'Windows 7', os.arch: 'amd64', os.version: '6.1', java.version: '1.8.0_121'
Driver info: driver.version: RemoteWebDriver]]>
    </line>
    <line>
      <![CDATA[chrome not reachable
  (Session info: chrome=57.0.2987.133)
  (Driver info: chromedriver=2.29.461591 (62ebf098771772160f391d75e589dc567915b233),platform=Windows NT 6.1.7600 x86_64) (WARNING: The server did not provide any stacktrace information)
Command duration or timeout: 4.01 seconds
Build info: version: '2.2.1', revision: '16551', time: '2012-04-11 21:42:35'
System info: os.name: 'Windows 7', os.arch: 'amd64', os.version: '6.1', java.version: '1.8.0_121'
Driver info: driver.version: RemoteWebDriver]]>
    </line>
    <line>
      <![CDATA[chrome not reachable
  (Session info: chrome=57.0.2987.133)
  (Driver info: chromedriver=2.29.461591 (62ebf098771772160f391d75e589dc567915b233),platform=Windows NT 6.1.7600 x86_64) (WARNING: The server did not provide any stacktrace information)
Command duration or timeout: 4.03 seconds
Build info: version: '2.2.1', revision: '16551', time: '2012-04-11 21:42:35'
System info: os.name: 'Windows 7', os.arch: 'amd64', os.version: '6.1', java.version: '1.8.0_121'
Driver info: driver.version: RemoteWebDriver]]>
    </line>
    <line>
      <![CDATA[chrome not reachable
  (Session info: chrome=57.0.2987.133)
  (Driver info: chromedriver=2.29.461591 (62ebf098771772160f391d75e589dc567915b233),platform=Windows NT 6.1.7600 x86_64) (WARNING: The server did not provide any stacktrace information)
Command duration or timeout: 4.01 seconds
Build info: version: '2.2.1', revision: '16551', time: '2012-04-11 21:42:35'
System info: os.name: 'Windows 7', os.arch: 'amd64', os.version: '6.1', java.version: '1.8.0_121'
Driver info: driver.version: RemoteWebDriver]]>
    </line>
    <line>
      <![CDATA[chrome not reachable
  (Session info: chrome=57.0.2987.133)
  (Driver info: chromedriver=2.29.461591 (62ebf098771772160f391d75e589dc567915b233),platform=Windows NT 6.1.7600 x86_64) (WARNING: The server did not provide any stacktrace information)
Command duration or timeout: 4.01 seconds
Build info: version: '2.2.1', revision: '16551', time: '2012-04-11 21:42:35'
System info: os.name: 'Windows 7', os.arch: 'amd64', os.version: '6.1', java.version: '1.8.0_121'
Driver info: driver.version: RemoteWebDriver]]>
    </line>
    <line>
      <![CDATA[chrome not reachable
  (Session info: chrome=57.0.2987.133)
  (Driver info: chromedriver=2.29.461591 (62ebf098771772160f391d75e589dc567915b233),platform=Windows NT 6.1.7600 x86_64) (WARNING: The server did not provide any stacktrace information)
Command duration or timeout: 4.02 seconds
Build info: version: '2.2.1', revision: '16551', time: '2012-04-11 21:42:35'
System info: os.name: 'Windows 7', os.arch: 'amd64', os.version: '6.1', java.version: '1.8.0_121'
Driver info: driver.version: RemoteWebDriver]]>
    </line>
    <line>
      <![CDATA[TEST:----->>   << RP_36_verify_SelectBillType >>  ]]>
    </line>
    <line>
      <![CDATA[                                               ]]>
    </line>
    <line>
      <![CDATA[chrome not reachable
  (Session info: chrome=57.0.2987.133)
  (Driver info: chromedriver=2.29.461591 (62ebf098771772160f391d75e589dc567915b233),platform=Windows NT 6.1.7600 x86_64) (WARNING: The server did not provide any stacktrace information)
Command duration or timeout: 4.01 seconds
Build info: version: '2.2.1', revision: '16551', time: '2012-04-11 21:42:35'
System info: os.name: 'Windows 7', os.arch: 'amd64', os.version: '6.1', java.version: '1.8.0_121'
Driver info: driver.version: RemoteWebDriver]]>
    </line>
    <line>
      <![CDATA[chrome not reachable
  (Session info: chrome=57.0.2987.133)
  (Driver info: chromedriver=2.29.461591 (62ebf098771772160f391d75e589dc567915b233),platform=Windows NT 6.1.7600 x86_64) (WARNING: The server did not provide any stacktrace information)
Command duration or timeout: 4.01 seconds
Build info: version: '2.2.1', revision: '16551', time: '2012-04-11 21:42:35'
System info: os.name: 'Windows 7', os.arch: 'amd64', os.version: '6.1', java.version: '1.8.0_121'
Driver info: driver.version: RemoteWebDriver]]>
    </line>
    <line>
      <![CDATA[chrome not reachable
  (Session info: chrome=57.0.2987.133)
  (Driver info: chromedriver=2.29.461591 (62ebf098771772160f391d75e589dc567915b233),platform=Windows NT 6.1.7600 x86_64) (WARNING: The server did not provide any stacktrace information)
Command duration or timeout: 4.03 seconds
Build info: version: '2.2.1', revision: '16551', time: '2012-04-11 21:42:35'
System info: os.name: 'Windows 7', os.arch: 'amd64', os.version: '6.1', java.version: '1.8.0_121'
Driver info: driver.version: RemoteWebDriver]]>
    </line>
    <line>
      <![CDATA[chrome not reachable
  (Session info: chrome=57.0.2987.133)
  (Driver info: chromedriver=2.29.461591 (62ebf098771772160f391d75e589dc567915b233),platform=Windows NT 6.1.7600 x86_64) (WARNING: The server did not provide any stacktrace information)
Command duration or timeout: 4.01 seconds
Build info: version: '2.2.1', revision: '16551', time: '2012-04-11 21:42:35'
System info: os.name: 'Windows 7', os.arch: 'amd64', os.version: '6.1', java.version: '1.8.0_121'
Driver info: driver.version: RemoteWebDriver]]>
    </line>
    <line>
      <![CDATA[chrome not reachable
  (Session info: chrome=57.0.2987.133)
  (Driver info: chromedriver=2.29.461591 (62ebf098771772160f391d75e589dc567915b233),platform=Windows NT 6.1.7600 x86_64) (WARNING: The server did not provide any stacktrace information)
Command duration or timeout: 4.01 seconds
Build info: version: '2.2.1', revision: '16551', time: '2012-04-11 21:42:35'
System info: os.name: 'Windows 7', os.arch: 'amd64', os.version: '6.1', java.version: '1.8.0_121'
Driver info: driver.version: RemoteWebDriver]]>
    </line>
    <line>
      <![CDATA[chrome not reachable
  (Session info: chrome=57.0.2987.133)
  (Driver info: chromedriver=2.29.461591 (62ebf098771772160f391d75e589dc567915b233),platform=Windows NT 6.1.7600 x86_64) (WARNING: The server did not provide any stacktrace information)
Command duration or timeout: 4.03 seconds
Build info: version: '2.2.1', revision: '16551', time: '2012-04-11 21:42:35'
System info: os.name: 'Windows 7', os.arch: 'amd64', os.version: '6.1', java.version: '1.8.0_121'
Driver info: driver.version: RemoteWebDriver]]>
    </line>
    <line>
      <![CDATA[chrome not reachable
  (Session info: chrome=57.0.2987.133)
  (Driver info: chromedriver=2.29.461591 (62ebf098771772160f391d75e589dc567915b233),platform=Windows NT 6.1.7600 x86_64) (WARNING: The server did not provide any stacktrace information)
Command duration or timeout: 4.02 seconds
Build info: version: '2.2.1', revision: '16551', time: '2012-04-11 21:42:35'
System info: os.name: 'Windows 7', os.arch: 'amd64', os.version: '6.1', java.version: '1.8.0_121'
Driver info: driver.version: RemoteWebDriver]]>
    </line>
    <line>
      <![CDATA[chrome not reachable
  (Session info: chrome=57.0.2987.133)
  (Driver info: chromedriver=2.29.461591 (62ebf098771772160f391d75e589dc567915b233),platform=Windows NT 6.1.7600 x86_64) (WARNING: The server did not provide any stacktrace information)
Command duration or timeout: 4.02 seconds
Build info: version: '2.2.1', revision: '16551', time: '2012-04-11 21:42:35'
System info: os.name: 'Windows 7', os.arch: 'amd64', os.version: '6.1', java.version: '1.8.0_121'
Driver info: driver.version: RemoteWebDriver]]>
    </line>
    <line>
      <![CDATA[chrome not reachable
  (Session info: chrome=57.0.2987.133)
  (Driver info: chromedriver=2.29.461591 (62ebf098771772160f391d75e589dc567915b233),platform=Windows NT 6.1.7600 x86_64) (WARNING: The server did not provide any stacktrace information)
Command duration or timeout: 4.01 seconds
Build info: version: '2.2.1', revision: '16551', time: '2012-04-11 21:42:35'
System info: os.name: 'Windows 7', os.arch: 'amd64', os.version: '6.1', java.version: '1.8.0_121'
Driver info: driver.version: RemoteWebDriver]]>
    </line>
    <line>
      <![CDATA[chrome not reachable
  (Session info: chrome=57.0.2987.133)
  (Driver info: chromedriver=2.29.461591 (62ebf098771772160f391d75e589dc567915b233),platform=Windows NT 6.1.7600 x86_64) (WARNING: The server did not provide any stacktrace information)
Command duration or timeout: 4.01 seconds
Build info: version: '2.2.1', revision: '16551', time: '2012-04-11 21:42:35'
System info: os.name: 'Windows 7', os.arch: 'amd64', os.version: '6.1', java.version: '1.8.0_121'
Driver info: driver.version: RemoteWebDriver]]>
    </line>
    <line>
      <![CDATA[chrome not reachable
  (Session info: chrome=57.0.2987.133)
  (Driver info: chromedriver=2.29.461591 (62ebf098771772160f391d75e589dc567915b233),platform=Windows NT 6.1.7600 x86_64) (WARNING: The server did not provide any stacktrace information)
Command duration or timeout: 4.03 seconds
Build info: version: '2.2.1', revision: '16551', time: '2012-04-11 21:42:35'
System info: os.name: 'Windows 7', os.arch: 'amd64', os.version: '6.1', java.version: '1.8.0_121'
Driver info: driver.version: RemoteWebDriver]]>
    </line>
    <line>
      <![CDATA[chrome not reachable
  (Session info: chrome=57.0.2987.133)
  (Driver info: chromedriver=2.29.461591 (62ebf098771772160f391d75e589dc567915b233),platform=Windows NT 6.1.7600 x86_64) (WARNING: The server did not provide any stacktrace information)
Command duration or timeout: 4.01 seconds
Build info: version: '2.2.1', revision: '16551', time: '2012-04-11 21:42:35'
System info: os.name: 'Windows 7', os.arch: 'amd64', os.version: '6.1', java.version: '1.8.0_121'
Driver info: driver.version: RemoteWebDriver]]>
    </line>
    <line>
      <![CDATA[chrome not reachable
  (Session info: chrome=57.0.2987.133)
  (Driver info: chromedriver=2.29.461591 (62ebf098771772160f391d75e589dc567915b233),platform=Windows NT 6.1.7600 x86_64) (WARNING: The server did not provide any stacktrace information)
Command duration or timeout: 4.03 seconds
Build info: version: '2.2.1', revision: '16551', time: '2012-04-11 21:42:35'
System info: os.name: 'Windows 7', os.arch: 'amd64', os.version: '6.1', java.version: '1.8.0_121'
Driver info: driver.version: RemoteWebDriver]]>
    </line>
    <line>
      <![CDATA[chrome not reachable
  (Session info: chrome=57.0.2987.133)
  (Driver info: chromedriver=2.29.461591 (62ebf098771772160f391d75e589dc567915b233),platform=Windows NT 6.1.7600 x86_64) (WARNING: The server did not provide any stacktrace information)
Command duration or timeout: 4.00 seconds
Build info: version: '2.2.1', revision: '16551', time: '2012-04-11 21:42:35'
System info: os.name: 'Windows 7', os.arch: 'amd64', os.version: '6.1', java.version: '1.8.0_121'
Driver info: driver.version: RemoteWebDriver]]>
    </line>
    <line>
      <![CDATA[chrome not reachable
  (Session info: chrome=57.0.2987.133)
  (Driver info: chromedriver=2.29.461591 (62ebf098771772160f391d75e589dc567915b233),platform=Windows NT 6.1.7600 x86_64) (WARNING: The server did not provide any stacktrace information)
Command duration or timeout: 4.00 seconds
Build info: version: '2.2.1', revision: '16551', time: '2012-04-11 21:42:35'
System info: os.name: 'Windows 7', os.arch: 'amd64', os.version: '6.1', java.version: '1.8.0_121'
Driver info: driver.version: RemoteWebDriver]]>
    </line>
    <line>
      <![CDATA[chrome not reachable
  (Session info: chrome=57.0.2987.133)
  (Driver info: chromedriver=2.29.461591 (62ebf098771772160f391d75e589dc567915b233),platform=Windows NT 6.1.7600 x86_64) (WARNING: The server did not provide any stacktrace information)
Command duration or timeout: 4.01 seconds
Build info: version: '2.2.1', revision: '16551', time: '2012-04-11 21:42:35'
System info: os.name: 'Windows 7', os.arch: 'amd64', os.version: '6.1', java.version: '1.8.0_121'
Driver info: driver.version: RemoteWebDriver]]>
    </line>
    <line>
      <![CDATA[chrome not reachable
  (Session info: chrome=57.0.2987.133)
  (Driver info: chromedriver=2.29.461591 (62ebf098771772160f391d75e589dc567915b233),platform=Windows NT 6.1.7600 x86_64) (WARNING: The server did not provide any stacktrace information)
Command duration or timeout: 4.01 seconds
Build info: version: '2.2.1', revision: '16551', time: '2012-04-11 21:42:35'
System info: os.name: 'Windows 7', os.arch: 'amd64', os.version: '6.1', java.version: '1.8.0_121'
Driver info: driver.version: RemoteWebDriver]]>
    </line>
    <line>
      <![CDATA[chrome not reachable
  (Session info: chrome=57.0.2987.133)
  (Driver info: chromedriver=2.29.461591 (62ebf098771772160f391d75e589dc567915b233),platform=Windows NT 6.1.7600 x86_64) (WARNING: The server did not provide any stacktrace information)
Command duration or timeout: 4.01 seconds
Build info: version: '2.2.1', revision: '16551', time: '2012-04-11 21:42:35'
System info: os.name: 'Windows 7', os.arch: 'amd64', os.version: '6.1', java.version: '1.8.0_121'
Driver info: driver.version: RemoteWebDriver]]>
    </line>
    <line>
      <![CDATA[chrome not reachable
  (Session info: chrome=57.0.2987.133)
  (Driver info: chromedriver=2.29.461591 (62ebf098771772160f391d75e589dc567915b233),platform=Windows NT 6.1.7600 x86_64) (WARNING: The server did not provide any stacktrace information)
Command duration or timeout: 4.02 seconds
Build info: version: '2.2.1', revision: '16551', time: '2012-04-11 21:42:35'
System info: os.name: 'Windows 7', os.arch: 'amd64', os.version: '6.1', java.version: '1.8.0_121'
Driver info: driver.version: RemoteWebDriver]]>
    </line>
    <line>
      <![CDATA[chrome not reachable
  (Session info: chrome=57.0.2987.133)
  (Driver info: chromedriver=2.29.461591 (62ebf098771772160f391d75e589dc567915b233),platform=Windows NT 6.1.7600 x86_64) (WARNING: The server did not provide any stacktrace information)
Command duration or timeout: 4.00 seconds
Build info: version: '2.2.1', revision: '16551', time: '2012-04-11 21:42:35'
System info: os.name: 'Windows 7', os.arch: 'amd64', os.version: '6.1', java.version: '1.8.0_121'
Driver info: driver.version: RemoteWebDriver]]>
    </line>
    <line>
      <![CDATA[                               ]]>
    </line>
  </reporter-output>
  <suite name="Command line suite" duration-ms="512060" started-at="2017-05-08T04:38:36Z" finished-at="2017-05-08T04:47:08Z">
    <groups>
      <group name="negative">
        <method signature="Bill_Settlement_Lib_Test.BS_106_Verify_Amount_Accepting_LessThan_Netamount()[pri:2, instance:com.testScripts.Bill_Settlement_Lib_Test@794cb805]" name="BS_106_Verify_Amount_Accepting_LessThan_Netamount" class="com.testScripts.Bill_Settlement_Lib_Test"/>
        <method signature="Bill_Settlement_Lib_Test.BS_106_Verify_Amount_Accepting_MoreThan_Netamount()[pri:3, instance:com.testScripts.Bill_Settlement_Lib_Test@794cb805]" name="BS_106_Verify_Amount_Accepting_MoreThan_Netamount" class="com.testScripts.Bill_Settlement_Lib_Test"/>
        <method signature="Bill_Settlement_Lib_Test.BS_115_Verify_Amount_Accepting_AlphaNumerics_Invalid()[pri:5, instance:com.testScripts.Bill_Settlement_Lib_Test@794cb805]" name="BS_115_Verify_Amount_Accepting_AlphaNumerics_Invalid" class="com.testScripts.Bill_Settlement_Lib_Test"/>
        <method signature="Bill_Settlement_Lib_Test.BS_115_Verify_Amount_Accepting_Alphabets_Invalid()[pri:4, instance:com.testScripts.Bill_Settlement_Lib_Test@794cb805]" name="BS_115_Verify_Amount_Accepting_Alphabets_Invalid" class="com.testScripts.Bill_Settlement_Lib_Test"/>
        <method signature="Bill_Settlement_Lib_Test.BS_115_Verify_Amount_Accepting_SpecialCharacters_Invalid()[pri:6, instance:com.testScripts.Bill_Settlement_Lib_Test@794cb805]" name="BS_115_Verify_Amount_Accepting_SpecialCharacters_Invalid" class="com.testScripts.Bill_Settlement_Lib_Test"/>
        <method signature="Bill_Settlement_Lib_Test.BS_116_Verify_Amount_Leaving_Blank_Invalid()[pri:7, instance:com.testScripts.Bill_Settlement_Lib_Test@794cb805]" name="BS_116_Verify_Amount_Leaving_Blank_Invalid" class="com.testScripts.Bill_Settlement_Lib_Test"/>
        <method signature="Bill_Settlement_Test.BS_103_Verify_Amount_Morethan_NetAmount_Invalid()[pri:53, instance:com.testScripts.Bill_Settlement_Test@4b5a5ed1]" name="BS_103_Verify_Amount_Morethan_NetAmount_Invalid" class="com.testScripts.Bill_Settlement_Test"/>
        <method signature="Bill_Settlement_Test.BS_104_Verify_Cheque_Date_Blank_Invalid()[pri:54, instance:com.testScripts.Bill_Settlement_Test@4b5a5ed1]" name="BS_104_Verify_Cheque_Date_Blank_Invalid" class="com.testScripts.Bill_Settlement_Test"/>
        <method signature="Bill_Settlement_Test.BS_224_Verify_Name_on_CreditCard_With_InValid_SpecialCharacters()[pri:2, instance:com.testScripts.Bill_Settlement_Test@4b5a5ed1]" name="BS_224_Verify_Name_on_CreditCard_With_InValid_SpecialCharacters" class="com.testScripts.Bill_Settlement_Test"/>
        <method signature="Bill_Settlement_Test.BS_225_Verify_Name_on_CreditCard_With_InValid_Numeric()[pri:3, instance:com.testScripts.Bill_Settlement_Test@4b5a5ed1]" name="BS_225_Verify_Name_on_CreditCard_With_InValid_Numeric" class="com.testScripts.Bill_Settlement_Test"/>
        <method signature="Bill_Settlement_Test.BS_226_Verify_Name_on_CreditCard_with_below_6_Characters_Invalid()[pri:8, instance:com.testScripts.Bill_Settlement_Test@4b5a5ed1]" name="BS_226_Verify_Name_on_CreditCard_with_below_6_Characters_Invalid" class="com.testScripts.Bill_Settlement_Test"/>
        <method signature="Bill_Settlement_Test.BS_227_Verify_Credit_Card_Number_with_Alphanumeric_Invalid()[pri:11, instance:com.testScripts.Bill_Settlement_Test@4b5a5ed1]" name="BS_227_Verify_Credit_Card_Number_with_Alphanumeric_Invalid" class="com.testScripts.Bill_Settlement_Test"/>
        <method signature="Bill_Settlement_Test.BS_228_Verify_Credit_Card_Number_with_Alphabets_Invalid()[pri:12, instance:com.testScripts.Bill_Settlement_Test@4b5a5ed1]" name="BS_228_Verify_Credit_Card_Number_with_Alphabets_Invalid" class="com.testScripts.Bill_Settlement_Test"/>
        <method signature="Bill_Settlement_Test.BS_229_Verify_BankName_with_Numeric_Invalid()[pri:25, instance:com.testScripts.Bill_Settlement_Test@4b5a5ed1]" name="BS_229_Verify_BankName_with_Numeric_Invalid" class="com.testScripts.Bill_Settlement_Test"/>
        <method signature="Bill_Settlement_Test.BS_230_Verify_BankName_with_AlphaNumeric_Invalid()[pri:26, instance:com.testScripts.Bill_Settlement_Test@4b5a5ed1]" name="BS_230_Verify_BankName_with_AlphaNumeric_Invalid" class="com.testScripts.Bill_Settlement_Test"/>
        <method signature="Bill_Settlement_Test.BS_231_Verify_Cheque_Number_with_Alphabets_Invalid()[pri:33, instance:com.testScripts.Bill_Settlement_Test@4b5a5ed1]" name="BS_231_Verify_Cheque_Number_with_Alphabets_Invalid" class="com.testScripts.Bill_Settlement_Test"/>
        <method signature="Bill_Settlement_Test.BS_232_Verify_Cheque_Number_with_AlphaNumeric_Invalid()[pri:34, instance:com.testScripts.Bill_Settlement_Test@4b5a5ed1]" name="BS_232_Verify_Cheque_Number_with_AlphaNumeric_Invalid" class="com.testScripts.Bill_Settlement_Test"/>
        <method signature="Bill_Settlement_Test.BS_233_Verify_BankName_with_below_3_Char_Invalid()[pri:35, instance:com.testScripts.Bill_Settlement_Test@4b5a5ed1]" name="BS_233_Verify_BankName_with_below_3_Char_Invalid" class="com.testScripts.Bill_Settlement_Test"/>
        <method signature="Bill_Settlement_Test.BS_234_Verify_Cheque_Payee_with_AlphaNumeric_Invalid()[pri:42, instance:com.testScripts.Bill_Settlement_Test@4b5a5ed1]" name="BS_234_Verify_Cheque_Payee_with_AlphaNumeric_Invalid" class="com.testScripts.Bill_Settlement_Test"/>
        <method signature="Bill_Settlement_Test.BS_235_Verify_Cheque_Payee_with_Numeric_Invalid()[pri:43, instance:com.testScripts.Bill_Settlement_Test@4b5a5ed1]" name="BS_235_Verify_Cheque_Payee_with_Numeric_Invalid" class="com.testScripts.Bill_Settlement_Test"/>
        <method signature="Bill_Settlement_Test.BS_52_Verify_Name_on_CreditCard_With_InValid_Alphanumeric()[pri:1, instance:com.testScripts.Bill_Settlement_Test@4b5a5ed1]" name="BS_52_Verify_Name_on_CreditCard_With_InValid_Alphanumeric" class="com.testScripts.Bill_Settlement_Test"/>
        <method signature="Bill_Settlement_Test.BS_53_Verify_Name_on_CreditCard_Without_Entering_Name()[pri:4, instance:com.testScripts.Bill_Settlement_Test@4b5a5ed1]" name="BS_53_Verify_Name_on_CreditCard_Without_Entering_Name" class="com.testScripts.Bill_Settlement_Test"/>
        <method signature="Bill_Settlement_Test.BS_56_Verify_Name_on_CreditCard_with_Morethan_30_Char_Invalid()[pri:7, instance:com.testScripts.Bill_Settlement_Test@4b5a5ed1]" name="BS_56_Verify_Name_on_CreditCard_with_Morethan_30_Char_Invalid" class="com.testScripts.Bill_Settlement_Test"/>
        <method signature="Bill_Settlement_Test.BS_58_Verify_Credit_Card_Number_with_SpecialChar_Invalid()[pri:10, instance:com.testScripts.Bill_Settlement_Test@4b5a5ed1]" name="BS_58_Verify_Credit_Card_Number_with_SpecialChar_Invalid" class="com.testScripts.Bill_Settlement_Test"/>
        <method signature="Bill_Settlement_Test.BS_59_Verify_Credit_Card_Number_with_Blank_Invalid()[pri:13, instance:com.testScripts.Bill_Settlement_Test@4b5a5ed1]" name="BS_59_Verify_Credit_Card_Number_with_Blank_Invalid" class="com.testScripts.Bill_Settlement_Test"/>
        <method signature="Bill_Settlement_Test.BS_61_Verify_Credit_Card_Number_with_Morethan_4_digits_Invalid()[pri:15, instance:com.testScripts.Bill_Settlement_Test@4b5a5ed1]" name="BS_61_Verify_Credit_Card_Number_with_Morethan_4_digits_Invalid" class="com.testScripts.Bill_Settlement_Test"/>
        <method signature="Bill_Settlement_Test.BS_62_Verify_Credit_Card_Number_with_below_4_digits_Invalid()[pri:16, instance:com.testScripts.Bill_Settlement_Test@4b5a5ed1]" name="BS_62_Verify_Credit_Card_Number_with_below_4_digits_Invalid" class="com.testScripts.Bill_Settlement_Test"/>
        <method signature="Bill_Settlement_Test.BS_65_Verify_Credit_Card_Type_with_Blank_Invalid()[pri:19, instance:com.testScripts.Bill_Settlement_Test@4b5a5ed1]" name="BS_65_Verify_Credit_Card_Type_with_Blank_Invalid" class="com.testScripts.Bill_Settlement_Test"/>
        <method signature="Bill_Settlement_Test.BS_67_Verify_Amount_with_Morethan_NetAmount()[pri:21, instance:com.testScripts.Bill_Settlement_Test@4b5a5ed1]" name="BS_67_Verify_Amount_with_Morethan_NetAmount" class="com.testScripts.Bill_Settlement_Test"/>
        <method signature="Bill_Settlement_Test.BS_70_Verify_BankName_with_SplChar_Invalid()[pri:24, instance:com.testScripts.Bill_Settlement_Test@4b5a5ed1]" name="BS_70_Verify_BankName_with_SplChar_Invalid" class="com.testScripts.Bill_Settlement_Test"/>
        <method signature="Bill_Settlement_Test.BS_71_Verify_BankName_with_Blank_Invalid()[pri:27, instance:com.testScripts.Bill_Settlement_Test@4b5a5ed1]" name="BS_71_Verify_BankName_with_Blank_Invalid" class="com.testScripts.Bill_Settlement_Test"/>
        <method signature="Bill_Settlement_Test.BS_74_Verify_BankName_with_Morethan_15_Char_Invalid()[pri:30, instance:com.testScripts.Bill_Settlement_Test@4b5a5ed1]" name="BS_74_Verify_BankName_with_Morethan_15_Char_Invalid" class="com.testScripts.Bill_Settlement_Test"/>
        <method signature="Bill_Settlement_Test.BS_76_Verify_Cheque_Number_with_Spl_Char_Invalid()[pri:32, instance:com.testScripts.Bill_Settlement_Test@4b5a5ed1]" name="BS_76_Verify_Cheque_Number_with_Spl_Char_Invalid" class="com.testScripts.Bill_Settlement_Test"/>
        <method signature="Bill_Settlement_Test.BS_77_Verify_Cheque_Number_with_Blank_Invalid()[pri:36, instance:com.testScripts.Bill_Settlement_Test@4b5a5ed1]" name="BS_77_Verify_Cheque_Number_with_Blank_Invalid" class="com.testScripts.Bill_Settlement_Test"/>
        <method signature="Bill_Settlement_Test.BS_79_Verify_Cheque_Number_with_Lessthan_6_Digits_Invalid()[pri:38, instance:com.testScripts.Bill_Settlement_Test@4b5a5ed1]" name="BS_79_Verify_Cheque_Number_with_Lessthan_6_Digits_Invalid" class="com.testScripts.Bill_Settlement_Test"/>
        <method signature="Bill_Settlement_Test.BS_80_Verify_Cheque_Number_with_Morethan_6_Digits_Invalid()[pri:39, instance:com.testScripts.Bill_Settlement_Test@4b5a5ed1]" name="BS_80_Verify_Cheque_Number_with_Morethan_6_Digits_Invalid" class="com.testScripts.Bill_Settlement_Test"/>
        <method signature="Bill_Settlement_Test.BS_82_Verify_Cheque_Payee_with_Spl_Char_Invalid()[pri:41, instance:com.testScripts.Bill_Settlement_Test@4b5a5ed1]" name="BS_82_Verify_Cheque_Payee_with_Spl_Char_Invalid" class="com.testScripts.Bill_Settlement_Test"/>
        <method signature="Bill_Settlement_Test.BS_84_Verify_Cheque_Payee_with_Lessthan_3_Char_Invalid()[pri:45, instance:com.testScripts.Bill_Settlement_Test@4b5a5ed1]" name="BS_84_Verify_Cheque_Payee_with_Lessthan_3_Char_Invalid" class="com.testScripts.Bill_Settlement_Test"/>
        <method signature="Bill_Settlement_Test.BS_86_Verify_Cheque_Payee_with_Morethan_20_Char_Invalid()[pri:47, instance:com.testScripts.Bill_Settlement_Test@4b5a5ed1]" name="BS_86_Verify_Cheque_Payee_with_Morethan_20_Char_Invalid" class="com.testScripts.Bill_Settlement_Test"/>
        <method signature="Bill_Settlement_Test.BS_87_Verify_Cheque_Payee_with_Blank_Invalid()[pri:48, instance:com.testScripts.Bill_Settlement_Test@4b5a5ed1]" name="BS_87_Verify_Cheque_Payee_with_Blank_Invalid" class="com.testScripts.Bill_Settlement_Test"/>
        <method signature="HomePage_Test.HP_01_Verify_HomePage()[pri:0, instance:com.testScripts.HomePage_Test@1ed1993a]" name="HP_01_Verify_HomePage" class="com.testScripts.HomePage_Test"/>
      </group> <!-- negative -->
      <group name="positive">
        <method signature="Bill_Settlement_Lib_Test.BS_105_Verify_Cash_Option_In_Paymentmode()[pri:0, instance:com.testScripts.Bill_Settlement_Lib_Test@794cb805]" name="BS_105_Verify_Cash_Option_In_Paymentmode" class="com.testScripts.Bill_Settlement_Lib_Test"/>
        <method signature="Bill_Settlement_Lib_Test.BS_106_Verify_Amount_Accepting_EqualTo_Netamount()[pri:1, instance:com.testScripts.Bill_Settlement_Lib_Test@794cb805]" name="BS_106_Verify_Amount_Accepting_EqualTo_Netamount" class="com.testScripts.Bill_Settlement_Lib_Test"/>
        <method signature="Bill_Settlement_Test.BS_100_Verify_Cheque_Date_with_Morethan_SystemDate()[pri:50, instance:com.testScripts.Bill_Settlement_Test@4b5a5ed1]" name="BS_100_Verify_Cheque_Date_with_Morethan_SystemDate" class="com.testScripts.Bill_Settlement_Test"/>
        <method signature="Bill_Settlement_Test.BS_101_Verify_Cheque_Date_with_Lessthan_SystemDate()[pri:51, instance:com.testScripts.Bill_Settlement_Test@4b5a5ed1]" name="BS_101_Verify_Cheque_Date_with_Lessthan_SystemDate" class="com.testScripts.Bill_Settlement_Test"/>
        <method signature="Bill_Settlement_Test.BS_102_Verify_Amount_Lessthan_or_Equal_to_NetAmount()[pri:52, instance:com.testScripts.Bill_Settlement_Test@4b5a5ed1]" name="BS_102_Verify_Amount_Lessthan_or_Equal_to_NetAmount" class="com.testScripts.Bill_Settlement_Test"/>
        <method signature="Bill_Settlement_Test.BS_51_Verify_Name_on_CreditCard_With_Valid_Alphabets()[pri:0, instance:com.testScripts.Bill_Settlement_Test@4b5a5ed1]" name="BS_51_Verify_Name_on_CreditCard_With_Valid_Alphabets" class="com.testScripts.Bill_Settlement_Test"/>
        <method signature="Bill_Settlement_Test.BS_54_Verify_Name_on_Credit_Card_Textbox_with_Minimum_6_Char_Valid()[pri:5, instance:com.testScripts.Bill_Settlement_Test@4b5a5ed1]" name="BS_54_Verify_Name_on_Credit_Card_Textbox_with_Minimum_6_Char_Valid" class="com.testScripts.Bill_Settlement_Test"/>
        <method signature="Bill_Settlement_Test.BS_55_Verify_Name_on_Credit_Card_Textbox_with_Maximum_30_Char_Valid()[pri:6, instance:com.testScripts.Bill_Settlement_Test@4b5a5ed1]" name="BS_55_Verify_Name_on_Credit_Card_Textbox_with_Maximum_30_Char_Valid" class="com.testScripts.Bill_Settlement_Test"/>
        <method signature="Bill_Settlement_Test.BS_57_Verify_CreditCard_Number_with_Numeric_Valid()[pri:9, instance:com.testScripts.Bill_Settlement_Test@4b5a5ed1]" name="BS_57_Verify_CreditCard_Number_with_Numeric_Valid" class="com.testScripts.Bill_Settlement_Test"/>
        <method signature="Bill_Settlement_Test.BS_60_Verify_CreditCard_Number_with_4_Digits_Valid()[pri:14, instance:com.testScripts.Bill_Settlement_Test@4b5a5ed1]" name="BS_60_Verify_CreditCard_Number_with_4_Digits_Valid" class="com.testScripts.Bill_Settlement_Test"/>
        <method signature="Bill_Settlement_Test.BS_63_Verify_Default_Option_At_Credit_Card_Type_Dropdown()[pri:17, instance:com.testScripts.Bill_Settlement_Test@4b5a5ed1]" name="BS_63_Verify_Default_Option_At_Credit_Card_Type_Dropdown" class="com.testScripts.Bill_Settlement_Test"/>
        <method signature="Bill_Settlement_Test.BS_64_Verify_Credit_Card_Type_Dropdown_Valid()[pri:18, instance:com.testScripts.Bill_Settlement_Test@4b5a5ed1]" name="BS_64_Verify_Credit_Card_Type_Dropdown_Valid" class="com.testScripts.Bill_Settlement_Test"/>
        <method signature="Bill_Settlement_Test.BS_66_Verify_Amount_Lessthan_or_Equal_to_NetAmount()[pri:20, instance:com.testScripts.Bill_Settlement_Test@4b5a5ed1]" name="BS_66_Verify_Amount_Lessthan_or_Equal_to_NetAmount" class="com.testScripts.Bill_Settlement_Test"/>
        <method signature="Bill_Settlement_Test.BS_68_Verify_PaymentMode_Cheque_Option()[pri:22, instance:com.testScripts.Bill_Settlement_Test@4b5a5ed1]" name="BS_68_Verify_PaymentMode_Cheque_Option" class="com.testScripts.Bill_Settlement_Test"/>
        <method signature="Bill_Settlement_Test.BS_69_Verify_BankName_with_Alphabets_Valid()[pri:23, instance:com.testScripts.Bill_Settlement_Test@4b5a5ed1]" name="BS_69_Verify_BankName_with_Alphabets_Valid" class="com.testScripts.Bill_Settlement_Test"/>
        <method signature="Bill_Settlement_Test.BS_72_Verify_BankName_with_Minimum_3_Char_Valid()[pri:28, instance:com.testScripts.Bill_Settlement_Test@4b5a5ed1]" name="BS_72_Verify_BankName_with_Minimum_3_Char_Valid" class="com.testScripts.Bill_Settlement_Test"/>
        <method signature="Bill_Settlement_Test.BS_73_Verify_BankName_with_Maximum_15_Char_Valid()[pri:29, instance:com.testScripts.Bill_Settlement_Test@4b5a5ed1]" name="BS_73_Verify_BankName_with_Maximum_15_Char_Valid" class="com.testScripts.Bill_Settlement_Test"/>
        <method signature="Bill_Settlement_Test.BS_75_Verify_Cheque_Number_with_Numeric_Valid()[pri:31, instance:com.testScripts.Bill_Settlement_Test@4b5a5ed1]" name="BS_75_Verify_Cheque_Number_with_Numeric_Valid" class="com.testScripts.Bill_Settlement_Test"/>
        <method signature="Bill_Settlement_Test.BS_78_Verify_Cheque_Number_with_Minimum_6_Digits_Valid()[pri:37, instance:com.testScripts.Bill_Settlement_Test@4b5a5ed1]" name="BS_78_Verify_Cheque_Number_with_Minimum_6_Digits_Valid" class="com.testScripts.Bill_Settlement_Test"/>
        <method signature="Bill_Settlement_Test.BS_81_Verify_Cheque_Payee_with_Alphabets_Valid()[pri:40, instance:com.testScripts.Bill_Settlement_Test@4b5a5ed1]" name="BS_81_Verify_Cheque_Payee_with_Alphabets_Valid" class="com.testScripts.Bill_Settlement_Test"/>
        <method signature="Bill_Settlement_Test.BS_83_Verify_Cheque_Payee_with_Minimum_3_Char_Valid()[pri:44, instance:com.testScripts.Bill_Settlement_Test@4b5a5ed1]" name="BS_83_Verify_Cheque_Payee_with_Minimum_3_Char_Valid" class="com.testScripts.Bill_Settlement_Test"/>
        <method signature="Bill_Settlement_Test.BS_85_Verify_Cheque_Payee_with_Maximum_20_Char_Valid()[pri:46, instance:com.testScripts.Bill_Settlement_Test@4b5a5ed1]" name="BS_85_Verify_Cheque_Payee_with_Maximum_20_Char_Valid" class="com.testScripts.Bill_Settlement_Test"/>
        <method signature="Bill_Settlement_Test.BS_99_Verify_Cheque_Date_format()[pri:49, instance:com.testScripts.Bill_Settlement_Test@4b5a5ed1]" name="BS_99_Verify_Cheque_Date_format" class="com.testScripts.Bill_Settlement_Test"/>
        <method signature="HomePage_Test.HP_01_Verify_HomePage()[pri:0, instance:com.testScripts.HomePage_Test@1ed1993a]" name="HP_01_Verify_HomePage" class="com.testScripts.HomePage_Test"/>
        <method signature="HomePage_Test.HP_04_Verify_StaffLoginPage()[pri:3, instance:com.testScripts.HomePage_Test@1ed1993a]" name="HP_04_Verify_StaffLoginPage" class="com.testScripts.HomePage_Test"/>
        <method signature="Staff_Login_Test.SL_11_Verify_Login_Valid_Username_Valid_Password()[pri:10, instance:com.testScripts.Staff_Login_Test@3cc2931c]" name="SL_11_Verify_Login_Valid_Username_Valid_Password" class="com.testScripts.Staff_Login_Test"/>
      </group> <!-- positive -->
    </groups>
    <test name="Command line test" duration-ms="512060" started-at="2017-05-08T04:38:36Z" finished-at="2017-05-08T04:47:08Z">
      <class name="com.testScripts.Reprint_Test">
        <test-method status="FAIL" signature="RP_01_Verify_Reprint_Page()[pri:0, instance:com.testScripts.Reprint_Test@59d016c9]" name="RP_01_Verify_Reprint_Page" duration-ms="23" started-at="2017-05-08T10:09:07Z" finished-at="2017-05-08T10:09:07Z">
          <exception class="org.openqa.selenium.NoSuchElementException">
            <message>
              <![CDATA[no such element: Unable to locate element: {"method":"xpath","selector":"//*[@id='wrapper']/nav/div[2]/ul/li[1]/a"}
  (Session info: chrome=57.0.2987.133)
  (Driver info: chromedriver=2.29.461591 (62ebf098771772160f391d75e589dc567915b233),platform=Windows NT 6.1.7600 x86_64) (WARNING: The server did not provide any stacktrace information)
Command duration or timeout: 23 milliseconds
For documentation on this error, please visit: http://seleniumhq.org/exceptions/no_such_element.html
Build info: version: '2.2.1', revision: '16551', time: '2012-04-11 21:42:35'
System info: os.name: 'Windows 7', os.arch: 'amd64', os.version: '6.1', java.version: '1.8.0_121'
Driver info: driver.version: RemoteWebDriver]]>
            </message>
            <full-stacktrace>
              <![CDATA[org.openqa.selenium.NoSuchElementException: no such element: Unable to locate element: {"method":"xpath","selector":"//*[@id='wrapper']/nav/div[2]/ul/li[1]/a"}
  (Session info: chrome=57.0.2987.133)
  (Driver info: chromedriver=2.29.461591 (62ebf098771772160f391d75e589dc567915b233),platform=Windows NT 6.1.7600 x86_64) (WARNING: The server did not provide any stacktrace information)
Command duration or timeout: 23 milliseconds
For documentation on this error, please visit: http://seleniumhq.org/exceptions/no_such_element.html
Build info: version: '2.2.1', revision: '16551', time: '2012-04-11 21:42:35'
System info: os.name: 'Windows 7', os.arch: 'amd64', os.version: '6.1', java.version: '1.8.0_121'
Driver info: driver.version: RemoteWebDriver
	at sun.reflect.NativeConstructorAccessorImpl.newInstance0(Native Method)
	at sun.reflect.NativeConstructorAccessorImpl.newInstance(NativeConstructorAccessorImpl.java:62)
	at sun.reflect.DelegatingConstructorAccessorImpl.newInstance(DelegatingConstructorAccessorImpl.java:45)
	at java.lang.reflect.Constructor.newInstance(Constructor.java:423)
	at org.openqa.selenium.remote.ErrorHandler.createThrowable(ErrorHandler.java:175)
	at org.openqa.selenium.remote.ErrorHandler.throwIfResponseFailed(ErrorHandler.java:128)
	at org.openqa.selenium.remote.RemoteWebDriver.execute(RemoteWebDriver.java:459)
	at org.openqa.selenium.remote.RemoteWebDriver.findElement(RemoteWebDriver.java:227)
	at org.openqa.selenium.remote.RemoteWebDriver.findElementByXPath(RemoteWebDriver.java:312)
	at org.openqa.selenium.By$ByXPath.findElement(By.java:344)
	at org.openqa.selenium.remote.RemoteWebDriver.findElement(RemoteWebDriver.java:219)
	at com.pageLibrary.Reprint.rp_01_verify_reprint_page(Reprint.java:33)
	at com.testScripts.Reprint_Test.RP_01_Verify_Reprint_Page(Reprint_Test.java:18)
	at sun.reflect.NativeMethodAccessorImpl.invoke0(Native Method)
	at sun.reflect.NativeMethodAccessorImpl.invoke(NativeMethodAccessorImpl.java:62)
	at sun.reflect.DelegatingMethodAccessorImpl.invoke(DelegatingMethodAccessorImpl.java:43)
	at java.lang.reflect.Method.invoke(Method.java:498)
	at org.testng.internal.MethodInvocationHelper.invokeMethod(MethodInvocationHelper.java:86)
	at org.testng.internal.Invoker.invokeMethod(Invoker.java:643)
	at org.testng.internal.Invoker.invokeTestMethod(Invoker.java:820)
	at org.testng.internal.Invoker.invokeTestMethods(Invoker.java:1128)
	at org.testng.internal.TestMethodWorker.invokeTestMethods(TestMethodWorker.java:129)
	at org.testng.internal.TestMethodWorker.run(TestMethodWorker.java:112)
	at org.testng.TestRunner.privateRun(TestRunner.java:782)
	at org.testng.TestRunner.run(TestRunner.java:632)
	at org.testng.SuiteRunner.runTest(SuiteRunner.java:366)
	at org.testng.SuiteRunner.runSequentially(SuiteRunner.java:361)
	at org.testng.SuiteRunner.privateRun(SuiteRunner.java:319)
	at org.testng.SuiteRunner.run(SuiteRunner.java:268)
	at org.testng.SuiteRunnerWorker.runSuite(SuiteRunnerWorker.java:52)
	at org.testng.SuiteRunnerWorker.run(SuiteRunnerWorker.java:86)
	at org.testng.TestNG.runSuitesSequentially(TestNG.java:1244)
	at org.testng.TestNG.runSuitesLocally(TestNG.java:1169)
	at org.testng.TestNG.run(TestNG.java:1064)
	at org.apache.maven.surefire.testng.TestNGExecutor.run(TestNGExecutor.java:77)
	at org.apache.maven.surefire.testng.TestNGDirectoryTestSuite.executeMulti(TestNGDirectoryTestSuite.java:159)
	at org.apache.maven.surefire.testng.TestNGDirectoryTestSuite.execute(TestNGDirectoryTestSuite.java:99)
	at org.apache.maven.surefire.testng.TestNGProvider.invoke(TestNGProvider.java:106)
	at sun.reflect.NativeMethodAccessorImpl.invoke0(Native Method)
	at sun.reflect.NativeMethodAccessorImpl.invoke(NativeMethodAccessorImpl.java:62)
	at sun.reflect.DelegatingMethodAccessorImpl.invoke(DelegatingMethodAccessorImpl.java:43)
	at java.lang.reflect.Method.invoke(Method.java:498)
	at org.apache.maven.surefire.util.ReflectionUtils.invokeMethodWithArray(ReflectionUtils.java:189)
	at org.apache.maven.surefire.booter.ProviderFactory$ProviderProxy.invoke(ProviderFactory.java:165)
	at org.apache.maven.surefire.booter.ProviderFactory.invokeProvider(ProviderFactory.java:85)
	at org.apache.maven.surefire.booter.ForkedBooter.runSuitesInProcess(ForkedBooter.java:115)
	at org.apache.maven.surefire.booter.ForkedBooter.main(ForkedBooter.java:75)
]]>
            </full-stacktrace>
          </exception> <!-- org.openqa.selenium.NoSuchElementException -->
          <reporter-output>
          </reporter-output>
        </test-method> <!-- RP_01_Verify_Reprint_Page -->
        <test-method status="FAIL" signature="RP_02_Verify_Main_Heading()[pri:1, instance:com.testScripts.Reprint_Test@59d016c9]" name="RP_02_Verify_Main_Heading" duration-ms="4006" started-at="2017-05-08T10:09:28Z" finished-at="2017-05-08T10:09:32Z">
          <exception class="org.openqa.selenium.WebDriverException">
            <message>
              <![CDATA[chrome not reachable
  (Session info: chrome=57.0.2987.133)
  (Driver info: chromedriver=2.29.461591 (62ebf098771772160f391d75e589dc567915b233),platform=Windows NT 6.1.7600 x86_64) (WARNING: The server did not provide any stacktrace information)
Command duration or timeout: 4.01 seconds
Build info: version: '2.2.1', revision: '16551', time: '2012-04-11 21:42:35'
System info: os.name: 'Windows 7', os.arch: 'amd64', os.version: '6.1', java.version: '1.8.0_121'
Driver info: driver.version: RemoteWebDriver]]>
            </message>
            <full-stacktrace>
              <![CDATA[org.openqa.selenium.WebDriverException: chrome not reachable
  (Session info: chrome=57.0.2987.133)
  (Driver info: chromedriver=2.29.461591 (62ebf098771772160f391d75e589dc567915b233),platform=Windows NT 6.1.7600 x86_64) (WARNING: The server did not provide any stacktrace information)
Command duration or timeout: 4.01 seconds
Build info: version: '2.2.1', revision: '16551', time: '2012-04-11 21:42:35'
System info: os.name: 'Windows 7', os.arch: 'amd64', os.version: '6.1', java.version: '1.8.0_121'
Driver info: driver.version: RemoteWebDriver
	at sun.reflect.NativeConstructorAccessorImpl.newInstance0(Native Method)
	at sun.reflect.NativeConstructorAccessorImpl.newInstance(NativeConstructorAccessorImpl.java:62)
	at sun.reflect.DelegatingConstructorAccessorImpl.newInstance(DelegatingConstructorAccessorImpl.java:45)
	at java.lang.reflect.Constructor.newInstance(Constructor.java:423)
	at org.openqa.selenium.remote.ErrorHandler.createThrowable(ErrorHandler.java:175)
	at org.openqa.selenium.remote.ErrorHandler.throwIfResponseFailed(ErrorHandler.java:128)
	at org.openqa.selenium.remote.RemoteWebDriver.execute(RemoteWebDriver.java:459)
	at org.openqa.selenium.remote.RemoteWebDriver.findElement(RemoteWebDriver.java:227)
	at org.openqa.selenium.remote.RemoteWebDriver.findElementByXPath(RemoteWebDriver.java:312)
	at org.openqa.selenium.By$ByXPath.findElement(By.java:344)
	at org.openqa.selenium.remote.RemoteWebDriver.findElement(RemoteWebDriver.java:219)
	at com.pageLibrary.Reprint.rp_02_verify_main_heading(Reprint.java:49)
	at com.testScripts.Reprint_Test.RP_02_Verify_Main_Heading(Reprint_Test.java:24)
	at sun.reflect.NativeMethodAccessorImpl.invoke0(Native Method)
	at sun.reflect.NativeMethodAccessorImpl.invoke(NativeMethodAccessorImpl.java:62)
	at sun.reflect.DelegatingMethodAccessorImpl.invoke(DelegatingMethodAccessorImpl.java:43)
	at java.lang.reflect.Method.invoke(Method.java:498)
	at org.testng.internal.MethodInvocationHelper.invokeMethod(MethodInvocationHelper.java:86)
	at org.testng.internal.Invoker.invokeMethod(Invoker.java:643)
	at org.testng.internal.Invoker.invokeTestMethod(Invoker.java:820)
	at org.testng.internal.Invoker.invokeTestMethods(Invoker.java:1128)
	at org.testng.internal.TestMethodWorker.invokeTestMethods(TestMethodWorker.java:129)
	at org.testng.internal.TestMethodWorker.run(TestMethodWorker.java:112)
	at org.testng.TestRunner.privateRun(TestRunner.java:782)
	at org.testng.TestRunner.run(TestRunner.java:632)
	at org.testng.SuiteRunner.runTest(SuiteRunner.java:366)
	at org.testng.SuiteRunner.runSequentially(SuiteRunner.java:361)
	at org.testng.SuiteRunner.privateRun(SuiteRunner.java:319)
	at org.testng.SuiteRunner.run(SuiteRunner.java:268)
	at org.testng.SuiteRunnerWorker.runSuite(SuiteRunnerWorker.java:52)
	at org.testng.SuiteRunnerWorker.run(SuiteRunnerWorker.java:86)
	at org.testng.TestNG.runSuitesSequentially(TestNG.java:1244)
	at org.testng.TestNG.runSuitesLocally(TestNG.java:1169)
	at org.testng.TestNG.run(TestNG.java:1064)
	at org.apache.maven.surefire.testng.TestNGExecutor.run(TestNGExecutor.java:77)
	at org.apache.maven.surefire.testng.TestNGDirectoryTestSuite.executeMulti(TestNGDirectoryTestSuite.java:159)
	at org.apache.maven.surefire.testng.TestNGDirectoryTestSuite.execute(TestNGDirectoryTestSuite.java:99)
	at org.apache.maven.surefire.testng.TestNGProvider.invoke(TestNGProvider.java:106)
	at sun.reflect.NativeMethodAccessorImpl.invoke0(Native Method)
	at sun.reflect.NativeMethodAccessorImpl.invoke(NativeMethodAccessorImpl.java:62)
	at sun.reflect.DelegatingMethodAccessorImpl.invoke(DelegatingMethodAccessorImpl.java:43)
	at java.lang.reflect.Method.invoke(Method.java:498)
	at org.apache.maven.surefire.util.ReflectionUtils.invokeMethodWithArray(ReflectionUtils.java:189)
	at org.apache.maven.surefire.booter.ProviderFactory$ProviderProxy.invoke(ProviderFactory.java:165)
	at org.apache.maven.surefire.booter.ProviderFactory.invokeProvider(ProviderFactory.java:85)
	at org.apache.maven.surefire.booter.ForkedBooter.runSuitesInProcess(ForkedBooter.java:115)
	at org.apache.maven.surefire.booter.ForkedBooter.main(ForkedBooter.java:75)
]]>
            </full-stacktrace>
          </exception> <!-- org.openqa.selenium.WebDriverException -->
          <reporter-output>
          </reporter-output>
        </test-method> <!-- RP_02_Verify_Main_Heading -->
        <test-method status="FAIL" signature="RP_03_Verify_Sub_Heading()[pri:2, instance:com.testScripts.Reprint_Test@59d016c9]" name="RP_03_Verify_Sub_Heading" duration-ms="4041" started-at="2017-05-08T10:09:44Z" finished-at="2017-05-08T10:09:48Z">
          <exception class="org.openqa.selenium.WebDriverException">
            <message>
              <![CDATA[chrome not reachable
  (Session info: chrome=57.0.2987.133)
  (Driver info: chromedriver=2.29.461591 (62ebf098771772160f391d75e589dc567915b233),platform=Windows NT 6.1.7600 x86_64) (WARNING: The server did not provide any stacktrace information)
Command duration or timeout: 4.04 seconds
Build info: version: '2.2.1', revision: '16551', time: '2012-04-11 21:42:35'
System info: os.name: 'Windows 7', os.arch: 'amd64', os.version: '6.1', java.version: '1.8.0_121'
Driver info: driver.version: RemoteWebDriver]]>
            </message>
            <full-stacktrace>
              <![CDATA[org.openqa.selenium.WebDriverException: chrome not reachable
  (Session info: chrome=57.0.2987.133)
  (Driver info: chromedriver=2.29.461591 (62ebf098771772160f391d75e589dc567915b233),platform=Windows NT 6.1.7600 x86_64) (WARNING: The server did not provide any stacktrace information)
Command duration or timeout: 4.04 seconds
Build info: version: '2.2.1', revision: '16551', time: '2012-04-11 21:42:35'
System info: os.name: 'Windows 7', os.arch: 'amd64', os.version: '6.1', java.version: '1.8.0_121'
Driver info: driver.version: RemoteWebDriver
	at sun.reflect.NativeConstructorAccessorImpl.newInstance0(Native Method)
	at sun.reflect.NativeConstructorAccessorImpl.newInstance(NativeConstructorAccessorImpl.java:62)
	at sun.reflect.DelegatingConstructorAccessorImpl.newInstance(DelegatingConstructorAccessorImpl.java:45)
	at java.lang.reflect.Constructor.newInstance(Constructor.java:423)
	at org.openqa.selenium.remote.ErrorHandler.createThrowable(ErrorHandler.java:175)
	at org.openqa.selenium.remote.ErrorHandler.throwIfResponseFailed(ErrorHandler.java:128)
	at org.openqa.selenium.remote.RemoteWebDriver.execute(RemoteWebDriver.java:459)
	at org.openqa.selenium.remote.RemoteWebDriver.findElement(RemoteWebDriver.java:227)
	at org.openqa.selenium.remote.RemoteWebDriver.findElementByXPath(RemoteWebDriver.java:312)
	at org.openqa.selenium.By$ByXPath.findElement(By.java:344)
	at org.openqa.selenium.remote.RemoteWebDriver.findElement(RemoteWebDriver.java:219)
	at com.pageLibrary.Reprint.rp_03_verify_sub_heading(Reprint.java:72)
	at com.testScripts.Reprint_Test.RP_03_Verify_Sub_Heading(Reprint_Test.java:30)
	at sun.reflect.NativeMethodAccessorImpl.invoke0(Native Method)
	at sun.reflect.NativeMethodAccessorImpl.invoke(NativeMethodAccessorImpl.java:62)
	at sun.reflect.DelegatingMethodAccessorImpl.invoke(DelegatingMethodAccessorImpl.java:43)
	at java.lang.reflect.Method.invoke(Method.java:498)
	at org.testng.internal.MethodInvocationHelper.invokeMethod(MethodInvocationHelper.java:86)
	at org.testng.internal.Invoker.invokeMethod(Invoker.java:643)
	at org.testng.internal.Invoker.invokeTestMethod(Invoker.java:820)
	at org.testng.internal.Invoker.invokeTestMethods(Invoker.java:1128)
	at org.testng.internal.TestMethodWorker.invokeTestMethods(TestMethodWorker.java:129)
	at org.testng.internal.TestMethodWorker.run(TestMethodWorker.java:112)
	at org.testng.TestRunner.privateRun(TestRunner.java:782)
	at org.testng.TestRunner.run(TestRunner.java:632)
	at org.testng.SuiteRunner.runTest(SuiteRunner.java:366)
	at org.testng.SuiteRunner.runSequentially(SuiteRunner.java:361)
	at org.testng.SuiteRunner.privateRun(SuiteRunner.java:319)
	at org.testng.SuiteRunner.run(SuiteRunner.java:268)
	at org.testng.SuiteRunnerWorker.runSuite(SuiteRunnerWorker.java:52)
	at org.testng.SuiteRunnerWorker.run(SuiteRunnerWorker.java:86)
	at org.testng.TestNG.runSuitesSequentially(TestNG.java:1244)
	at org.testng.TestNG.runSuitesLocally(TestNG.java:1169)
	at org.testng.TestNG.run(TestNG.java:1064)
	at org.apache.maven.surefire.testng.TestNGExecutor.run(TestNGExecutor.java:77)
	at org.apache.maven.surefire.testng.TestNGDirectoryTestSuite.executeMulti(TestNGDirectoryTestSuite.java:159)
	at org.apache.maven.surefire.testng.TestNGDirectoryTestSuite.execute(TestNGDirectoryTestSuite.java:99)
	at org.apache.maven.surefire.testng.TestNGProvider.invoke(TestNGProvider.java:106)
	at sun.reflect.NativeMethodAccessorImpl.invoke0(Native Method)
	at sun.reflect.NativeMethodAccessorImpl.invoke(NativeMethodAccessorImpl.java:62)
	at sun.reflect.DelegatingMethodAccessorImpl.invoke(DelegatingMethodAccessorImpl.java:43)
	at java.lang.reflect.Method.invoke(Method.java:498)
	at org.apache.maven.surefire.util.ReflectionUtils.invokeMethodWithArray(ReflectionUtils.java:189)
	at org.apache.maven.surefire.booter.ProviderFactory$ProviderProxy.invoke(ProviderFactory.java:165)
	at org.apache.maven.surefire.booter.ProviderFactory.invokeProvider(ProviderFactory.java:85)
	at org.apache.maven.surefire.booter.ForkedBooter.runSuitesInProcess(ForkedBooter.java:115)
	at org.apache.maven.surefire.booter.ForkedBooter.main(ForkedBooter.java:75)
]]>
            </full-stacktrace>
          </exception> <!-- org.openqa.selenium.WebDriverException -->
          <reporter-output>
          </reporter-output>
        </test-method> <!-- RP_03_Verify_Sub_Heading -->
        <test-method status="FAIL" signature="RP_09_Verify_From_Date()[pri:3, instance:com.testScripts.Reprint_Test@59d016c9]" name="RP_09_Verify_From_Date" duration-ms="4010" started-at="2017-05-08T10:10:04Z" finished-at="2017-05-08T10:10:08Z">
          <exception class="org.openqa.selenium.WebDriverException">
            <message>
              <![CDATA[chrome not reachable
  (Session info: chrome=57.0.2987.133)
  (Driver info: chromedriver=2.29.461591 (62ebf098771772160f391d75e589dc567915b233),platform=Windows NT 6.1.7600 x86_64) (WARNING: The server did not provide any stacktrace information)
Command duration or timeout: 4.01 seconds
Build info: version: '2.2.1', revision: '16551', time: '2012-04-11 21:42:35'
System info: os.name: 'Windows 7', os.arch: 'amd64', os.version: '6.1', java.version: '1.8.0_121'
Driver info: driver.version: RemoteWebDriver]]>
            </message>
            <full-stacktrace>
              <![CDATA[org.openqa.selenium.WebDriverException: chrome not reachable
  (Session info: chrome=57.0.2987.133)
  (Driver info: chromedriver=2.29.461591 (62ebf098771772160f391d75e589dc567915b233),platform=Windows NT 6.1.7600 x86_64) (WARNING: The server did not provide any stacktrace information)
Command duration or timeout: 4.01 seconds
Build info: version: '2.2.1', revision: '16551', time: '2012-04-11 21:42:35'
System info: os.name: 'Windows 7', os.arch: 'amd64', os.version: '6.1', java.version: '1.8.0_121'
Driver info: driver.version: RemoteWebDriver
	at sun.reflect.NativeConstructorAccessorImpl.newInstance0(Native Method)
	at sun.reflect.NativeConstructorAccessorImpl.newInstance(NativeConstructorAccessorImpl.java:62)
	at sun.reflect.DelegatingConstructorAccessorImpl.newInstance(DelegatingConstructorAccessorImpl.java:45)
	at java.lang.reflect.Constructor.newInstance(Constructor.java:423)
	at org.openqa.selenium.remote.ErrorHandler.createThrowable(ErrorHandler.java:175)
	at org.openqa.selenium.remote.ErrorHandler.throwIfResponseFailed(ErrorHandler.java:128)
	at org.openqa.selenium.remote.RemoteWebDriver.execute(RemoteWebDriver.java:459)
	at org.openqa.selenium.remote.RemoteWebDriver.findElement(RemoteWebDriver.java:227)
	at org.openqa.selenium.remote.RemoteWebDriver.findElementByXPath(RemoteWebDriver.java:312)
	at org.openqa.selenium.By$ByXPath.findElement(By.java:344)
	at org.openqa.selenium.remote.RemoteWebDriver.findElement(RemoteWebDriver.java:219)
	at com.pageLibrary.Reprint.rp_09_verify_from_date(Reprint.java:79)
	at com.testScripts.Reprint_Test.RP_09_Verify_From_Date(Reprint_Test.java:36)
	at sun.reflect.NativeMethodAccessorImpl.invoke0(Native Method)
	at sun.reflect.NativeMethodAccessorImpl.invoke(NativeMethodAccessorImpl.java:62)
	at sun.reflect.DelegatingMethodAccessorImpl.invoke(DelegatingMethodAccessorImpl.java:43)
	at java.lang.reflect.Method.invoke(Method.java:498)
	at org.testng.internal.MethodInvocationHelper.invokeMethod(MethodInvocationHelper.java:86)
	at org.testng.internal.Invoker.invokeMethod(Invoker.java:643)
	at org.testng.internal.Invoker.invokeTestMethod(Invoker.java:820)
	at org.testng.internal.Invoker.invokeTestMethods(Invoker.java:1128)
	at org.testng.internal.TestMethodWorker.invokeTestMethods(TestMethodWorker.java:129)
	at org.testng.internal.TestMethodWorker.run(TestMethodWorker.java:112)
	at org.testng.TestRunner.privateRun(TestRunner.java:782)
	at org.testng.TestRunner.run(TestRunner.java:632)
	at org.testng.SuiteRunner.runTest(SuiteRunner.java:366)
	at org.testng.SuiteRunner.runSequentially(SuiteRunner.java:361)
	at org.testng.SuiteRunner.privateRun(SuiteRunner.java:319)
	at org.testng.SuiteRunner.run(SuiteRunner.java:268)
	at org.testng.SuiteRunnerWorker.runSuite(SuiteRunnerWorker.java:52)
	at org.testng.SuiteRunnerWorker.run(SuiteRunnerWorker.java:86)
	at org.testng.TestNG.runSuitesSequentially(TestNG.java:1244)
	at org.testng.TestNG.runSuitesLocally(TestNG.java:1169)
	at org.testng.TestNG.run(TestNG.java:1064)
	at org.apache.maven.surefire.testng.TestNGExecutor.run(TestNGExecutor.java:77)
	at org.apache.maven.surefire.testng.TestNGDirectoryTestSuite.executeMulti(TestNGDirectoryTestSuite.java:159)
	at org.apache.maven.surefire.testng.TestNGDirectoryTestSuite.execute(TestNGDirectoryTestSuite.java:99)
	at org.apache.maven.surefire.testng.TestNGProvider.invoke(TestNGProvider.java:106)
	at sun.reflect.NativeMethodAccessorImpl.invoke0(Native Method)
	at sun.reflect.NativeMethodAccessorImpl.invoke(NativeMethodAccessorImpl.java:62)
	at sun.reflect.DelegatingMethodAccessorImpl.invoke(DelegatingMethodAccessorImpl.java:43)
	at java.lang.reflect.Method.invoke(Method.java:498)
	at org.apache.maven.surefire.util.ReflectionUtils.invokeMethodWithArray(ReflectionUtils.java:189)
	at org.apache.maven.surefire.booter.ProviderFactory$ProviderProxy.invoke(ProviderFactory.java:165)
	at org.apache.maven.surefire.booter.ProviderFactory.invokeProvider(ProviderFactory.java:85)
	at org.apache.maven.surefire.booter.ForkedBooter.runSuitesInProcess(ForkedBooter.java:115)
	at org.apache.maven.surefire.booter.ForkedBooter.main(ForkedBooter.java:75)
]]>
            </full-stacktrace>
          </exception> <!-- org.openqa.selenium.WebDriverException -->
          <reporter-output>
          </reporter-output>
        </test-method> <!-- RP_09_Verify_From_Date -->
[...]
	at java.lang.reflect.Method.invoke(Method.java:498)
	at org.testng.internal.MethodInvocationHelper.invokeMethod(MethodInvocationHelper.java:86)
	at org.testng.internal.Invoker.invokeMethod(Invoker.java:643)
	at org.testng.internal.Invoker.invokeTestMethod(Invoker.java:820)
	at org.testng.internal.Invoker.invokeTestMethods(Invoker.java:1128)
	at org.testng.internal.TestMethodWorker.invokeTestMethods(TestMethodWorker.java:129)
	at org.testng.internal.TestMethodWorker.run(TestMethodWorker.java:112)
	at org.testng.TestRunner.privateRun(TestRunner.java:782)
	at org.testng.TestRunner.run(TestRunner.java:632)
	at org.testng.SuiteRunner.runTest(SuiteRunner.java:366)
	at org.testng.SuiteRunner.runSequentially(SuiteRunner.java:361)
	at org.testng.SuiteRunner.privateRun(SuiteRunner.java:319)
	at org.testng.SuiteRunner.run(SuiteRunner.java:268)
	at org.testng.SuiteRunnerWorker.runSuite(SuiteRunnerWorker.java:52)
	at org.testng.SuiteRunnerWorker.run(SuiteRunnerWorker.java:86)
	at org.testng.TestNG.runSuitesSequentially(TestNG.java:1244)
	at org.testng.TestNG.runSuitesLocally(TestNG.java:1169)
	at org.testng.TestNG.run(TestNG.java:1064)
	at org.apache.maven.surefire.testng.TestNGExecutor.run(TestNGExecutor.java:77)
	at org.apache.maven.surefire.testng.TestNGDirectoryTestSuite.executeMulti(TestNGDirectoryTestSuite.java:159)
	at org.apache.maven.surefire.testng.TestNGDirectoryTestSuite.execute(TestNGDirectoryTestSuite.java:99)
	at org.apache.maven.surefire.testng.TestNGProvider.invoke(TestNGProvider.java:106)
	at sun.reflect.NativeMethodAccessorImpl.invoke0(Native Method)
	at sun.reflect.NativeMethodAccessorImpl.invoke(NativeMethodAccessorImpl.java:62)
	at sun.reflect.DelegatingMethodAccessorImpl.invoke(DelegatingMethodAccessorImpl.java:43)
	at java.lang.reflect.Method.invoke(Method.java:498)
	at org.apache.maven.surefire.util.ReflectionUtils.invokeMethodWithArray(ReflectionUtils.java:189)
	at org.apache.maven.surefire.booter.ProviderFactory$ProviderProxy.invoke(ProviderFactory.java:165)
	at org.apache.maven.surefire.booter.ProviderFactory.invokeProvider(ProviderFactory.java:85)
	at org.apache.maven.surefire.booter.ForkedBooter.runSuitesInProcess(ForkedBooter.java:115)
	at org.apache.maven.surefire.booter.ForkedBooter.main(ForkedBooter.java:75)
]]>
            </full-stacktrace>
          </exception> <!-- org.openqa.selenium.WebDriverException -->
          <reporter-output>
          </reporter-output>
        </test-method> <!-- BS_115_Verify_Amount_Accepting_Alphabets_Invalid -->
        <test-method status="FAIL" signature="BS_115_Verify_Amount_Accepting_AlphaNumerics_Invalid()[pri:5, instance:com.testScripts.Bill_Settlement_Lib_Test@794cb805]" name="BS_115_Verify_Amount_Accepting_AlphaNumerics_Invalid" duration-ms="4012" started-at="2017-05-08T10:10:28Z" finished-at="2017-05-08T10:10:32Z">
          <exception class="org.openqa.selenium.WebDriverException">
            <message>
              <![CDATA[chrome not reachable
  (Session info: chrome=57.0.2987.133)
  (Driver info: chromedriver=2.29.461591 (62ebf098771772160f391d75e589dc567915b233),platform=Windows NT 6.1.7600 x86_64) (WARNING: The server did not provide any stacktrace information)
Command duration or timeout: 4.01 seconds
Build info: version: '2.2.1', revision: '16551', time: '2012-04-11 21:42:35'
System info: os.name: 'Windows 7', os.arch: 'amd64', os.version: '6.1', java.version: '1.8.0_121'
Driver info: driver.version: RemoteWebDriver]]>
            </message>
            <full-stacktrace>
              <![CDATA[org.openqa.selenium.WebDriverException: chrome not reachable
  (Session info: chrome=57.0.2987.133)
  (Driver info: chromedriver=2.29.461591 (62ebf098771772160f391d75e589dc567915b233),platform=Windows NT 6.1.7600 x86_64) (WARNING: The server did not provide any stacktrace information)
Command duration or timeout: 4.01 seconds
Build info: version: '2.2.1', revision: '16551', time: '2012-04-11 21:42:35'
System info: os.name: 'Windows 7', os.arch: 'amd64', os.version: '6.1', java.version: '1.8.0_121'
Driver info: driver.version: RemoteWebDriver
	at sun.reflect.GeneratedConstructorAccessor11.newInstance(Unknown Source)
	at sun.reflect.DelegatingConstructorAccessorImpl.newInstance(DelegatingConstructorAccessorImpl.java:45)
	at java.lang.reflect.Constructor.newInstance(Constructor.java:423)
	at org.openqa.selenium.remote.ErrorHandler.createThrowable(ErrorHandler.java:175)
	at org.openqa.selenium.remote.ErrorHandler.throwIfResponseFailed(ErrorHandler.java:128)
	at org.openqa.selenium.remote.RemoteWebDriver.execute(RemoteWebDriver.java:459)
	at org.openqa.selenium.remote.RemoteWebDriver.findElement(RemoteWebDriver.java:227)
	at org.openqa.selenium.remote.RemoteWebDriver.findElementByXPath(RemoteWebDriver.java:312)
	at org.openqa.selenium.By$ByXPath.findElement(By.java:344)
	at org.openqa.selenium.remote.RemoteWebDriver.findElement(RemoteWebDriver.java:219)
	at com.pageLibrary.Bill_Settlement_Lib.bs_115_verify_amount_accepting_alphanumerics_Invalid(Bill_Settlement_Lib.java:259)
	at com.testScripts.Bill_Settlement_Lib_Test.BS_115_Verify_Amount_Accepting_AlphaNumerics_Invalid(Bill_Settlement_Lib_Test.java:58)
	at sun.reflect.NativeMethodAccessorImpl.invoke0(Native Method)
	at sun.reflect.NativeMethodAccessorImpl.invoke(NativeMethodAccessorImpl.java:62)
	at sun.reflect.DelegatingMethodAccessorImpl.invoke(DelegatingMethodAccessorImpl.java:43)
	at java.lang.reflect.Method.invoke(Method.java:498)
	at org.testng.internal.MethodInvocationHelper.invokeMethod(MethodInvocationHelper.java:86)
	at org.testng.internal.Invoker.invokeMethod(Invoker.java:643)
	at org.testng.internal.Invoker.invokeTestMethod(Invoker.java:820)
	at org.testng.internal.Invoker.invokeTestMethods(Invoker.java:1128)
	at org.testng.internal.TestMethodWorker.invokeTestMethods(TestMethodWorker.java:129)
	at org.testng.internal.TestMethodWorker.run(TestMethodWorker.java:112)
	at org.testng.TestRunner.privateRun(TestRunner.java:782)
	at org.testng.TestRunner.run(TestRunner.java:632)
	at org.testng.SuiteRunner.runTest(SuiteRunner.java:366)
	at org.testng.SuiteRunner.runSequentially(SuiteRunner.java:361)
	at org.testng.SuiteRunner.privateRun(SuiteRunner.java:319)
	at org.testng.SuiteRunner.run(SuiteRunner.java:268)
	at org.testng.SuiteRunnerWorker.runSuite(SuiteRunnerWorker.java:52)
	at org.testng.SuiteRunnerWorker.run(SuiteRunnerWorker.java:86)
	at org.testng.TestNG.runSuitesSequentially(TestNG.java:1244)
	at org.testng.TestNG.runSuitesLocally(TestNG.java:1169)
	at org.testng.TestNG.run(TestNG.java:1064)
	at org.apache.maven.surefire.testng.TestNGExecutor.run(TestNGExecutor.java:77)
	at org.apache.maven.surefire.testng.TestNGDirectoryTestSuite.executeMulti(TestNGDirectoryTestSuite.java:159)
	at org.apache.maven.surefire.testng.TestNGDirectoryTestSuite.execute(TestNGDirectoryTestSuite.java:99)
	at org.apache.maven.surefire.testng.TestNGProvider.invoke(TestNGProvider.java:106)
	at sun.reflect.NativeMethodAccessorImpl.invoke0(Native Method)
	at sun.reflect.NativeMethodAccessorImpl.invoke(NativeMethodAccessorImpl.java:62)
	at sun.reflect.DelegatingMethodAccessorImpl.invoke(DelegatingMethodAccessorImpl.java:43)
	at java.lang.reflect.Method.invoke(Method.java:498)
	at org.apache.maven.surefire.util.ReflectionUtils.invokeMethodWithArray(ReflectionUtils.java:189)
	at org.apache.maven.surefire.booter.ProviderFactory$ProviderProxy.invoke(ProviderFactory.java:165)
	at org.apache.maven.surefire.booter.ProviderFactory.invokeProvider(ProviderFactory.java:85)
	at org.apache.maven.surefire.booter.ForkedBooter.runSuitesInProcess(ForkedBooter.java:115)
	at org.apache.maven.surefire.booter.ForkedBooter.main(ForkedBooter.java:75)
]]>
            </full-stacktrace>
          </exception> <!-- org.openqa.selenium.WebDriverException -->
          <reporter-output>
          </reporter-output>
        </test-method> <!-- BS_115_Verify_Amount_Accepting_AlphaNumerics_Invalid -->
        <test-method status="FAIL" signature="BS_115_Verify_Amount_Accepting_SpecialCharacters_Invalid()[pri:6, instance:com.testScripts.Bill_Settlement_Lib_Test@794cb805]" name="BS_115_Verify_Amount_Accepting_SpecialCharacters_Invalid" duration-ms="4016" started-at="2017-05-08T10:10:40Z" finished-at="2017-05-08T10:10:44Z">
          <exception class="org.openqa.selenium.WebDriverException">
            <message>
              <![CDATA[chrome not reachable
  (Session info: chrome=57.0.2987.133)
  (Driver info: chromedriver=2.29.461591 (62ebf098771772160f391d75e589dc567915b233),platform=Windows NT 6.1.7600 x86_64) (WARNING: The server did not provide any stacktrace information)
Command duration or timeout: 4.02 seconds
Build info: version: '2.2.1', revision: '16551', time: '2012-04-11 21:42:35'
System info: os.name: 'Windows 7', os.arch: 'amd64', os.version: '6.1', java.version: '1.8.0_121'
Driver info: driver.version: RemoteWebDriver]]>
            </message>
            <full-stacktrace>
              <![CDATA[org.openqa.selenium.WebDriverException: chrome not reachable
  (Session info: chrome=57.0.2987.133)
  (Driver info: chromedriver=2.29.461591 (62ebf098771772160f391d75e589dc567915b233),platform=Windows NT 6.1.7600 x86_64) (WARNING: The server did not provide any stacktrace information)
Command duration or timeout: 4.02 seconds
Build info: version: '2.2.1', revision: '16551', time: '2012-04-11 21:42:35'
System info: os.name: 'Windows 7', os.arch: 'amd64', os.version: '6.1', java.version: '1.8.0_121'
Driver info: driver.version: RemoteWebDriver
	at sun.reflect.GeneratedConstructorAccessor11.newInstance(Unknown Source)
	at sun.reflect.DelegatingConstructorAccessorImpl.newInstance(DelegatingConstructorAccessorImpl.java:45)
	at java.lang.reflect.Constructor.newInstance(Constructor.java:423)
	at org.openqa.selenium.remote.ErrorHandler.createThrowable(ErrorHandler.java:175)
	at org.openqa.selenium.remote.ErrorHandler.throwIfResponseFailed(ErrorHandler.java:128)
	at org.openqa.selenium.remote.RemoteWebDriver.execute(RemoteWebDriver.java:459)
	at org.openqa.selenium.remote.RemoteWebDriver.findElement(RemoteWebDriver.java:227)
	at org.openqa.selenium.remote.RemoteWebDriver.findElementByXPath(RemoteWebDriver.java:312)
	at org.openqa.selenium.By$ByXPath.findElement(By.java:344)
	at org.openqa.selenium.remote.RemoteWebDriver.findElement(RemoteWebDriver.java:219)
	at com.pageLibrary.Bill_Settlement_Lib.bs_115_verify_amount_accepting_specialcharacters_Invalid(Bill_Settlement_Lib.java:282)
	at com.testScripts.Bill_Settlement_Lib_Test.BS_115_Verify_Amount_Accepting_SpecialCharacters_Invalid(Bill_Settlement_Lib_Test.java:63)
	at sun.reflect.NativeMethodAccessorImpl.invoke0(Native Method)
	at sun.reflect.NativeMethodAccessorImpl.invoke(NativeMethodAccessorImpl.java:62)
	at sun.reflect.DelegatingMethodAccessorImpl.invoke(DelegatingMethodAccessorImpl.java:43)
	at java.lang.reflect.Method.invoke(Method.java:498)
	at org.testng.internal.MethodInvocationHelper.invokeMethod(MethodInvocationHelper.java:86)
	at org.testng.internal.Invoker.invokeMethod(Invoker.java:643)
	at org.testng.internal.Invoker.invokeTestMethod(Invoker.java:820)
	at org.testng.internal.Invoker.invokeTestMethods(Invoker.java:1128)
	at org.testng.internal.TestMethodWorker.invokeTestMethods(TestMethodWorker.java:129)
	at org.testng.internal.TestMethodWorker.run(TestMethodWorker.java:112)
	at org.testng.TestRunner.privateRun(TestRunner.java:782)
	at org.testng.TestRunner.run(TestRunner.java:632)
	at org.testng.SuiteRunner.runTest(SuiteRunner.java:366)
	at org.testng.SuiteRunner.runSequentially(SuiteRunner.java:361)
	at org.testng.SuiteRunner.privateRun(SuiteRunner.java:319)
	at org.testng.SuiteRunner.run(SuiteRunner.java:268)
	at org.testng.SuiteRunnerWorker.runSuite(SuiteRunnerWorker.java:52)
	at org.testng.SuiteRunnerWorker.run(SuiteRunnerWorker.java:86)
	at org.testng.TestNG.runSuitesSequentially(TestNG.java:1244)
	at org.testng.TestNG.runSuitesLocally(TestNG.java:1169)
	at org.testng.TestNG.run(TestNG.java:1064)
	at org.apache.maven.surefire.testng.TestNGExecutor.run(TestNGExecutor.java:77)
	at org.apache.maven.surefire.testng.TestNGDirectoryTestSuite.executeMulti(TestNGDirectoryTestSuite.java:159)
	at org.apache.maven.surefire.testng.TestNGDirectoryTestSuite.execute(TestNGDirectoryTestSuite.java:99)
	at org.apache.maven.surefire.testng.TestNGProvider.invoke(TestNGProvider.java:106)
	at sun.reflect.NativeMethodAccessorImpl.invoke0(Native Method)
	at sun.reflect.NativeMethodAccessorImpl.invoke(NativeMethodAccessorImpl.java:62)
	at sun.reflect.DelegatingMethodAccessorImpl.invoke(DelegatingMethodAccessorImpl.java:43)
	at java.lang.reflect.Method.invoke(Method.java:498)
	at org.apache.maven.surefire.util.ReflectionUtils.invokeMethodWithArray(ReflectionUtils.java:189)
	at org.apache.maven.surefire.booter.ProviderFactory$ProviderProxy.invoke(ProviderFactory.java:165)
	at org.apache.maven.surefire.booter.ProviderFactory.invokeProvider(ProviderFactory.java:85)
	at org.apache.maven.surefire.booter.ForkedBooter.runSuitesInProcess(ForkedBooter.java:115)
	at org.apache.maven.surefire.booter.ForkedBooter.main(ForkedBooter.java:75)
]]>
            </full-stacktrace>
          </exception> <!-- org.openqa.selenium.WebDriverException -->
          <reporter-output>
          </reporter-output>
        </test-method> <!-- BS_115_Verify_Amount_Accepting_SpecialCharacters_Invalid -->
        <test-method status="FAIL" signature="BS_116_Verify_Amount_Leaving_Blank_Invalid()[pri:7, instance:com.testScripts.Bill_Settlement_Lib_Test@794cb805]" name="BS_116_Verify_Amount_Leaving_Blank_Invalid" duration-ms="4008" started-at="2017-05-08T10:10:52Z" finished-at="2017-05-08T10:10:56Z">
          <exception class="org.openqa.selenium.WebDriverException">
            <message>
              <![CDATA[chrome not reachable
  (Session info: chrome=57.0.2987.133)
  (Driver info: chromedriver=2.29.461591 (62ebf098771772160f391d75e589dc567915b233),platform=Windows NT 6.1.7600 x86_64) (WARNING: The server did not provide any stacktrace information)
Command duration or timeout: 4.01 seconds
Build info: version: '2.2.1', revision: '16551', time: '2012-04-11 21:42:35'
System info: os.name: 'Windows 7', os.arch: 'amd64', os.version: '6.1', java.version: '1.8.0_121'
Driver info: driver.version: RemoteWebDriver]]>
            </message>
            <full-stacktrace>
              <![CDATA[org.openqa.selenium.WebDriverException: chrome not reachable
  (Session info: chrome=57.0.2987.133)
  (Driver info: chromedriver=2.29.461591 (62ebf098771772160f391d75e589dc567915b233),platform=Windows NT 6.1.7600 x86_64) (WARNING: The server did not provide any stacktrace information)
Command duration or timeout: 4.01 seconds
Build info: version: '2.2.1', revision: '16551', time: '2012-04-11 21:42:35'
System info: os.name: 'Windows 7', os.arch: 'amd64', os.version: '6.1', java.version: '1.8.0_121'
Driver info: driver.version: RemoteWebDriver
	at sun.reflect.GeneratedConstructorAccessor11.newInstance(Unknown Source)
	at sun.reflect.DelegatingConstructorAccessorImpl.newInstance(DelegatingConstructorAccessorImpl.java:45)
	at java.lang.reflect.Constructor.newInstance(Constructor.java:423)
	at org.openqa.selenium.remote.ErrorHandler.createThrowable(ErrorHandler.java:175)
	at org.openqa.selenium.remote.ErrorHandler.throwIfResponseFailed(ErrorHandler.java:128)
	at org.openqa.selenium.remote.RemoteWebDriver.execute(RemoteWebDriver.java:459)
	at org.openqa.selenium.remote.RemoteWebDriver.findElement(RemoteWebDriver.java:227)
	at org.openqa.selenium.remote.RemoteWebDriver.findElementByXPath(RemoteWebDriver.java:312)
	at org.openqa.selenium.By$ByXPath.findElement(By.java:344)
	at org.openqa.selenium.remote.RemoteWebDriver.findElement(RemoteWebDriver.java:219)
	at com.pageLibrary.Bill_Settlement_Lib.bs_116_verify_amount_leaving_blank_Invalid(Bill_Settlement_Lib.java:308)
	at com.testScripts.Bill_Settlement_Lib_Test.BS_116_Verify_Amount_Leaving_Blank_Invalid(Bill_Settlement_Lib_Test.java:69)
	at sun.reflect.NativeMethodAccessorImpl.invoke0(Native Method)
	at sun.reflect.NativeMethodAccessorImpl.invoke(NativeMethodAccessorImpl.java:62)
	at sun.reflect.DelegatingMethodAccessorImpl.invoke(DelegatingMethodAccessorImpl.java:43)
	at java.lang.reflect.Method.invoke(Method.java:498)
	at org.testng.internal.MethodInvocationHelper.invokeMethod(MethodInvocationHelper.java:86)
	at org.testng.internal.Invoker.invokeMethod(Invoker.java:643)
	at org.testng.internal.Invoker.invokeTestMethod(Invoker.java:820)
	at org.testng.internal.Invoker.invokeTestMethods(Invoker.java:1128)
	at org.testng.internal.TestMethodWorker.invokeTestMethods(TestMethodWorker.java:129)
	at org.testng.internal.TestMethodWorker.run(TestMethodWorker.java:112)
	at org.testng.TestRunner.privateRun(TestRunner.java:782)
	at org.testng.TestRunner.run(TestRunner.java:632)
	at org.testng.SuiteRunner.runTest(SuiteRunner.java:366)
	at org.testng.SuiteRunner.runSequentially(SuiteRunner.java:361)
	at org.testng.SuiteRunner.privateRun(SuiteRunner.java:319)
	at org.testng.SuiteRunner.run(SuiteRunner.java:268)
	at org.testng.SuiteRunnerWorker.runSuite(SuiteRunnerWorker.java:52)
	at org.testng.SuiteRunnerWorker.run(SuiteRunnerWorker.java:86)
	at org.testng.TestNG.runSuitesSequentially(TestNG.java:1244)
	at org.testng.TestNG.runSuitesLocally(TestNG.java:1169)
	at org.testng.TestNG.run(TestNG.java:1064)
	at org.apache.maven.surefire.testng.TestNGExecutor.run(TestNGExecutor.java:77)
	at org.apache.maven.surefire.testng.TestNGDirectoryTestSuite.executeMulti(TestNGDirectoryTestSuite.java:159)
	at org.apache.maven.surefire.testng.TestNGDirectoryTestSuite.execute(TestNGDirectoryTestSuite.java:99)
	at org.apache.maven.surefire.testng.TestNGProvider.invoke(TestNGProvider.java:106)
	at sun.reflect.NativeMethodAccessorImpl.invoke0(Native Method)
	at sun.reflect.NativeMethodAccessorImpl.invoke(NativeMethodAccessorImpl.java:62)
	at sun.reflect.DelegatingMethodAccessorImpl.invoke(DelegatingMethodAccessorImpl.java:43)
	at java.lang.reflect.Method.invoke(Method.java:498)
	at org.apache.maven.surefire.util.ReflectionUtils.invokeMethodWithArray(ReflectionUtils.java:189)
	at org.apache.maven.surefire.booter.ProviderFactory$ProviderProxy.invoke(ProviderFactory.java:165)
	at org.apache.maven.surefire.booter.ProviderFactory.invokeProvider(ProviderFactory.java:85)
	at org.apache.maven.surefire.booter.ForkedBooter.runSuitesInProcess(ForkedBooter.java:115)
	at org.apache.maven.surefire.booter.ForkedBooter.main(ForkedBooter.java:75)
]]>
            </full-stacktrace>
          </exception> <!-- org.openqa.selenium.WebDriverException -->
          <reporter-output>
          </reporter-output>
        </test-method> <!-- BS_116_Verify_Amount_Leaving_Blank_Invalid -->
      </class> <!-- com.testScripts.Bill_Settlement_Lib_Test -->
      <class name="com.testScripts.Staff_Login_Test">
        <test-method status="PASS" signature="SL_11_Verify_Login_Valid_Username_Valid_Password()[pri:10, instance:com.testScripts.Staff_Login_Test@3cc2931c]" name="SL_11_Verify_Login_Valid_Username_Valid_Password" duration-ms="4010" started-at="2017-05-08T10:11:24Z" finished-at="2017-05-08T10:11:28Z">
          <reporter-output>
            <line>
              <![CDATA[chrome not reachable
  (Session info: chrome=57.0.2987.133)
  (Driver info: chromedriver=2.29.461591 (62ebf098771772160f391d75e589dc567915b233),platform=Windows NT 6.1.7600 x86_64) (WARNING: The server did not provide any stacktrace information)
Command duration or timeout: 4.01 seconds
Build info: version: '2.2.1', revision: '16551', time: '2012-04-11 21:42:35'
System info: os.name: 'Windows 7', os.arch: 'amd64', os.version: '6.1', java.version: '1.8.0_121'
Driver info: driver.version: RemoteWebDriver]]>
            </line>
          </reporter-output>
        </test-method> <!-- SL_11_Verify_Login_Valid_Username_Valid_Password -->
      </class> <!-- com.testScripts.Staff_Login_Test -->
    </test> <!-- Command line test -->
  </suite> <!-- Command line suite -->
</testng-results>
