<?xml version="1.0" encoding="UTF-8"?>
<testng-results skipped="0" failed="7" total="59" passed="52">
  <reporter-output>
    <line>
      <![CDATA[Launch_Browser: Chrome Browser Launching]]>
    </line>
    <line>
      <![CDATA[Chrome Browser Launching]]>
    </line>
    <line>
      <![CDATA[Launch_Browser: Chrome Browser Launched Successfully]]>
    </line>
    <line>
      <![CDATA[Launch_Application: Wellness Application Launched Successfully]]>
    </line>
    <line>
      <![CDATA[                               ]]>
    </line>
    <line>
      <![CDATA[As expected HomePage Displayed Successfully]]>
    </line>
    <line>
      <![CDATA[PageURL displayed as : http://172.22.5.34:8080/wellness/ at HomePage]]>
    </line>
    <line>
      <![CDATA[Launch_Application: Wellness Application Launched Successfully]]>
    </line>
    <line>
      <![CDATA[                               ]]>
    </line>
    <line>
      <![CDATA[As expected Staff Login Page Displayed Successfully]]>
    </line>
    <line>
      <![CDATA[PageURL displayed as : http://172.22.5.34:8080/wellness/login at Staff Login Page]]>
    </line>
    <line>
      <![CDATA[Launch_Application: Wellness Application Launched Successfully]]>
    </line>
    <line>
      <![CDATA[                               ]]>
    </line>
    <line>
      <![CDATA[As expected Staff Login Page Displayed Successfully]]>
    </line>
    <line>
      <![CDATA[PageURL displayed as : http://172.22.5.34:8080/wellness/login at Staff Login Page]]>
    </line>
    <line>
      <![CDATA[Launch_Application: Wellness Application Launched Successfully]]>
    </line>
    <line>
      <![CDATA[                               ]]>
    </line>
    <line>
      <![CDATA[Entered Valid Username]]>
    </line>
    <line>
      <![CDATA[Entered Valid Password]]>
    </line>
    <line>
      <![CDATA[As expected Alert not presented]]>
    </line>
    <line>
      <![CDATA[As expected Appointment List Page Displayed Successfully]]>
    </line>
    <line>
      <![CDATA[PageURL displayed as : http://172.22.5.34:8080/wellness/appointmentslist at Appointment List Page]]>
    </line>
    <line>
      <![CDATA[Launch_Application: Wellness Application Launched Successfully]]>
    </line>
    <line>
      <![CDATA[                               ]]>
    </line>
    <line>
      <![CDATA[Launch_Application: Wellness Application Launched Successfully]]>
    </line>
    <line>
      <![CDATA[                               ]]>
    </line>
    <line>
      <![CDATA[Entered Valid Username]]>
    </line>
    <line>
      <![CDATA[Entered Valid Password]]>
    </line>
    <line>
      <![CDATA[As expected Alert not presented]]>
    </line>
    <line>
      <![CDATA[As expected Appointment List Page Displayed Successfully]]>
    </line>
    <line>
      <![CDATA[PageURL displayed as : http://172.22.5.34:8080/wellness/appointmentslist at Appointment List Page]]>
    </line>
    <line>
      <![CDATA[Clicked On Appointment Menu]]>
    </line>
    <line>
      <![CDATA[Displayed Options of Appointment Module]]>
    </line>
    <line>
      <![CDATA[Clicked on Bill Settlement Option]]>
    </line>
    <line>
      <![CDATA[Bill Settlement List Page Displayed]]>
    </line>
    <line>
      <![CDATA[Record Available for BillNo 118 with Guest Name srinu, and BillAmount is: 1106.00]]>
    </line>
    <line>
      <![CDATA[Clicked on BillNo 118 with Guest Name srinu]]>
    </line>
    <line>
      <![CDATA[Bill Settlement Page Displayed]]>
    </line>
    <line>
      <![CDATA[As expected BillID,BillAmount and GuestName text boxes displayed along with values, but these fields are readonly]]>
    </line>
    <line>
      <![CDATA[Bill ID value is displayed as: 118]]>
    </line>
    <line>
      <![CDATA[Bill Amount value is displayed as: 1106.00]]>
    </line>
    <line>
      <![CDATA[Guest Name value is displayed as : srinu]]>
    </line>
    <line>
      <![CDATA[Payment Mode is Dropdown]]>
    </line>
    <line>
      <![CDATA[Selected Credit Card option at Payment Dropdown]]>
    </line>
    <line>
      <![CDATA[As expected Name on Credit Card text box is displayed after selected Credit Card option at Payment Dropdown]]>
    </line>
    <line>
      <![CDATA[As expected Credit Card Number text box is displayed after selected Credit Card option at Payment Dropdown]]>
    </line>
    <line>
      <![CDATA[As expected Credit Card Type dropdown is displayed after selected Credit Card option at Payment Dropdown]]>
    </line>
    <line>
      <![CDATA[As expected Add Settlement button is enabled by default]]>
    </line>
    <line>
      <![CDATA[Entered Sreekanth Katar as Valid Alphabets at Name on Credit Card text box]]>
    </line>
    <line>
      <![CDATA[Entered 4562 at Credit Card Number text box]]>
    </line>
    <line>
      <![CDATA[Entered 1106 at Amount text box]]>
    </line>
    <line>
      <![CDATA[Selected Visa option at Credit Card Type Drop Down]]>
    </line>
    <line>
      <![CDATA[Clicked on AddSettlement button]]>
    </line>
    <line>
      <![CDATA[Alert Presented]]>
    </line>
    <line>
      <![CDATA[Settlement amount not matching with Net Amount : is displayed at Pop up]]>
    </line>
    <line>
      <![CDATA[Clicked On OK button in Pop up]]>
    </line>
    <line>
      <![CDATA[Add Settlement button is not disabled, after generated bill amount grid]]>
    </line>
    <line>
      <![CDATA[As expected Bill Amount Web Table is displayed]]>
    </line>
    <line>
      <![CDATA[As expected Save button is displayed]]>
    </line>
    <line>
      <![CDATA[Save button is not enabled]]>
    </line>
    <line>
      <![CDATA[                                           ]]>
    </line>
    <line>
      <![CDATA[Bill No Guest Name Type of Payment Cash Amount]]>
    </line>
    <line>
      <![CDATA[----------------------------------------------]]>
    </line>
    <line>
      <![CDATA[                                           ]]>
    </line>
    <line>
      <![CDATA[Launch_Application: Wellness Application Launched Successfully]]>
    </line>
    <line>
      <![CDATA[                               ]]>
    </line>
    <line>
      <![CDATA[Launch_Application: Wellness Application Launched Successfully]]>
    </line>
    <line>
      <![CDATA[                               ]]>
    </line>
    <line>
      <![CDATA[Entered Valid Username]]>
    </line>
    <line>
      <![CDATA[Entered Valid Password]]>
    </line>
    <line>
      <![CDATA[As expected Alert not presented]]>
    </line>
    <line>
      <![CDATA[As expected Appointment List Page Displayed Successfully]]>
    </line>
    <line>
      <![CDATA[PageURL displayed as : http://172.22.5.34:8080/wellness/appointmentslist at Appointment List Page]]>
    </line>
    <line>
      <![CDATA[Clicked On Appointment Menu]]>
    </line>
    <line>
      <![CDATA[Displayed Options of Appointment Module]]>
    </line>
    <line>
      <![CDATA[Clicked on Bill Settlement Option]]>
    </line>
    <line>
      <![CDATA[Bill Settlement List Page Displayed]]>
    </line>
    <line>
      <![CDATA[Record Available for BillNo 118 with Guest Name srinu, and BillAmount is: 1106.00]]>
    </line>
    <line>
      <![CDATA[Clicked on BillNo 118 with Guest Name srinu]]>
    </line>
    <line>
      <![CDATA[Bill Settlement Page Displayed]]>
    </line>
    <line>
      <![CDATA[As expected BillID,BillAmount and GuestName text boxes displayed along with values, but these fields are readonly]]>
    </line>
    <line>
      <![CDATA[Bill ID value is displayed as: 118]]>
    </line>
    <line>
      <![CDATA[Bill Amount value is displayed as: 1106.00]]>
    </line>
    <line>
      <![CDATA[Guest Name value is displayed as : srinu]]>
    </line>
    <line>
      <![CDATA[Payment Mode is Dropdown]]>
    </line>
    <line>
      <![CDATA[Selected Credit Card option at Payment Dropdown]]>
    </line>
    <line>
      <![CDATA[As expected Name on Credit Card text box is displayed after selected Credit Card option at Payment Dropdown]]>
    </line>
    <line>
      <![CDATA[As expected Credit Card Number text box is displayed after selected Credit Card option at Payment Dropdown]]>
    </line>
    <line>
      <![CDATA[As expected Credit Card Type dropdown is displayed after selected Credit Card option at Payment Dropdown]]>
    </line>
    <line>
      <![CDATA[As expected Add Settlement button is enabled by default]]>
    </line>
    <line>
      <![CDATA[Entered Sree123 as Alphanumeric at Name on Credit Card text box]]>
    </line>
    <line>
      <![CDATA[Entered 4562 at Credit Card Number text box]]>
    </line>
    <line>
      <![CDATA[Entered 1106 at Amount text box]]>
    </line>
    <line>
      <![CDATA[Selected Visa option at Credit Card Type Drop Down]]>
    </line>
    <line>
      <![CDATA[Clicked on AddSettlement button]]>
    </line>
    <line>
      <![CDATA[Alert Presented]]>
    </line>
    <line>
      <![CDATA[Settlement amount not matching with Net Amount : is displayed at Pop up]]>
    </line>
    <line>
      <![CDATA[Clicked On OK button in Pop up]]>
    </line>
    <line>
      <![CDATA[Add Settlement button is not disabled, after generated bill amount grid]]>
    </line>
    <line>
      <![CDATA[As expected Bill Amount Web Table is displayed]]>
    </line>
    <line>
      <![CDATA[As expected Save button is displayed]]>
    </line>
    <line>
      <![CDATA[Save button is not enabled]]>
    </line>
    <line>
      <![CDATA[Launch_Application: Wellness Application Launched Successfully]]>
    </line>
    <line>
      <![CDATA[                               ]]>
    </line>
    <line>
      <![CDATA[Launch_Application: Wellness Application Launched Successfully]]>
    </line>
    <line>
      <![CDATA[                               ]]>
    </line>
    <line>
      <![CDATA[Entered Valid Username]]>
    </line>
    <line>
      <![CDATA[Entered Valid Password]]>
    </line>
    <line>
      <![CDATA[As expected Alert not presented]]>
    </line>
    <line>
      <![CDATA[As expected Appointment List Page Displayed Successfully]]>
    </line>
    <line>
      <![CDATA[PageURL displayed as : http://172.22.5.34:8080/wellness/appointmentslist at Appointment List Page]]>
    </line>
    <line>
      <![CDATA[Clicked On Appointment Menu]]>
    </line>
    <line>
      <![CDATA[Displayed Options of Appointment Module]]>
    </line>
    <line>
      <![CDATA[Clicked on Bill Settlement Option]]>
    </line>
    <line>
      <![CDATA[Bill Settlement List Page Displayed]]>
    </line>
    <line>
      <![CDATA[Record Available for BillNo 118 with Guest Name srinu, and BillAmount is: 1106.00]]>
    </line>
    <line>
      <![CDATA[Clicked on BillNo 118 with Guest Name srinu]]>
    </line>
    <line>
      <![CDATA[Bill Settlement Page Displayed]]>
    </line>
    <line>
      <![CDATA[As expected BillID,BillAmount and GuestName text boxes displayed along with values, but these fields are readonly]]>
    </line>
    <line>
      <![CDATA[Bill ID value is displayed as: 118]]>
    </line>
    <line>
      <![CDATA[Bill Amount value is displayed as: 1106.00]]>
    </line>
    <line>
      <![CDATA[Guest Name value is displayed as : srinu]]>
    </line>
    <line>
      <![CDATA[Payment Mode is Dropdown]]>
    </line>
    <line>
      <![CDATA[Selected Credit Card option at Payment Dropdown]]>
    </line>
    <line>
      <![CDATA[As expected Name on Credit Card text box is displayed after selected Credit Card option at Payment Dropdown]]>
    </line>
    <line>
      <![CDATA[As expected Credit Card Number text box is displayed after selected Credit Card option at Payment Dropdown]]>
    </line>
    <line>
      <![CDATA[As expected Credit Card Type dropdown is displayed after selected Credit Card option at Payment Dropdown]]>
    </line>
    <line>
      <![CDATA[As expected Add Settlement button is enabled by default]]>
    </line>
    <line>
      <![CDATA[Entered @!*^# as Special Characters at Name on Credit Card text box]]>
    </line>
    <line>
      <![CDATA[Entered 4562 at Credit Card Number text box]]>
    </line>
    <line>
      <![CDATA[Entered 1106 at Amount text box]]>
    </line>
    <line>
      <![CDATA[Selected Visa option at Credit Card Type Drop Down]]>
    </line>
    <line>
      <![CDATA[Clicked on AddSettlement button]]>
    </line>
    <line>
      <![CDATA[As expected Alert Presented]]>
    </line>
    <line>
      <![CDATA[Settlement amount not matching with Net Amount : is displayed at Pop up]]>
    </line>
    <line>
      <![CDATA[Clicked On OK button in Pop up]]>
    </line>
    <line>
      <![CDATA[Add Settlement button is not disabled, after generated bill amount grid]]>
    </line>
    <line>
      <![CDATA[As expected Bill Amount Web Table is displayed]]>
    </line>
    <line>
      <![CDATA[As expected Save button is displayed]]>
    </line>
    <line>
      <![CDATA[Save button is not enabled]]>
    </line>
    <line>
      <![CDATA[Launch_Application: Wellness Application Launched Successfully]]>
    </line>
    <line>
      <![CDATA[                               ]]>
    </line>
    <line>
      <![CDATA[Launch_Application: Wellness Application Launched Successfully]]>
    </line>
    <line>
      <![CDATA[                               ]]>
    </line>
    <line>
      <![CDATA[Entered Valid Username]]>
    </line>
    <line>
      <![CDATA[Entered Valid Password]]>
    </line>
    <line>
      <![CDATA[As expected Alert not presented]]>
    </line>
    <line>
      <![CDATA[As expected Appointment List Page Displayed Successfully]]>
    </line>
    <line>
      <![CDATA[PageURL displayed as : http://172.22.5.34:8080/wellness/appointmentslist at Appointment List Page]]>
    </line>
    <line>
      <![CDATA[Clicked On Appointment Menu]]>
    </line>
    <line>
      <![CDATA[Displayed Options of Appointment Module]]>
    </line>
    <line>
      <![CDATA[Clicked on Bill Settlement Option]]>
    </line>
    <line>
      <![CDATA[Bill Settlement List Page Displayed]]>
    </line>
    <line>
      <![CDATA[Record Available for BillNo 118 with Guest Name srinu, and BillAmount is: 1106.00]]>
    </line>
    <line>
      <![CDATA[Clicked on BillNo 118 with Guest Name srinu]]>
    </line>
    <line>
      <![CDATA[Bill Settlement Page Displayed]]>
    </line>
    <line>
      <![CDATA[no such element: Unable to locate element: {"method":"xpath","selector":"//*[@id='paymentmodetype']"}
  (Session info: chrome=57.0.2987.133)
  (Driver info: chromedriver=2.29.461591 (62ebf098771772160f391d75e589dc567915b233),platform=Windows NT 6.1.7600 x86_64) (WARNING: The server did not provide any stacktrace information)
Command duration or timeout: 21 milliseconds
For documentation on this error, please visit: http://seleniumhq.org/exceptions/no_such_element.html
Build info: version: '2.2.1', revision: '16551', time: '2012-04-11 21:42:35'
System info: os.name: 'Windows 7', os.arch: 'amd64', os.version: '6.1', java.version: '1.8.0_121'
Driver info: driver.version: RemoteWebDriver]]>
    </line>
    <line>
      <![CDATA[Launch_Application: Wellness Application Launched Successfully]]>
    </line>
    <line>
      <![CDATA[                               ]]>
    </line>
    <line>
      <![CDATA[Launch_Application: Wellness Application Launched Successfully]]>
    </line>
    <line>
      <![CDATA[                               ]]>
    </line>
    <line>
      <![CDATA[Entered Valid Username]]>
    </line>
    <line>
      <![CDATA[Entered Valid Password]]>
    </line>
    <line>
      <![CDATA[As expected Alert not presented]]>
    </line>
    <line>
      <![CDATA[As expected Appointment List Page Displayed Successfully]]>
    </line>
    <line>
      <![CDATA[PageURL displayed as : http://172.22.5.34:8080/wellness/appointmentslist at Appointment List Page]]>
    </line>
    <line>
      <![CDATA[Clicked On Appointment Menu]]>
    </line>
    <line>
      <![CDATA[Displayed Options of Appointment Module]]>
    </line>
    <line>
      <![CDATA[element not visible
  (Session info: chrome=57.0.2987.133)
  (Driver info: chromedriver=2.29.461591 (62ebf098771772160f391d75e589dc567915b233),platform=Windows NT 6.1.7600 x86_64) (WARNING: The server did not provide any stacktrace information)
Command duration or timeout: 17 milliseconds
Build info: version: '2.2.1', revision: '16551', time: '2012-04-11 21:42:35'
System info: os.name: 'Windows 7', os.arch: 'amd64', os.version: '6.1', java.version: '1.8.0_121'
Driver info: driver.version: RemoteWebDriver]]>
    </line>
    <line>
      <![CDATA[Launch_Application: Wellness Application Launched Successfully]]>
    </line>
    <line>
      <![CDATA[                               ]]>
    </line>
    <line>
      <![CDATA[Launch_Application: Wellness Application Launched Successfully]]>
    </line>
    <line>
      <![CDATA[                               ]]>
    </line>
    <line>
      <![CDATA[Entered Valid Username]]>
    </line>
    <line>
      <![CDATA[Entered Valid Password]]>
    </line>
    <line>
      <![CDATA[As expected Alert not presented]]>
    </line>
    <line>
      <![CDATA[Appointment List Page URL Not Matching with Expected URL]]>
    </line>
    <line>
      <![CDATA[Not Displayed Appointment List Page]]>
    </line>
    <line>
      <![CDATA[Launch_Application: Wellness Application Launched Successfully]]>
    </line>
    <line>
      <![CDATA[                               ]]>
    </line>
    <line>
      <![CDATA[Launch_Application: Wellness Application Launched Successfully]]>
    </line>
    <line>
      <![CDATA[                               ]]>
    </line>
    <line>
      <![CDATA[Entered Valid Username]]>
    </line>
    <line>
      <![CDATA[Entered Valid Password]]>
    </line>
    <line>
      <![CDATA[As expected Alert not presented]]>
    </line>
    <line>
      <![CDATA[As expected Appointment List Page Displayed Successfully]]>
    </line>
    <line>
      <![CDATA[PageURL displayed as : http://172.22.5.34:8080/wellness/appointmentslist at Appointment List Page]]>
    </line>
    <line>
      <![CDATA[Clicked On Appointment Menu]]>
    </line>
    <line>
      <![CDATA[Displayed Options of Appointment Module]]>
    </line>
    <line>
      <![CDATA[Clicked on Bill Settlement Option]]>
    </line>
    <line>
      <![CDATA[Bill Settlement List Page Displayed]]>
    </line>
    <line>
      <![CDATA[Record Available for BillNo 118 with Guest Name srinu, and BillAmount is: 1106.00]]>
    </line>
    <line>
      <![CDATA[Clicked on BillNo 118 with Guest Name srinu]]>
    </line>
    <line>
      <![CDATA[Bill Settlement Page Displayed]]>
    </line>
    <line>
      <![CDATA[stale element reference: element is not attached to the page document
  (Session info: chrome=57.0.2987.133)
  (Driver info: chromedriver=2.29.461591 (62ebf098771772160f391d75e589dc567915b233),platform=Windows NT 6.1.7600 x86_64) (WARNING: The server did not provide any stacktrace information)
Command duration or timeout: 360 milliseconds
For documentation on this error, please visit: http://seleniumhq.org/exceptions/stale_element_reference.html
Build info: version: '2.2.1', revision: '16551', time: '2012-04-11 21:42:35'
System info: os.name: 'Windows 7', os.arch: 'amd64', os.version: '6.1', java.version: '1.8.0_121'
Driver info: driver.version: RemoteWebDriver]]>
    </line>
    <line>
      <![CDATA[Launch_Application: Wellness Application Launched Successfully]]>
    </line>
    <line>
      <![CDATA[                               ]]>
    </line>
    <line>
      <![CDATA[Launch_Application: Wellness Application Launched Successfully]]>
    </line>
    <line>
      <![CDATA[                               ]]>
    </line>
    <line>
      <![CDATA[Entered Valid Username]]>
    </line>
    <line>
      <![CDATA[Entered Valid Password]]>
    </line>
    <line>
      <![CDATA[As expected Alert not presented]]>
    </line>
    <line>
      <![CDATA[As expected Appointment List Page Displayed Successfully]]>
    </line>
    <line>
      <![CDATA[PageURL displayed as : http://172.22.5.34:8080/wellness/appointmentslist at Appointment List Page]]>
    </line>
    <line>
      <![CDATA[Clicked On Appointment Menu]]>
    </line>
    <line>
      <![CDATA[Displayed Options of Appointment Module]]>
    </line>
    <line>
      <![CDATA[Clicked on Bill Settlement Option]]>
    </line>
    <line>
      <![CDATA[Bill Settlement List Page Displayed]]>
    </line>
    <line>
      <![CDATA[Record Available for BillNo 118 with Guest Name srinu, and BillAmount is: 1106.00]]>
    </line>
    <line>
      <![CDATA[Clicked on BillNo 118 with Guest Name srinu]]>
    </line>
    <line>
      <![CDATA[Bill Settlement Page Displayed]]>
    </line>
    <line>
      <![CDATA[As expected BillID,BillAmount and GuestName text boxes displayed along with values, but these fields are readonly]]>
    </line>
    <line>
      <![CDATA[Bill ID value is displayed as: 118]]>
    </line>
    <line>
      <![CDATA[Bill Amount value is displayed as: 1106.00]]>
    </line>
    <line>
      <![CDATA[Guest Name value is displayed as : srinu]]>
    </line>
    <line>
      <![CDATA[Payment Mode is Dropdown]]>
    </line>
    <line>
      <![CDATA[Selected Credit Card option at Payment Dropdown]]>
    </line>
    <line>
      <![CDATA[As expected Name on Credit Card text box is displayed after selected Credit Card option at Payment Dropdown]]>
    </line>
    <line>
      <![CDATA[As expected Credit Card Number text box is displayed after selected Credit Card option at Payment Dropdown]]>
    </line>
    <line>
      <![CDATA[As expected Credit Card Type dropdown is displayed after selected Credit Card option at Payment Dropdown]]>
    </line>
    <line>
      <![CDATA[As expected Add Settlement button is enabled by default]]>
    </line>
    <line>
      <![CDATA[Entered Sreekanthsreekanthsreekanthabcabc as invalid morethan 30 characters at Name on Credit Card text box]]>
    </line>
    <line>
      <![CDATA[Entered 4562 at Credit Card Number text box]]>
    </line>
    <line>
      <![CDATA[Entered 1106 at Amount text box]]>
    </line>
    <line>
      <![CDATA[Selected Visa option at Credit Card Type Drop Down]]>
    </line>
    <line>
      <![CDATA[Clicked on AddSettlement button]]>
    </line>
    <line>
      <![CDATA[As expected Alert Presented]]>
    </line>
    <line>
      <![CDATA[Settlement amount not matching with Net Amount : is displayed at Pop up]]>
    </line>
    <line>
      <![CDATA[Clicked On OK button in Pop up]]>
    </line>
    <line>
      <![CDATA[Add Settlement button is not disabled, after generated bill amount grid]]>
    </line>
    <line>
      <![CDATA[As expected Bill Amount Web Table is displayed]]>
    </line>
    <line>
      <![CDATA[As expected Save button is displayed]]>
    </line>
    <line>
      <![CDATA[Save button is not enabled]]>
    </line>
    <line>
      <![CDATA[As expected not accepted morethan 30 characters at Name on Card text box]]>
    </line>
    <line>
      <![CDATA[Launch_Application: Wellness Application Launched Successfully]]>
    </line>
    <line>
      <![CDATA[                               ]]>
    </line>
    <line>
      <![CDATA[Launch_Application: Wellness Application Launched Successfully]]>
    </line>
    <line>
      <![CDATA[                               ]]>
    </line>
    <line>
      <![CDATA[Entered Valid Username]]>
    </line>
    <line>
      <![CDATA[Entered Valid Password]]>
    </line>
    <line>
      <![CDATA[As expected Alert not presented]]>
    </line>
    <line>
      <![CDATA[As expected Appointment List Page Displayed Successfully]]>
    </line>
    <line>
      <![CDATA[PageURL displayed as : http://172.22.5.34:8080/wellness/appointmentslist at Appointment List Page]]>
    </line>
    <line>
      <![CDATA[Clicked On Appointment Menu]]>
    </line>
    <line>
      <![CDATA[Displayed Options of Appointment Module]]>
    </line>
    <line>
      <![CDATA[Clicked on Bill Settlement Option]]>
    </line>
    <line>
      <![CDATA[Bill Settlement List Page Displayed]]>
    </line>
    <line>
      <![CDATA[Record Available for BillNo 118 with Guest Name srinu, and BillAmount is: 1106.00]]>
    </line>
    <line>
      <![CDATA[Clicked on BillNo 118 with Guest Name srinu]]>
    </line>
    <line>
      <![CDATA[Bill Settlement Page Displayed]]>
    </line>
    <line>
      <![CDATA[As expected BillID,BillAmount and GuestName text boxes displayed along with values, but these fields are readonly]]>
    </line>
    <line>
      <![CDATA[Bill ID value is displayed as: 118]]>
    </line>
    <line>
      <![CDATA[Bill Amount value is displayed as: 1106.00]]>
    </line>
    <line>
      <![CDATA[Guest Name value is displayed as : srinu]]>
    </line>
    <line>
      <![CDATA[Payment Mode is Dropdown]]>
    </line>
    <line>
      <![CDATA[Selected Credit Card option at Payment Dropdown]]>
    </line>
    <line>
      <![CDATA[As expected Name on Credit Card text box is displayed after selected Credit Card option at Payment Dropdown]]>
    </line>
    <line>
      <![CDATA[As expected Credit Card Number text box is displayed after selected Credit Card option at Payment Dropdown]]>
    </line>
    <line>
      <![CDATA[As expected Credit Card Type dropdown is displayed after selected Credit Card option at Payment Dropdown]]>
    </line>
    <line>
      <![CDATA[As expected Add Settlement button is enabled by default]]>
    </line>
    <line>
      <![CDATA[Entered Sree as invalid below 6 characters at Name on Credit Card text box]]>
    </line>
    <line>
      <![CDATA[Entered 4562 at Credit Card Number text box]]>
    </line>
    <line>
      <![CDATA[Entered 1106 at Amount text box]]>
    </line>
    <line>
      <![CDATA[Selected Visa option at Credit Card Type Drop Down]]>
    </line>
    <line>
      <![CDATA[Clicked on AddSettlement button]]>
    </line>
    <line>
      <![CDATA[As expected Alert Presented]]>
    </line>
    <line>
      <![CDATA[Settlement amount not matching with Net Amount : is displayed at Pop up]]>
    </line>
    <line>
      <![CDATA[Clicked On OK button in Pop up]]>
    </line>
    <line>
      <![CDATA[Add Settlement button is not disabled, after generated bill amount grid]]>
    </line>
    <line>
      <![CDATA[As expected Bill Amount Web Table is displayed]]>
    </line>
    <line>
      <![CDATA[As expected Save button is displayed]]>
    </line>
    <line>
      <![CDATA[Save button is not enabled]]>
    </line>
    <line>
      <![CDATA[As expected not accepted below 6 characters at Name on Card text box]]>
    </line>
    <line>
      <![CDATA[Launch_Application: Wellness Application Launched Successfully]]>
    </line>
    <line>
      <![CDATA[                               ]]>
    </line>
    <line>
      <![CDATA[Launch_Application: Wellness Application Launched Successfully]]>
    </line>
    <line>
      <![CDATA[                               ]]>
    </line>
    <line>
      <![CDATA[Entered Valid Username]]>
    </line>
    <line>
      <![CDATA[Entered Valid Password]]>
    </line>
    <line>
      <![CDATA[As expected Alert not presented]]>
    </line>
    <line>
      <![CDATA[As expected Appointment List Page Displayed Successfully]]>
    </line>
    <line>
      <![CDATA[PageURL displayed as : http://172.22.5.34:8080/wellness/appointmentslist at Appointment List Page]]>
    </line>
    <line>
      <![CDATA[Clicked On Appointment Menu]]>
    </line>
    <line>
      <![CDATA[Displayed Options of Appointment Module]]>
    </line>
    <line>
      <![CDATA[Clicked on Bill Settlement Option]]>
    </line>
    <line>
      <![CDATA[Bill Settlement List Page Displayed]]>
    </line>
    <line>
      <![CDATA[Record Available for BillNo 118 with Guest Name srinu, and BillAmount is: 1106.00]]>
    </line>
    <line>
      <![CDATA[Clicked on BillNo 118 with Guest Name srinu]]>
    </line>
    <line>
      <![CDATA[Bill Settlement Page Displayed]]>
    </line>
    <line>
      <![CDATA[As expected BillID,BillAmount and GuestName text boxes displayed along with values, but these fields are readonly]]>
    </line>
    <line>
      <![CDATA[Bill ID value is displayed as: 118]]>
    </line>
    <line>
      <![CDATA[Bill Amount value is displayed as: 1106.00]]>
    </line>
    <line>
      <![CDATA[Guest Name value is displayed as : srinu]]>
    </line>
    <line>
      <![CDATA[Payment Mode is Dropdown]]>
    </line>
    <line>
      <![CDATA[Selected Credit Card option at Payment Dropdown]]>
    </line>
    <line>
      <![CDATA[As expected Name on Credit Card text box is displayed after selected Credit Card option at Payment Dropdown]]>
    </line>
    <line>
      <![CDATA[As expected Credit Card Number text box is displayed after selected Credit Card option at Payment Dropdown]]>
    </line>
    <line>
      <![CDATA[As expected Credit Card Type dropdown is displayed after selected Credit Card option at Payment Dropdown]]>
    </line>
    <line>
      <![CDATA[As expected Add Settlement button is enabled by default]]>
    </line>
    <line>
      <![CDATA[Entered Sreekanth Katar as Valid Alphabets at Name on Credit Card text box]]>
    </line>
    <line>
      <![CDATA[Entered 4562 at Credit Card Number text box]]>
    </line>
    <line>
      <![CDATA[Entered 1106 at Amount text box]]>
    </line>
    <line>
      <![CDATA[Selected Visa option at Credit Card Type Drop Down]]>
    </line>
    <line>
      <![CDATA[Clicked on AddSettlement button]]>
    </line>
    <line>
      <![CDATA[Alert Presented]]>
    </line>
    <line>
      <![CDATA[Settlement amount not matching with Net Amount : is displayed at Pop up]]>
    </line>
    <line>
      <![CDATA[Clicked On OK button in Pop up]]>
    </line>
    <line>
      <![CDATA[Add Settlement button is not disabled, after generated bill amount grid]]>
    </line>
    <line>
      <![CDATA[As expected Bill Amount Web Table is displayed]]>
    </line>
    <line>
      <![CDATA[As expected Save button is displayed]]>
    </line>
    <line>
      <![CDATA[Save button is not enabled]]>
    </line>
    <line>
      <![CDATA[Launch_Application: Wellness Application Launched Successfully]]>
    </line>
    <line>
      <![CDATA[                               ]]>
    </line>
    <line>
      <![CDATA[Launch_Application: Wellness Application Launched Successfully]]>
    </line>
    <line>
      <![CDATA[                               ]]>
    </line>
    <line>
      <![CDATA[Entered Valid Username]]>
    </line>
    <line>
      <![CDATA[Entered Valid Password]]>
    </line>
    <line>
      <![CDATA[As expected Alert not presented]]>
    </line>
    <line>
      <![CDATA[As expected Appointment List Page Displayed Successfully]]>
    </line>
    <line>
      <![CDATA[PageURL displayed as : http://172.22.5.34:8080/wellness/appointmentslist at Appointment List Page]]>
    </line>
    <line>
      <![CDATA[Clicked On Appointment Menu]]>
    </line>
    <line>
      <![CDATA[Displayed Options of Appointment Module]]>
    </line>
    <line>
      <![CDATA[Clicked on Bill Settlement Option]]>
    </line>
    <line>
      <![CDATA[Bill Settlement List Page Displayed]]>
    </line>
    <line>
      <![CDATA[Record Available for BillNo 118 with Guest Name srinu, and BillAmount is: 1106.00]]>
    </line>
    <line>
      <![CDATA[Clicked on BillNo 118 with Guest Name srinu]]>
    </line>
    <line>
      <![CDATA[Bill Settlement Page Displayed]]>
    </line>
    <line>
      <![CDATA[As expected BillID,BillAmount and GuestName text boxes displayed along with values, but these fields are readonly]]>
    </line>
    <line>
      <![CDATA[Bill ID value is displayed as: 118]]>
    </line>
    <line>
      <![CDATA[Bill Amount value is displayed as: 1106.00]]>
    </line>
    <line>
      <![CDATA[Guest Name value is displayed as : srinu]]>
    </line>
    <line>
      <![CDATA[Payment Mode is Dropdown]]>
    </line>
    <line>
      <![CDATA[Selected Credit Card option at Payment Dropdown]]>
    </line>
    <line>
      <![CDATA[As expected Name on Credit Card text box is displayed after selected Credit Card option at Payment Dropdown]]>
    </line>
    <line>
      <![CDATA[As expected Credit Card Number text box is displayed after selected Credit Card option at Payment Dropdown]]>
    </line>
    <line>
      <![CDATA[As expected Credit Card Type dropdown is displayed after selected Credit Card option at Payment Dropdown]]>
    </line>
    <line>
      <![CDATA[As expected Add Settlement button is enabled by default]]>
    </line>
    <line>
      <![CDATA[Entered Sreekanth Katar at Name on Credit Card text box]]>
    </line>
    <line>
      <![CDATA[Entered !@#* Special Characters as invalid at Credit Card Number text box]]>
    </line>
    <line>
      <![CDATA[Entered 1106 at Amount text box]]>
    </line>
    <line>
      <![CDATA[Selected Visa option at Credit Card Type Drop Down]]>
    </line>
    <line>
      <![CDATA[Clicked on AddSettlement button]]>
    </line>
    <line>
      <![CDATA[As expected Alert Presented]]>
    </line>
    <line>
      <![CDATA[Settlement amount not matching with Net Amount : is displayed at Pop up]]>
    </line>
    <line>
      <![CDATA[Clicked On OK button in Pop up]]>
    </line>
    <line>
      <![CDATA[Add Settlement button is not disabled, after generated bill amount grid]]>
    </line>
    <line>
      <![CDATA[As expected Bill Amount Web Table is displayed]]>
    </line>
    <line>
      <![CDATA[As expected Save button is displayed]]>
    </line>
    <line>
      <![CDATA[Save button is not enabled]]>
    </line>
    <line>
      <![CDATA[As expected not accepted Special characters to enter at Credit Card Number text box]]>
    </line>
    <line>
      <![CDATA[Launch_Application: Wellness Application Launched Successfully]]>
    </line>
    <line>
      <![CDATA[                               ]]>
    </line>
    <line>
      <![CDATA[Launch_Application: Wellness Application Launched Successfully]]>
    </line>
    <line>
      <![CDATA[                               ]]>
    </line>
    <line>
      <![CDATA[Entered Valid Username]]>
    </line>
    <line>
      <![CDATA[Entered Valid Password]]>
    </line>
    <line>
      <![CDATA[As expected Alert not presented]]>
    </line>
    <line>
      <![CDATA[As expected Appointment List Page Displayed Successfully]]>
    </line>
    <line>
      <![CDATA[PageURL displayed as : http://172.22.5.34:8080/wellness/appointmentslist at Appointment List Page]]>
    </line>
    <line>
      <![CDATA[Clicked On Appointment Menu]]>
    </line>
    <line>
      <![CDATA[Displayed Options of Appointment Module]]>
    </line>
    <line>
      <![CDATA[Clicked on Bill Settlement Option]]>
    </line>
    <line>
      <![CDATA[Bill Settlement List Page Displayed]]>
    </line>
    <line>
      <![CDATA[Record Available for BillNo 118 with Guest Name srinu, and BillAmount is: 1106.00]]>
    </line>
    <line>
      <![CDATA[Clicked on BillNo 118 with Guest Name srinu]]>
    </line>
    <line>
      <![CDATA[Bill Settlement Page Displayed]]>
    </line>
    <line>
      <![CDATA[As expected BillID,BillAmount and GuestName text boxes displayed along with values, but these fields are readonly]]>
    </line>
    <line>
      <![CDATA[Bill ID value is displayed as: 118]]>
    </line>
    <line>
      <![CDATA[Bill Amount value is displayed as: 1106.00]]>
    </line>
    <line>
      <![CDATA[Guest Name value is displayed as : srinu]]>
    </line>
    <line>
      <![CDATA[Payment Mode is Dropdown]]>
    </line>
    <line>
      <![CDATA[Selected Credit Card option at Payment Dropdown]]>
    </line>
    <line>
      <![CDATA[As expected Name on Credit Card text box is displayed after selected Credit Card option at Payment Dropdown]]>
    </line>
    <line>
      <![CDATA[As expected Credit Card Number text box is displayed after selected Credit Card option at Payment Dropdown]]>
    </line>
    <line>
      <![CDATA[As expected Credit Card Type dropdown is displayed after selected Credit Card option at Payment Dropdown]]>
    </line>
    <line>
      <![CDATA[As expected Add Settlement button is enabled by default]]>
    </line>
    <line>
      <![CDATA[Entered Sreekanth Katar at Name on Credit Card text box]]>
    </line>
    <line>
      <![CDATA[Entered Sree123 Alphanumeric as invalid at Credit Card Number text box]]>
    </line>
    <line>
      <![CDATA[Entered 1106 at Amount text box]]>
    </line>
    <line>
      <![CDATA[Selected Visa option at Credit Card Type Drop Down]]>
    </line>
    <line>
      <![CDATA[Clicked on AddSettlement button]]>
    </line>
    <line>
      <![CDATA[As expected Alert Presented]]>
    </line>
    <line>
      <![CDATA[Settlement amount not matching with Net Amount : is displayed at Pop up]]>
    </line>
    <line>
      <![CDATA[Clicked On OK button in Pop up]]>
    </line>
    <line>
      <![CDATA[Add Settlement button is not disabled, after generated bill amount grid]]>
    </line>
    <line>
      <![CDATA[As expected Bill Amount Web Table is displayed]]>
    </line>
    <line>
      <![CDATA[As expected Save button is displayed]]>
    </line>
    <line>
      <![CDATA[Save button is not enabled]]>
    </line>
    <line>
      <![CDATA[Launch_Application: Wellness Application Launched Successfully]]>
    </line>
    <line>
      <![CDATA[                               ]]>
    </line>
    <line>
      <![CDATA[Launch_Application: Wellness Application Launched Successfully]]>
    </line>
    <line>
      <![CDATA[                               ]]>
    </line>
    <line>
      <![CDATA[Entered Valid Username]]>
    </line>
    <line>
      <![CDATA[Entered Valid Password]]>
    </line>
    <line>
      <![CDATA[As expected Alert not presented]]>
    </line>
    <line>
      <![CDATA[As expected Appointment List Page Displayed Successfully]]>
    </line>
    <line>
      <![CDATA[PageURL displayed as : http://172.22.5.34:8080/wellness/appointmentslist at Appointment List Page]]>
    </line>
    <line>
      <![CDATA[Clicked On Appointment Menu]]>
    </line>
    <line>
      <![CDATA[Displayed Options of Appointment Module]]>
    </line>
    <line>
      <![CDATA[Clicked on Bill Settlement Option]]>
    </line>
    <line>
      <![CDATA[Bill Settlement List Page Displayed]]>
    </line>
    <line>
      <![CDATA[Record Available for BillNo 118 with Guest Name srinu, and BillAmount is: 1106.00]]>
    </line>
    <line>
      <![CDATA[Clicked on BillNo 118 with Guest Name srinu]]>
    </line>
    <line>
      <![CDATA[Bill Settlement Page Displayed]]>
    </line>
    <line>
      <![CDATA[As expected BillID,BillAmount and GuestName text boxes displayed along with values, but these fields are readonly]]>
    </line>
    <line>
      <![CDATA[Bill ID value is displayed as: 118]]>
    </line>
    <line>
      <![CDATA[Bill Amount value is displayed as: 1106.00]]>
    </line>
    <line>
      <![CDATA[Guest Name value is displayed as : srinu]]>
    </line>
    <line>
      <![CDATA[Payment Mode is Dropdown]]>
    </line>
    <line>
      <![CDATA[Selected Credit Card option at Payment Dropdown]]>
    </line>
    <line>
      <![CDATA[As expected Name on Credit Card text box is displayed after selected Credit Card option at Payment Dropdown]]>
    </line>
    <line>
      <![CDATA[As expected Credit Card Number text box is displayed after selected Credit Card option at Payment Dropdown]]>
    </line>
    <line>
      <![CDATA[As expected Credit Card Type dropdown is displayed after selected Credit Card option at Payment Dropdown]]>
    </line>
    <line>
      <![CDATA[As expected Add Settlement button is enabled by default]]>
    </line>
    <line>
      <![CDATA[Entered Sreekanth Katar at Name on Credit Card text box]]>
    </line>
    <line>
      <![CDATA[Entered Sree Alphabets as invalid at Credit Card Number text box]]>
    </line>
    <line>
      <![CDATA[Entered 1106 at Amount text box]]>
    </line>
    <line>
      <![CDATA[Selected Visa option at Credit Card Type Drop Down]]>
    </line>
    <line>
      <![CDATA[Clicked on AddSettlement button]]>
    </line>
    <line>
      <![CDATA[As expected Alert Presented]]>
    </line>
    <line>
      <![CDATA[Settlement amount not matching with Net Amount : is displayed at Pop up]]>
    </line>
    <line>
      <![CDATA[Clicked On OK button in Pop up]]>
    </line>
    <line>
      <![CDATA[Launch_Application: Wellness Application Launched Successfully]]>
    </line>
    <line>
      <![CDATA[                               ]]>
    </line>
    <line>
      <![CDATA[Launch_Application: Wellness Application Launched Successfully]]>
    </line>
    <line>
      <![CDATA[                               ]]>
    </line>
    <line>
      <![CDATA[Entered Valid Username]]>
    </line>
    <line>
      <![CDATA[Entered Valid Password]]>
    </line>
    <line>
      <![CDATA[As expected Alert not presented]]>
    </line>
    <line>
      <![CDATA[As expected Appointment List Page Displayed Successfully]]>
    </line>
    <line>
      <![CDATA[PageURL displayed as : http://172.22.5.34:8080/wellness/appointmentslist at Appointment List Page]]>
    </line>
    <line>
      <![CDATA[Clicked On Appointment Menu]]>
    </line>
    <line>
      <![CDATA[Displayed Options of Appointment Module]]>
    </line>
    <line>
      <![CDATA[Clicked on Bill Settlement Option]]>
    </line>
    <line>
      <![CDATA[Bill Settlement List Page Displayed]]>
    </line>
    <line>
      <![CDATA[Record Available for BillNo 118 with Guest Name srinu, and BillAmount is: 1106.00]]>
    </line>
    <line>
      <![CDATA[Clicked on BillNo 118 with Guest Name srinu]]>
    </line>
    <line>
      <![CDATA[Bill Settlement Page Displayed]]>
    </line>
    <line>
      <![CDATA[As expected BillID,BillAmount and GuestName text boxes displayed along with values, but these fields are readonly]]>
    </line>
    <line>
      <![CDATA[Bill ID value is displayed as: 118]]>
    </line>
    <line>
      <![CDATA[Bill Amount value is displayed as: 1106.00]]>
    </line>
    <line>
      <![CDATA[Guest Name value is displayed as : srinu]]>
    </line>
    <line>
      <![CDATA[Payment Mode is Dropdown]]>
    </line>
    <line>
      <![CDATA[Selected Credit Card option at Payment Dropdown]]>
    </line>
    <line>
      <![CDATA[As expected Name on Credit Card text box is displayed after selected Credit Card option at Payment Dropdown]]>
    </line>
    <line>
      <![CDATA[As expected Credit Card Number text box is displayed after selected Credit Card option at Payment Dropdown]]>
    </line>
    <line>
      <![CDATA[As expected Credit Card Type dropdown is displayed after selected Credit Card option at Payment Dropdown]]>
    </line>
    <line>
      <![CDATA[As expected Add Settlement button is enabled by default]]>
    </line>
    <line>
      <![CDATA[Entered Sreekanth Katar at Name on Credit Card text box]]>
    </line>
    <line>
      <![CDATA[Leaving as Blank as invalid at Credit Card Number text box]]>
    </line>
    <line>
      <![CDATA[Entered 1106 at Amount text box]]>
    </line>
    <line>
      <![CDATA[Selected Visa option at Credit Card Type Drop Down]]>
    </line>
    <line>
      <![CDATA[Clicked on AddSettlement button]]>
    </line>
    <line>
      <![CDATA[As expected Alert Presented]]>
    </line>
    <line>
      <![CDATA[Settlement amount not matching with Net Amount : is displayed at Pop up]]>
    </line>
    <line>
      <![CDATA[Clicked On OK button in Pop up]]>
    </line>
    <line>
      <![CDATA[Launch_Application: Wellness Application Launched Successfully]]>
    </line>
    <line>
      <![CDATA[                               ]]>
    </line>
    <line>
      <![CDATA[Launch_Application: Wellness Application Launched Successfully]]>
    </line>
    <line>
      <![CDATA[                               ]]>
    </line>
    <line>
      <![CDATA[Entered Valid Username]]>
    </line>
    <line>
      <![CDATA[Entered Valid Password]]>
    </line>
    <line>
      <![CDATA[As expected Alert not presented]]>
    </line>
    <line>
      <![CDATA[As expected Appointment List Page Displayed Successfully]]>
    </line>
    <line>
      <![CDATA[PageURL displayed as : http://172.22.5.34:8080/wellness/appointmentslist at Appointment List Page]]>
    </line>
    <line>
      <![CDATA[Clicked On Appointment Menu]]>
    </line>
    <line>
      <![CDATA[Displayed Options of Appointment Module]]>
    </line>
    <line>
      <![CDATA[Clicked on Bill Settlement Option]]>
    </line>
    <line>
      <![CDATA[Bill Settlement List Page Displayed]]>
    </line>
    <line>
      <![CDATA[Record Available for BillNo 118 with Guest Name srinu, and BillAmount is: 1106.00]]>
    </line>
    <line>
      <![CDATA[Clicked on BillNo 118 with Guest Name srinu]]>
    </line>
    <line>
      <![CDATA[Bill Settlement Page Displayed]]>
    </line>
    <line>
      <![CDATA[As expected BillID,BillAmount and GuestName text boxes displayed along with values, but these fields are readonly]]>
    </line>
    <line>
      <![CDATA[Bill ID value is displayed as: 118]]>
    </line>
    <line>
      <![CDATA[Bill Amount value is displayed as: 1106.00]]>
    </line>
    <line>
      <![CDATA[Guest Name value is displayed as : srinu]]>
    </line>
    <line>
      <![CDATA[Payment Mode is Dropdown]]>
    </line>
    <line>
      <![CDATA[Selected Credit Card option at Payment Dropdown]]>
    </line>
    <line>
      <![CDATA[As expected Name on Credit Card text box is displayed after selected Credit Card option at Payment Dropdown]]>
    </line>
    <line>
      <![CDATA[As expected Credit Card Number text box is displayed after selected Credit Card option at Payment Dropdown]]>
    </line>
    <line>
      <![CDATA[As expected Credit Card Type dropdown is displayed after selected Credit Card option at Payment Dropdown]]>
    </line>
    <line>
      <![CDATA[As expected Add Settlement button is enabled by default]]>
    </line>
    <line>
      <![CDATA[Entered Sreekanth Katar as Valid Alphabets at Name on Credit Card text box]]>
    </line>
    <line>
      <![CDATA[Entered 4562, with 4 digits as Valid at Credit Card Number text box]]>
    </line>
    <line>
      <![CDATA[Entered 1106 at Amount text box]]>
    </line>
    <line>
      <![CDATA[Selected Visa option at Credit Card Type Drop Down]]>
    </line>
    <line>
      <![CDATA[Clicked on AddSettlement button]]>
    </line>
    <line>
      <![CDATA[Alert Presented]]>
    </line>
    <line>
      <![CDATA[Settlement amount not matching with Net Amount : is displayed at Pop up]]>
    </line>
    <line>
      <![CDATA[Clicked On OK button in Pop up]]>
    </line>
    <line>
      <![CDATA[Add Settlement button is not disabled, after generated bill amount grid]]>
    </line>
    <line>
      <![CDATA[As expected Bill Amount Web Table is displayed]]>
    </line>
    <line>
      <![CDATA[As expected Save button is displayed]]>
    </line>
    <line>
      <![CDATA[Save button is not enabled]]>
    </line>
    <line>
      <![CDATA[Launch_Application: Wellness Application Launched Successfully]]>
    </line>
    <line>
      <![CDATA[                               ]]>
    </line>
    <line>
      <![CDATA[Launch_Application: Wellness Application Launched Successfully]]>
    </line>
    <line>
      <![CDATA[                               ]]>
    </line>
    <line>
      <![CDATA[Entered Valid Username]]>
    </line>
    <line>
      <![CDATA[Entered Valid Password]]>
    </line>
    <line>
      <![CDATA[As expected Alert not presented]]>
    </line>
    <line>
      <![CDATA[As expected Appointment List Page Displayed Successfully]]>
    </line>
    <line>
      <![CDATA[PageURL displayed as : http://172.22.5.34:8080/wellness/appointmentslist at Appointment List Page]]>
    </line>
    <line>
      <![CDATA[Clicked On Appointment Menu]]>
    </line>
    <line>
      <![CDATA[Displayed Options of Appointment Module]]>
    </line>
    <line>
      <![CDATA[Clicked on Bill Settlement Option]]>
    </line>
    <line>
      <![CDATA[Bill Settlement List Page Displayed]]>
    </line>
    <line>
      <![CDATA[Record Available for BillNo 118 with Guest Name srinu, and BillAmount is: 1106.00]]>
    </line>
    <line>
      <![CDATA[Clicked on BillNo 118 with Guest Name srinu]]>
    </line>
    <line>
      <![CDATA[Bill Settlement Page Displayed]]>
    </line>
    <line>
      <![CDATA[As expected BillID,BillAmount and GuestName text boxes displayed along with values, but these fields are readonly]]>
    </line>
    <line>
      <![CDATA[Bill ID value is displayed as: 118]]>
    </line>
    <line>
      <![CDATA[Bill Amount value is displayed as: 1106.00]]>
    </line>
    <line>
      <![CDATA[Guest Name value is displayed as : srinu]]>
    </line>
    <line>
      <![CDATA[Payment Mode is Dropdown]]>
    </line>
    <line>
      <![CDATA[Selected Credit Card option at Payment Dropdown]]>
    </line>
    <line>
      <![CDATA[As expected Name on Credit Card text box is displayed after selected Credit Card option at Payment Dropdown]]>
    </line>
    <line>
      <![CDATA[As expected Credit Card Number text box is displayed after selected Credit Card option at Payment Dropdown]]>
    </line>
    <line>
      <![CDATA[As expected Credit Card Type dropdown is displayed after selected Credit Card option at Payment Dropdown]]>
    </line>
    <line>
      <![CDATA[As expected Add Settlement button is enabled by default]]>
    </line>
    <line>
      <![CDATA[Entered Sreekanth Katar as Valid Alphabets at Name on Credit Card text box]]>
    </line>
    <line>
      <![CDATA[Accepted 4 digits only as 4562, eventhough given data 45627 with 5 digits, to verify more than 4 digits Invalid at Credit Card Number text box]]>
    </line>
    <line>
      <![CDATA[Entered 1106 at Amount text box]]>
    </line>
    <line>
      <![CDATA[Selected Visa option at Credit Card Type Drop Down]]>
    </line>
    <line>
      <![CDATA[As expected Not Accepting morethan 4 digits at Credit Card Number Text box]]>
    </line>
    <line>
      <![CDATA[Launch_Application: Wellness Application Launched Successfully]]>
    </line>
    <line>
      <![CDATA[                               ]]>
    </line>
    <line>
      <![CDATA[Launch_Application: Wellness Application Launched Successfully]]>
    </line>
    <line>
      <![CDATA[                               ]]>
    </line>
    <line>
      <![CDATA[Entered Valid Username]]>
    </line>
    <line>
      <![CDATA[Entered Valid Password]]>
    </line>
    <line>
      <![CDATA[As expected Alert not presented]]>
    </line>
    <line>
      <![CDATA[As expected Appointment List Page Displayed Successfully]]>
    </line>
    <line>
      <![CDATA[PageURL displayed as : http://172.22.5.34:8080/wellness/appointmentslist at Appointment List Page]]>
    </line>
    <line>
      <![CDATA[Clicked On Appointment Menu]]>
    </line>
    <line>
      <![CDATA[Displayed Options of Appointment Module]]>
    </line>
    <line>
      <![CDATA[Clicked on Bill Settlement Option]]>
    </line>
    <line>
      <![CDATA[Bill Settlement List Page Displayed]]>
    </line>
    <line>
      <![CDATA[Record Available for BillNo 118 with Guest Name srinu, and BillAmount is: 1106.00]]>
    </line>
    <line>
      <![CDATA[Clicked on BillNo 118 with Guest Name srinu]]>
    </line>
    <line>
      <![CDATA[Bill Settlement Page Displayed]]>
    </line>
    <line>
      <![CDATA[As expected BillID,BillAmount and GuestName text boxes displayed along with values, but these fields are readonly]]>
    </line>
    <line>
      <![CDATA[Bill ID value is displayed as: 118]]>
    </line>
    <line>
      <![CDATA[Bill Amount value is displayed as: 1106.00]]>
    </line>
    <line>
      <![CDATA[Guest Name value is displayed as : srinu]]>
    </line>
    <line>
      <![CDATA[Payment Mode is Dropdown]]>
    </line>
    <line>
      <![CDATA[Selected Credit Card option at Payment Dropdown]]>
    </line>
    <line>
      <![CDATA[As expected Name on Credit Card text box is displayed after selected Credit Card option at Payment Dropdown]]>
    </line>
    <line>
      <![CDATA[As expected Credit Card Number text box is displayed after selected Credit Card option at Payment Dropdown]]>
    </line>
    <line>
      <![CDATA[As expected Credit Card Type dropdown is displayed after selected Credit Card option at Payment Dropdown]]>
    </line>
    <line>
      <![CDATA[As expected Add Settlement button is enabled by default]]>
    </line>
    <line>
      <![CDATA[Entered Sreekanth Katar as Valid Alphabets at Name on Credit Card text box]]>
    </line>
    <line>
      <![CDATA[Accepted 3 digits as 456, when verifying below 4 digits Invalid at Credit Card Number text box]]>
    </line>
    <line>
      <![CDATA[Entered 1106 at Amount text box]]>
    </line>
    <line>
      <![CDATA[Selected Visa option at Credit Card Type Drop Down]]>
    </line>
    <line>
      <![CDATA[Clicked on AddSettlement button]]>
    </line>
    <line>
      <![CDATA[As expected Alert Presented]]>
    </line>
    <line>
      <![CDATA[Settlement amount not matching with Net Amount : is displayed at Pop up]]>
    </line>
    <line>
      <![CDATA[Clicked On OK button in Pop up]]>
    </line>
    <line>
      <![CDATA[Add Settlement button is not disabled, after generated bill amount grid]]>
    </line>
    <line>
      <![CDATA[As expected Bill Amount Web Table is displayed]]>
    </line>
    <line>
      <![CDATA[As expected Save button is displayed]]>
    </line>
    <line>
      <![CDATA[Save button is not enabled]]>
    </line>
    <line>
      <![CDATA[Launch_Application: Wellness Application Launched Successfully]]>
    </line>
    <line>
      <![CDATA[                               ]]>
    </line>
    <line>
      <![CDATA[Launch_Application: Wellness Application Launched Successfully]]>
    </line>
    <line>
      <![CDATA[                               ]]>
    </line>
    <line>
      <![CDATA[Entered Valid Username]]>
    </line>
    <line>
      <![CDATA[Entered Valid Password]]>
    </line>
    <line>
      <![CDATA[As expected Alert not presented]]>
    </line>
    <line>
      <![CDATA[As expected Appointment List Page Displayed Successfully]]>
    </line>
    <line>
      <![CDATA[PageURL displayed as : http://172.22.5.34:8080/wellness/appointmentslist at Appointment List Page]]>
    </line>
    <line>
      <![CDATA[Clicked On Appointment Menu]]>
    </line>
    <line>
      <![CDATA[Displayed Options of Appointment Module]]>
    </line>
    <line>
      <![CDATA[Clicked on Bill Settlement Option]]>
    </line>
    <line>
      <![CDATA[Bill Settlement List Page Displayed]]>
    </line>
    <line>
      <![CDATA[Record Available for BillNo 118 with Guest Name srinu, and BillAmount is: 1106.00]]>
    </line>
    <line>
      <![CDATA[Clicked on BillNo 118 with Guest Name srinu]]>
    </line>
    <line>
      <![CDATA[Bill Settlement Page Displayed]]>
    </line>
    <line>
      <![CDATA[As expected BillID,BillAmount and GuestName text boxes displayed along with values, but these fields are readonly]]>
    </line>
    <line>
      <![CDATA[Bill ID value is displayed as: 118]]>
    </line>
    <line>
      <![CDATA[Bill Amount value is displayed as: 1106.00]]>
    </line>
    <line>
      <![CDATA[Guest Name value is displayed as : srinu]]>
    </line>
    <line>
      <![CDATA[Payment Mode is Dropdown]]>
    </line>
    <line>
      <![CDATA[Selected Credit Card option at Payment Dropdown]]>
    </line>
    <line>
      <![CDATA[As expected Credit Card Type dropdown is displayed after selected Credit Card option at Payment Dropdown]]>
    </line>
    <line>
      <![CDATA[As expected Select option displayed at Credit Card Type Dropdown by default]]>
    </line>
    <line>
      <![CDATA[Launch_Application: Wellness Application Launched Successfully]]>
    </line>
    <line>
      <![CDATA[                               ]]>
    </line>
    <line>
      <![CDATA[Launch_Application: Wellness Application Launched Successfully]]>
    </line>
    <line>
      <![CDATA[                               ]]>
    </line>
    <line>
      <![CDATA[Entered Valid Username]]>
    </line>
    <line>
      <![CDATA[Entered Valid Password]]>
    </line>
    <line>
      <![CDATA[As expected Alert not presented]]>
    </line>
    <line>
      <![CDATA[As expected Appointment List Page Displayed Successfully]]>
    </line>
    <line>
      <![CDATA[PageURL displayed as : http://172.22.5.34:8080/wellness/appointmentslist at Appointment List Page]]>
    </line>
    <line>
      <![CDATA[Clicked On Appointment Menu]]>
    </line>
    <line>
      <![CDATA[Displayed Options of Appointment Module]]>
    </line>
    <line>
      <![CDATA[Clicked on Bill Settlement Option]]>
    </line>
    <line>
      <![CDATA[Bill Settlement List Page Displayed]]>
    </line>
    <line>
      <![CDATA[Record Available for BillNo 118 with Guest Name srinu, and BillAmount is: 1106.00]]>
    </line>
    <line>
      <![CDATA[Clicked on BillNo 118 with Guest Name srinu]]>
    </line>
    <line>
      <![CDATA[Bill Settlement Page Displayed]]>
    </line>
    <line>
      <![CDATA[As expected BillID,BillAmount and GuestName text boxes displayed along with values, but these fields are readonly]]>
    </line>
    <line>
      <![CDATA[Bill ID value is displayed as: 118]]>
    </line>
    <line>
      <![CDATA[Bill Amount value is displayed as: 1106.00]]>
    </line>
    <line>
      <![CDATA[Guest Name value is displayed as : srinu]]>
    </line>
    <line>
      <![CDATA[Payment Mode is Dropdown]]>
    </line>
    <line>
      <![CDATA[Selected Credit Card option at Payment Dropdown]]>
    </line>
    <line>
      <![CDATA[As expected Credit Card Type dropdown is displayed after selected Credit Card option at Payment Dropdown]]>
    </line>
    <line>
      <![CDATA[As expected List Displayed and Selected Visa option at Credit Card Type Dropdown]]>
    </line>
    <line>
      <![CDATA[Launch_Application: Wellness Application Launched Successfully]]>
    </line>
    <line>
      <![CDATA[                               ]]>
    </line>
    <line>
      <![CDATA[Launch_Application: Wellness Application Launched Successfully]]>
    </line>
    <line>
      <![CDATA[                               ]]>
    </line>
    <line>
      <![CDATA[Entered Valid Username]]>
    </line>
    <line>
      <![CDATA[Entered Valid Password]]>
    </line>
    <line>
      <![CDATA[As expected Alert not presented]]>
    </line>
    <line>
      <![CDATA[As expected Appointment List Page Displayed Successfully]]>
    </line>
    <line>
      <![CDATA[PageURL displayed as : http://172.22.5.34:8080/wellness/appointmentslist at Appointment List Page]]>
    </line>
    <line>
      <![CDATA[Clicked On Appointment Menu]]>
    </line>
    <line>
      <![CDATA[Displayed Options of Appointment Module]]>
    </line>
    <line>
      <![CDATA[Clicked on Bill Settlement Option]]>
    </line>
    <line>
      <![CDATA[Bill Settlement List Page Displayed]]>
    </line>
    <line>
      <![CDATA[Record Available for BillNo 118 with Guest Name srinu, and BillAmount is: 1106.00]]>
    </line>
    <line>
      <![CDATA[Clicked on BillNo 118 with Guest Name srinu]]>
    </line>
    <line>
      <![CDATA[Bill Settlement Page Displayed]]>
    </line>
    <line>
      <![CDATA[As expected BillID,BillAmount and GuestName text boxes displayed along with values, but these fields are readonly]]>
    </line>
    <line>
      <![CDATA[Bill ID value is displayed as: 118]]>
    </line>
    <line>
      <![CDATA[Bill Amount value is displayed as: 1106.00]]>
    </line>
    <line>
      <![CDATA[Guest Name value is displayed as : srinu]]>
    </line>
    <line>
      <![CDATA[Payment Mode is Dropdown]]>
    </line>
    <line>
      <![CDATA[Selected Credit Card option at Payment Dropdown]]>
    </line>
    <line>
      <![CDATA[As expected Name on Credit Card text box is displayed after selected Credit Card option at Payment Dropdown]]>
    </line>
    <line>
      <![CDATA[As expected Credit Card Number text box is displayed after selected Credit Card option at Payment Dropdown]]>
    </line>
    <line>
      <![CDATA[As expected Credit Card Type dropdown is displayed after selected Credit Card option at Payment Dropdown]]>
    </line>
    <line>
      <![CDATA[As expected Add Settlement button is enabled by default]]>
    </line>
    <line>
      <![CDATA[Entered Sreekanth Katar at Name on Credit Card text box]]>
    </line>
    <line>
      <![CDATA[Entered 4562 as valid at Credit Card Number text box]]>
    </line>
    <line>
      <![CDATA[Entered 1106 at Amount text box]]>
    </line>
    <line>
      <![CDATA[Leaving as Blank as invalid at Credit Card Type Drop Down]]>
    </line>
    <line>
      <![CDATA[Clicked on AddSettlement button]]>
    </line>
    <line>
      <![CDATA[As expected Alert Presented]]>
    </line>
    <line>
      <![CDATA[Settlement amount not matching with Net Amount : is displayed at Pop up]]>
    </line>
    <line>
      <![CDATA[Clicked On OK button in Pop up]]>
    </line>
    <line>
      <![CDATA[Launch_Application: Wellness Application Launched Successfully]]>
    </line>
    <line>
      <![CDATA[                               ]]>
    </line>
    <line>
      <![CDATA[Launch_Application: Wellness Application Launched Successfully]]>
    </line>
    <line>
      <![CDATA[                               ]]>
    </line>
    <line>
      <![CDATA[Entered Valid Username]]>
    </line>
    <line>
      <![CDATA[Entered Valid Password]]>
    </line>
    <line>
      <![CDATA[As expected Alert not presented]]>
    </line>
    <line>
      <![CDATA[As expected Appointment List Page Displayed Successfully]]>
    </line>
    <line>
      <![CDATA[PageURL displayed as : http://172.22.5.34:8080/wellness/appointmentslist at Appointment List Page]]>
    </line>
    <line>
      <![CDATA[Clicked On Appointment Menu]]>
    </line>
    <line>
      <![CDATA[Displayed Options of Appointment Module]]>
    </line>
    <line>
      <![CDATA[Clicked on Bill Settlement Option]]>
    </line>
    <line>
      <![CDATA[Bill Settlement List Page Displayed]]>
    </line>
    <line>
      <![CDATA[Record Available for BillNo 118 with Guest Name srinu, and BillAmount is: 1106.00]]>
    </line>
    <line>
      <![CDATA[Clicked on BillNo 118 with Guest Name srinu]]>
    </line>
    <line>
      <![CDATA[Bill Settlement Page Displayed]]>
    </line>
    <line>
      <![CDATA[As expected BillID,BillAmount and GuestName text boxes displayed along with values, but these fields are readonly]]>
    </line>
    <line>
      <![CDATA[Bill ID value is displayed as: 118]]>
    </line>
    <line>
      <![CDATA[Bill Amount value is displayed as: 1106.00]]>
    </line>
    <line>
      <![CDATA[Guest Name value is displayed as : srinu]]>
    </line>
    <line>
      <![CDATA[Payment Mode is Dropdown]]>
    </line>
    <line>
      <![CDATA[Selected Credit Card option at Payment Dropdown]]>
    </line>
    <line>
      <![CDATA[As expected Name on Credit Card text box is displayed after selected Credit Card option at Payment Dropdown]]>
    </line>
    <line>
      <![CDATA[As expected Credit Card Number text box is displayed after selected Credit Card option at Payment Dropdown]]>
    </line>
    <line>
      <![CDATA[As expected Credit Card Type dropdown is displayed after selected Credit Card option at Payment Dropdown]]>
    </line>
    <line>
      <![CDATA[As expected Add Settlement button is enabled by default]]>
    </line>
    <line>
      <![CDATA[Entered Sreekanth Katar at Name on Credit Card text box]]>
    </line>
    <line>
      <![CDATA[Entered 4562 as valid at Credit Card Number text box]]>
    </line>
    <line>
      <![CDATA[Entered 250 at Amount text box]]>
    </line>
    <line>
      <![CDATA[Selected Visa option at Credit Card Type Drop Down]]>
    </line>
    <line>
      <![CDATA[Clicked on AddSettlement button]]>
    </line>
    <line>
      <![CDATA[Alert Presented]]>
    </line>
    <line>
      <![CDATA[Settlement amount not matching with Net Amount : is displayed at Pop up]]>
    </line>
    <line>
      <![CDATA[Clicked On OK button in Pop up]]>
    </line>
    <line>
      <![CDATA[									]]>
    </line>
    <line>
      <![CDATA[Selected Credit Card option at Payment Dropdown]]>
    </line>
    <line>
      <![CDATA[Entered Sreekanth Katar at Name on Credit Card text box]]>
    </line>
    <line>
      <![CDATA[Entered 4562 as valid at Credit Card Number text box]]>
    </line>
    <line>
      <![CDATA[Entered 250 at Amount text box]]>
    </line>
    <line>
      <![CDATA[Selected Visa option at Credit Card Type Drop Down]]>
    </line>
    <line>
      <![CDATA[Clicked on AddSettlement button]]>
    </line>
    <line>
      <![CDATA[Alert Presented]]>
    </line>
    <line>
      <![CDATA[Settlement amount not matching with Net Amount : is displayed at Pop up]]>
    </line>
    <line>
      <![CDATA[Clicked On OK button in Pop up]]>
    </line>
    <line>
      <![CDATA[									]]>
    </line>
    <line>
      <![CDATA[Selected Credit Card option at Payment Dropdown]]>
    </line>
    <line>
      <![CDATA[Entered Sreekanth Katar at Name on Credit Card text box]]>
    </line>
    <line>
      <![CDATA[Entered 4562 as valid at Credit Card Number text box]]>
    </line>
    <line>
      <![CDATA[Entered 250 at Amount text box]]>
    </line>
    <line>
      <![CDATA[Selected Visa option at Credit Card Type Drop Down]]>
    </line>
    <line>
      <![CDATA[Clicked on AddSettlement button]]>
    </line>
    <line>
      <![CDATA[Alert Presented]]>
    </line>
    <line>
      <![CDATA[Settlement amount not matching with Net Amount : is displayed at Pop up]]>
    </line>
    <line>
      <![CDATA[Clicked On OK button in Pop up]]>
    </line>
    <line>
      <![CDATA[									]]>
    </line>
    <line>
      <![CDATA[Selected Credit Card option at Payment Dropdown]]>
    </line>
    <line>
      <![CDATA[Entered Sreekanth Katar at Name on Credit Card text box]]>
    </line>
    <line>
      <![CDATA[Entered 4562 as valid at Credit Card Number text box]]>
    </line>
    <line>
      <![CDATA[Entered 250 at Amount text box]]>
    </line>
    <line>
      <![CDATA[Selected Visa option at Credit Card Type Drop Down]]>
    </line>
    <line>
      <![CDATA[Clicked on AddSettlement button]]>
    </line>
    <line>
      <![CDATA[Alert Presented]]>
    </line>
    <line>
      <![CDATA[Settlement amount not matching with Net Amount : is displayed at Pop up]]>
    </line>
    <line>
      <![CDATA[Clicked On OK button in Pop up]]>
    </line>
    <line>
      <![CDATA[									]]>
    </line>
    <line>
      <![CDATA[Selected Credit Card option at Payment Dropdown]]>
    </line>
    <line>
      <![CDATA[Entered Sreekanth Katar at Name on Credit Card text box]]>
    </line>
    <line>
      <![CDATA[Entered 4562 as valid at Credit Card Number text box]]>
    </line>
    <line>
      <![CDATA[Entered 106 at Amount text box]]>
    </line>
    <line>
      <![CDATA[Selected Visa option at Credit Card Type Drop Down]]>
    </line>
    <line>
      <![CDATA[Clicked on AddSettlement button]]>
    </line>
    <line>
      <![CDATA[As expected Alert not presented]]>
    </line>
    <line>
      <![CDATA[									]]>
    </line>
    <line>
      <![CDATA[Alert not presented]]>
    </line>
    <line>
      <![CDATA[									]]>
    </line>
    <line>
      <![CDATA[ | Bill No | Guest Name | Type of Payment | Cash Amount | ]]>
    </line>
    <line>
      <![CDATA[-------------------------------------------------------]]>
    </line>
    <line>
      <![CDATA[ | 118      | srinu    | Cash     | 1000.00       | ]]>
    </line>
    <line>
      <![CDATA[ | 118      | srinu    | Credit Card     | 106.00       | ]]>
    </line>
    <line>
      <![CDATA[Index: 3, Size: 3]]>
    </line>
    <line>
      <![CDATA[Launch_Application: Wellness Application Launched Successfully]]>
    </line>
    <line>
      <![CDATA[                               ]]>
    </line>
    <line>
      <![CDATA[Launch_Application: Wellness Application Launched Successfully]]>
    </line>
    <line>
      <![CDATA[                               ]]>
    </line>
    <line>
      <![CDATA[Entered Valid Username]]>
    </line>
    <line>
      <![CDATA[Entered Valid Password]]>
    </line>
    <line>
      <![CDATA[As expected Alert not presented]]>
    </line>
    <line>
      <![CDATA[As expected Appointment List Page Displayed Successfully]]>
    </line>
    <line>
      <![CDATA[PageURL displayed as : http://172.22.5.34:8080/wellness/appointmentslist at Appointment List Page]]>
    </line>
    <line>
      <![CDATA[Clicked On Appointment Menu]]>
    </line>
    <line>
      <![CDATA[Displayed Options of Appointment Module]]>
    </line>
    <line>
      <![CDATA[Clicked on Bill Settlement Option]]>
    </line>
    <line>
      <![CDATA[Bill Settlement List Page Displayed]]>
    </line>
    <line>
      <![CDATA[Record Available for BillNo 118 with Guest Name srinu, and BillAmount is: 1106.00]]>
    </line>
    <line>
      <![CDATA[Clicked on BillNo 118 with Guest Name srinu]]>
    </line>
    <line>
      <![CDATA[Bill Settlement Page Displayed]]>
    </line>
    <line>
      <![CDATA[As expected BillID,BillAmount and GuestName text boxes displayed along with values, but these fields are readonly]]>
    </line>
    <line>
      <![CDATA[Bill ID value is displayed as: 118]]>
    </line>
    <line>
      <![CDATA[Bill Amount value is displayed as: 1106.00]]>
    </line>
    <line>
      <![CDATA[Guest Name value is displayed as : srinu]]>
    </line>
    <line>
      <![CDATA[Payment Mode is Dropdown]]>
    </line>
    <line>
      <![CDATA[Selected Credit Card option at Payment Dropdown]]>
    </line>
    <line>
      <![CDATA[As expected Name on Credit Card text box is displayed after selected Credit Card option at Payment Dropdown]]>
    </line>
    <line>
      <![CDATA[As expected Credit Card Number text box is displayed after selected Credit Card option at Payment Dropdown]]>
    </line>
    <line>
      <![CDATA[As expected Credit Card Type dropdown is displayed after selected Credit Card option at Payment Dropdown]]>
    </line>
    <line>
      <![CDATA[As expected Add Settlement button is enabled by default]]>
    </line>
    <line>
      <![CDATA[Entered Sreekanth Katar at Name on Credit Card text box]]>
    </line>
    <line>
      <![CDATA[Entered 4562 as valid at Credit Card Number text box]]>
    </line>
    <line>
      <![CDATA[Entered 1200 at Amount text box]]>
    </line>
    <line>
      <![CDATA[Selected Visa option at Credit Card Type Drop Down]]>
    </line>
    <line>
      <![CDATA[Clicked on AddSettlement button]]>
    </line>
    <line>
      <![CDATA[As expected Alert Presented]]>
    </line>
    <line>
      <![CDATA[Settlement amount not matching with Net Amount : is displayed at Pop up]]>
    </line>
    <line>
      <![CDATA[Clicked On OK button in Pop up]]>
    </line>
    <line>
      <![CDATA[Clicked On Appointment Menu]]>
    </line>
    <line>
      <![CDATA[Displayed Options of Appointment Module]]>
    </line>
    <line>
      <![CDATA[Clicked on Bill Settlement Option]]>
    </line>
    <line>
      <![CDATA[Bill Settlement List Page Displayed]]>
    </line>
    <line>
      <![CDATA[Record Available for BillNo 118 with Guest Name srinu, and BillAmount is: 1106.00]]>
    </line>
    <line>
      <![CDATA[Clicked on BillNo 118 with Guest Name srinu]]>
    </line>
    <line>
      <![CDATA[Bill Settlement Page Displayed]]>
    </line>
    <line>
      <![CDATA[As expected BillID,BillAmount and GuestName text boxes displayed along with values, but these fields are readonly]]>
    </line>
    <line>
      <![CDATA[Bill ID value is displayed as: 118]]>
    </line>
    <line>
      <![CDATA[Bill Amount value is displayed as: 1106.00]]>
    </line>
    <line>
      <![CDATA[Guest Name value is displayed as : srinu]]>
    </line>
    <line>
      <![CDATA[Selected Cheque option at Payment Dropdown]]>
    </line>
    <line>
      <![CDATA[As expected Bank Name text box is displayed after selected Cheque option at Payment Mode Dropdown]]>
    </line>
    <line>
      <![CDATA[As expected Cheque Number text box is displayed after selected Cheque option at Payment Mode Dropdown]]>
    </line>
    <line>
      <![CDATA[As expected Cheque Payee text box is displayed after selected Cheque option at Payment Mode Dropdown]]>
    </line>
    <line>
      <![CDATA[As expected Cheque Date text box is displayed after selected Cheque option at Payment Mode Dropdown]]>
    </line>
    <line>
      <![CDATA[As expected AddSettlement button is enabled by default]]>
    </line>
    <line>
      <![CDATA[Launch_Application: Wellness Application Launched Successfully]]>
    </line>
    <line>
      <![CDATA[                               ]]>
    </line>
    <line>
      <![CDATA[Launch_Application: Wellness Application Launched Successfully]]>
    </line>
    <line>
      <![CDATA[                               ]]>
    </line>
    <line>
      <![CDATA[Entered Valid Username]]>
    </line>
    <line>
      <![CDATA[Entered Valid Password]]>
    </line>
    <line>
      <![CDATA[As expected Alert not presented]]>
    </line>
    <line>
      <![CDATA[As expected Appointment List Page Displayed Successfully]]>
    </line>
    <line>
      <![CDATA[PageURL displayed as : http://172.22.5.34:8080/wellness/appointmentslist at Appointment List Page]]>
    </line>
    <line>
      <![CDATA[Clicked On Appointment Menu]]>
    </line>
    <line>
      <![CDATA[Displayed Options of Appointment Module]]>
    </line>
    <line>
      <![CDATA[Clicked on Bill Settlement Option]]>
    </line>
    <line>
      <![CDATA[Bill Settlement List Page Displayed]]>
    </line>
    <line>
      <![CDATA[Record Available for BillNo 118 with Guest Name srinu, and BillAmount is: 1106.00]]>
    </line>
    <line>
      <![CDATA[Clicked on BillNo 118 with Guest Name srinu]]>
    </line>
    <line>
      <![CDATA[Bill Settlement Page Displayed]]>
    </line>
    <line>
      <![CDATA[As expected BillID,BillAmount and GuestName text boxes displayed along with values, but these fields are readonly]]>
    </line>
    <line>
      <![CDATA[Bill ID value is displayed as: 118]]>
    </line>
    <line>
      <![CDATA[Bill Amount value is displayed as: 1106.00]]>
    </line>
    <line>
      <![CDATA[Guest Name value is displayed as : srinu]]>
    </line>
    <line>
      <![CDATA[Selected Cheque option at Payment Dropdown]]>
    </line>
    <line>
      <![CDATA[As expected Bank Name text box is displayed after selected Cheque option at Payment Mode Dropdown]]>
    </line>
    <line>
      <![CDATA[As expected Cheque Number text box is displayed after selected Cheque option at Payment Mode Dropdown]]>
    </line>
    <line>
      <![CDATA[As expected Cheque Payee text box is displayed after selected Cheque option at Payment Mode Dropdown]]>
    </line>
    <line>
      <![CDATA[As expected Cheque Date text box is displayed after selected Cheque option at Payment Mode Dropdown]]>
    </line>
    <line>
      <![CDATA[As expected AddSettlement button is enabled by default]]>
    </line>
    <line>
      <![CDATA[Entered HDFC as Bank Name Alphabets valid]]>
    </line>
    <line>
      <![CDATA[Entered 123456 as Cheque Number]]>
    </line>
    <line>
      <![CDATA[Selected Month as 04, Date as 15, Year as 2017 at Cheque Date]]>
    </line>
    <line>
      <![CDATA[Entered 1106 as Amount]]>
    </line>
    <line>
      <![CDATA[Clicked on Add Settlement Button]]>
    </line>
    <line>
      <![CDATA[As expected Alert Presented]]>
    </line>
    <line>
      <![CDATA[Settlement amount not matching with Net Amount : is displayed at Pop up]]>
    </line>
    <line>
      <![CDATA[Clicked On OK button in Pop up]]>
    </line>
    <line>
      <![CDATA[Launch_Application: Wellness Application Launched Successfully]]>
    </line>
    <line>
      <![CDATA[                               ]]>
    </line>
    <line>
      <![CDATA[Launch_Application: Wellness Application Launched Successfully]]>
    </line>
    <line>
      <![CDATA[                               ]]>
    </line>
    <line>
      <![CDATA[Entered Valid Username]]>
    </line>
    <line>
      <![CDATA[Entered Valid Password]]>
    </line>
    <line>
      <![CDATA[As expected Alert not presented]]>
    </line>
    <line>
      <![CDATA[As expected Appointment List Page Displayed Successfully]]>
    </line>
    <line>
      <![CDATA[PageURL displayed as : http://172.22.5.34:8080/wellness/appointmentslist at Appointment List Page]]>
    </line>
    <line>
      <![CDATA[Clicked On Appointment Menu]]>
    </line>
    <line>
      <![CDATA[Displayed Options of Appointment Module]]>
    </line>
    <line>
      <![CDATA[Clicked on Bill Settlement Option]]>
    </line>
    <line>
      <![CDATA[Bill Settlement List Page Displayed]]>
    </line>
    <line>
      <![CDATA[Record Available for BillNo 118 with Guest Name srinu, and BillAmount is: 1106.00]]>
    </line>
    <line>
      <![CDATA[Clicked on BillNo 118 with Guest Name srinu]]>
    </line>
    <line>
      <![CDATA[Bill Settlement Page Displayed]]>
    </line>
    <line>
      <![CDATA[As expected BillID,BillAmount and GuestName text boxes displayed along with values, but these fields are readonly]]>
    </line>
    <line>
      <![CDATA[Bill ID value is displayed as: 118]]>
    </line>
    <line>
      <![CDATA[Bill Amount value is displayed as: 1106.00]]>
    </line>
    <line>
      <![CDATA[Guest Name value is displayed as : srinu]]>
    </line>
    <line>
      <![CDATA[Selected Cheque option at Payment Dropdown]]>
    </line>
    <line>
      <![CDATA[As expected Bank Name text box is displayed after selected Cheque option at Payment Mode Dropdown]]>
    </line>
    <line>
      <![CDATA[As expected Cheque Number text box is displayed after selected Cheque option at Payment Mode Dropdown]]>
    </line>
    <line>
      <![CDATA[As expected Cheque Payee text box is displayed after selected Cheque option at Payment Mode Dropdown]]>
    </line>
    <line>
      <![CDATA[As expected Cheque Date text box is displayed after selected Cheque option at Payment Mode Dropdown]]>
    </line>
    <line>
      <![CDATA[As expected AddSettlement button is enabled by default]]>
    </line>
    <line>
      <![CDATA[Entered !@#$% as Bank Name Special Characters Invalid]]>
    </line>
    <line>
      <![CDATA[Entered 123456 as Cheque Number]]>
    </line>
    <line>
      <![CDATA[Selected Month as 04, Date as 15, Year as 2017 at Cheque Date]]>
    </line>
    <line>
      <![CDATA[Entered 1106 as Amount]]>
    </line>
    <line>
      <![CDATA[Clicked on Add Settlement Button]]>
    </line>
    <line>
      <![CDATA[As expected Alert Presented]]>
    </line>
    <line>
      <![CDATA[Settlement amount not matching with Net Amount : is displayed at Pop up]]>
    </line>
    <line>
      <![CDATA[Clicked On OK button in Pop up]]>
    </line>
    <line>
      <![CDATA[As expected Bank Name Not accepted Special Characters as Invalid]]>
    </line>
    <line>
      <![CDATA[Launch_Application: Wellness Application Launched Successfully]]>
    </line>
    <line>
      <![CDATA[                               ]]>
    </line>
    <line>
      <![CDATA[Launch_Application: Wellness Application Launched Successfully]]>
    </line>
    <line>
      <![CDATA[                               ]]>
    </line>
    <line>
      <![CDATA[Entered Valid Username]]>
    </line>
    <line>
      <![CDATA[Entered Valid Password]]>
    </line>
    <line>
      <![CDATA[As expected Alert not presented]]>
    </line>
    <line>
[...]
System info: os.name: 'Windows 7', os.arch: 'amd64', os.version: '6.1', java.version: '1.8.0_121'
Driver info: driver.version: RemoteWebDriver]]>
            </line>
          </reporter-output>
        </test-method> <!-- BS_79_Verify_Cheque_Number_with_Lessthan_6_Digits_Invalid -->
        <test-method status="PASS" signature="BS_80_Verify_Cheque_Number_with_Morethan_6_Digits_Invalid()[pri:39, instance:com.testScripts.Bill_Settlement_Test@39529185]" name="BS_80_Verify_Cheque_Number_with_Morethan_6_Digits_Invalid" duration-ms="5" started-at="2017-04-29T16:13:29Z" finished-at="2017-04-29T16:13:29Z">
          <reporter-output>
            <line>
              <![CDATA[unexpected alert open: {Alert text : Settlement amount not matching with Net Amount}
  (Session info: chrome=57.0.2987.133)
  (Driver info: chromedriver=2.29.461591 (62ebf098771772160f391d75e589dc567915b233),platform=Windows NT 6.1.7600 x86_64) (WARNING: The server did not provide any stacktrace information)
Command duration or timeout: 4 milliseconds
Build info: version: '2.2.1', revision: '16551', time: '2012-04-11 21:42:35'
System info: os.name: 'Windows 7', os.arch: 'amd64', os.version: '6.1', java.version: '1.8.0_121'
Driver info: driver.version: RemoteWebDriver]]>
            </line>
          </reporter-output>
        </test-method> <!-- BS_80_Verify_Cheque_Number_with_Morethan_6_Digits_Invalid -->
        <test-method status="PASS" signature="BS_81_Verify_Cheque_Payee_with_Alphabets_Valid()[pri:40, instance:com.testScripts.Bill_Settlement_Test@39529185]" name="BS_81_Verify_Cheque_Payee_with_Alphabets_Valid" duration-ms="4" started-at="2017-04-29T16:13:29Z" finished-at="2017-04-29T16:13:29Z">
          <reporter-output>
            <line>
              <![CDATA[unexpected alert open: {Alert text : Settlement amount not matching with Net Amount}
  (Session info: chrome=57.0.2987.133)
  (Driver info: chromedriver=2.29.461591 (62ebf098771772160f391d75e589dc567915b233),platform=Windows NT 6.1.7600 x86_64) (WARNING: The server did not provide any stacktrace information)
Command duration or timeout: 3 milliseconds
Build info: version: '2.2.1', revision: '16551', time: '2012-04-11 21:42:35'
System info: os.name: 'Windows 7', os.arch: 'amd64', os.version: '6.1', java.version: '1.8.0_121'
Driver info: driver.version: RemoteWebDriver]]>
            </line>
          </reporter-output>
        </test-method> <!-- BS_81_Verify_Cheque_Payee_with_Alphabets_Valid -->
        <test-method status="PASS" signature="BS_82_Verify_Cheque_Payee_with_Spl_Char_Invalid()[pri:41, instance:com.testScripts.Bill_Settlement_Test@39529185]" name="BS_82_Verify_Cheque_Payee_with_Spl_Char_Invalid" duration-ms="3" started-at="2017-04-29T16:13:29Z" finished-at="2017-04-29T16:13:29Z">
          <reporter-output>
            <line>
              <![CDATA[unexpected alert open: {Alert text : Settlement amount not matching with Net Amount}
  (Session info: chrome=57.0.2987.133)
  (Driver info: chromedriver=2.29.461591 (62ebf098771772160f391d75e589dc567915b233),platform=Windows NT 6.1.7600 x86_64) (WARNING: The server did not provide any stacktrace information)
Command duration or timeout: 2 milliseconds
Build info: version: '2.2.1', revision: '16551', time: '2012-04-11 21:42:35'
System info: os.name: 'Windows 7', os.arch: 'amd64', os.version: '6.1', java.version: '1.8.0_121'
Driver info: driver.version: RemoteWebDriver]]>
            </line>
          </reporter-output>
        </test-method> <!-- BS_82_Verify_Cheque_Payee_with_Spl_Char_Invalid -->
        <test-method status="PASS" signature="BS_234_Verify_Cheque_Payee_with_AlphaNumeric_Invalid()[pri:42, instance:com.testScripts.Bill_Settlement_Test@39529185]" name="BS_234_Verify_Cheque_Payee_with_AlphaNumeric_Invalid" duration-ms="3" started-at="2017-04-29T16:13:29Z" finished-at="2017-04-29T16:13:29Z">
          <reporter-output>
            <line>
              <![CDATA[unexpected alert open: {Alert text : Settlement amount not matching with Net Amount}
  (Session info: chrome=57.0.2987.133)
  (Driver info: chromedriver=2.29.461591 (62ebf098771772160f391d75e589dc567915b233),platform=Windows NT 6.1.7600 x86_64) (WARNING: The server did not provide any stacktrace information)
Command duration or timeout: 3 milliseconds
Build info: version: '2.2.1', revision: '16551', time: '2012-04-11 21:42:35'
System info: os.name: 'Windows 7', os.arch: 'amd64', os.version: '6.1', java.version: '1.8.0_121'
Driver info: driver.version: RemoteWebDriver]]>
            </line>
          </reporter-output>
        </test-method> <!-- BS_234_Verify_Cheque_Payee_with_AlphaNumeric_Invalid -->
        <test-method status="PASS" signature="BS_235_Verify_Cheque_Payee_with_Numeric_Invalid()[pri:43, instance:com.testScripts.Bill_Settlement_Test@39529185]" name="BS_235_Verify_Cheque_Payee_with_Numeric_Invalid" duration-ms="3" started-at="2017-04-29T16:13:29Z" finished-at="2017-04-29T16:13:29Z">
          <reporter-output>
            <line>
              <![CDATA[unexpected alert open: {Alert text : Settlement amount not matching with Net Amount}
  (Session info: chrome=57.0.2987.133)
  (Driver info: chromedriver=2.29.461591 (62ebf098771772160f391d75e589dc567915b233),platform=Windows NT 6.1.7600 x86_64) (WARNING: The server did not provide any stacktrace information)
Command duration or timeout: 3 milliseconds
Build info: version: '2.2.1', revision: '16551', time: '2012-04-11 21:42:35'
System info: os.name: 'Windows 7', os.arch: 'amd64', os.version: '6.1', java.version: '1.8.0_121'
Driver info: driver.version: RemoteWebDriver]]>
            </line>
          </reporter-output>
        </test-method> <!-- BS_235_Verify_Cheque_Payee_with_Numeric_Invalid -->
        <test-method status="PASS" signature="BS_83_Verify_Cheque_Payee_with_Minimum_3_Char_Valid()[pri:44, instance:com.testScripts.Bill_Settlement_Test@39529185]" name="BS_83_Verify_Cheque_Payee_with_Minimum_3_Char_Valid" duration-ms="5" started-at="2017-04-29T16:13:29Z" finished-at="2017-04-29T16:13:29Z">
          <reporter-output>
            <line>
              <![CDATA[unexpected alert open: {Alert text : Settlement amount not matching with Net Amount}
  (Session info: chrome=57.0.2987.133)
  (Driver info: chromedriver=2.29.461591 (62ebf098771772160f391d75e589dc567915b233),platform=Windows NT 6.1.7600 x86_64) (WARNING: The server did not provide any stacktrace information)
Command duration or timeout: 5 milliseconds
Build info: version: '2.2.1', revision: '16551', time: '2012-04-11 21:42:35'
System info: os.name: 'Windows 7', os.arch: 'amd64', os.version: '6.1', java.version: '1.8.0_121'
Driver info: driver.version: RemoteWebDriver]]>
            </line>
          </reporter-output>
        </test-method> <!-- BS_83_Verify_Cheque_Payee_with_Minimum_3_Char_Valid -->
        <test-method status="PASS" signature="BS_84_Verify_Cheque_Payee_with_Lessthan_3_Char_Invalid()[pri:45, instance:com.testScripts.Bill_Settlement_Test@39529185]" name="BS_84_Verify_Cheque_Payee_with_Lessthan_3_Char_Invalid" duration-ms="6" started-at="2017-04-29T16:13:29Z" finished-at="2017-04-29T16:13:29Z">
          <reporter-output>
            <line>
              <![CDATA[unexpected alert open: {Alert text : Settlement amount not matching with Net Amount}
  (Session info: chrome=57.0.2987.133)
  (Driver info: chromedriver=2.29.461591 (62ebf098771772160f391d75e589dc567915b233),platform=Windows NT 6.1.7600 x86_64) (WARNING: The server did not provide any stacktrace information)
Command duration or timeout: 5 milliseconds
Build info: version: '2.2.1', revision: '16551', time: '2012-04-11 21:42:35'
System info: os.name: 'Windows 7', os.arch: 'amd64', os.version: '6.1', java.version: '1.8.0_121'
Driver info: driver.version: RemoteWebDriver]]>
            </line>
          </reporter-output>
        </test-method> <!-- BS_84_Verify_Cheque_Payee_with_Lessthan_3_Char_Invalid -->
        <test-method status="PASS" signature="BS_85_Verify_Cheque_Payee_with_Maximum_20_Char_Valid()[pri:46, instance:com.testScripts.Bill_Settlement_Test@39529185]" name="BS_85_Verify_Cheque_Payee_with_Maximum_20_Char_Valid" duration-ms="1" started-at="2017-04-29T16:13:29Z" finished-at="2017-04-29T16:13:29Z">
          <reporter-output>
            <line>
              <![CDATA[unexpected alert open: {Alert text : Settlement amount not matching with Net Amount}
  (Session info: chrome=57.0.2987.133)
  (Driver info: chromedriver=2.29.461591 (62ebf098771772160f391d75e589dc567915b233),platform=Windows NT 6.1.7600 x86_64) (WARNING: The server did not provide any stacktrace information)
Command duration or timeout: 1 milliseconds
Build info: version: '2.2.1', revision: '16551', time: '2012-04-11 21:42:35'
System info: os.name: 'Windows 7', os.arch: 'amd64', os.version: '6.1', java.version: '1.8.0_121'
Driver info: driver.version: RemoteWebDriver]]>
            </line>
          </reporter-output>
        </test-method> <!-- BS_85_Verify_Cheque_Payee_with_Maximum_20_Char_Valid -->
        <test-method status="PASS" signature="BS_86_Verify_Cheque_Payee_with_Morethan_20_Char_Invalid()[pri:47, instance:com.testScripts.Bill_Settlement_Test@39529185]" name="BS_86_Verify_Cheque_Payee_with_Morethan_20_Char_Invalid" duration-ms="4" started-at="2017-04-29T16:13:29Z" finished-at="2017-04-29T16:13:29Z">
          <reporter-output>
            <line>
              <![CDATA[unexpected alert open: {Alert text : Settlement amount not matching with Net Amount}
  (Session info: chrome=57.0.2987.133)
  (Driver info: chromedriver=2.29.461591 (62ebf098771772160f391d75e589dc567915b233),platform=Windows NT 6.1.7600 x86_64) (WARNING: The server did not provide any stacktrace information)
Command duration or timeout: 3 milliseconds
Build info: version: '2.2.1', revision: '16551', time: '2012-04-11 21:42:35'
System info: os.name: 'Windows 7', os.arch: 'amd64', os.version: '6.1', java.version: '1.8.0_121'
Driver info: driver.version: RemoteWebDriver]]>
            </line>
          </reporter-output>
        </test-method> <!-- BS_86_Verify_Cheque_Payee_with_Morethan_20_Char_Invalid -->
        <test-method status="PASS" signature="BS_87_Verify_Cheque_Payee_with_Blank_Invalid()[pri:48, instance:com.testScripts.Bill_Settlement_Test@39529185]" name="BS_87_Verify_Cheque_Payee_with_Blank_Invalid" duration-ms="2" started-at="2017-04-29T16:13:29Z" finished-at="2017-04-29T16:13:29Z">
          <reporter-output>
            <line>
              <![CDATA[unexpected alert open: {Alert text : Settlement amount not matching with Net Amount}
  (Session info: chrome=57.0.2987.133)
  (Driver info: chromedriver=2.29.461591 (62ebf098771772160f391d75e589dc567915b233),platform=Windows NT 6.1.7600 x86_64) (WARNING: The server did not provide any stacktrace information)
Command duration or timeout: 1 milliseconds
Build info: version: '2.2.1', revision: '16551', time: '2012-04-11 21:42:35'
System info: os.name: 'Windows 7', os.arch: 'amd64', os.version: '6.1', java.version: '1.8.0_121'
Driver info: driver.version: RemoteWebDriver]]>
            </line>
          </reporter-output>
        </test-method> <!-- BS_87_Verify_Cheque_Payee_with_Blank_Invalid -->
        <test-method status="PASS" signature="BS_99_Verify_Cheque_Date_format()[pri:49, instance:com.testScripts.Bill_Settlement_Test@39529185]" name="BS_99_Verify_Cheque_Date_format" duration-ms="2" started-at="2017-04-29T16:13:29Z" finished-at="2017-04-29T16:13:29Z">
          <reporter-output>
            <line>
              <![CDATA[unexpected alert open: {Alert text : Settlement amount not matching with Net Amount}
  (Session info: chrome=57.0.2987.133)
  (Driver info: chromedriver=2.29.461591 (62ebf098771772160f391d75e589dc567915b233),platform=Windows NT 6.1.7600 x86_64) (WARNING: The server did not provide any stacktrace information)
Command duration or timeout: 2 milliseconds
Build info: version: '2.2.1', revision: '16551', time: '2012-04-11 21:42:35'
System info: os.name: 'Windows 7', os.arch: 'amd64', os.version: '6.1', java.version: '1.8.0_121'
Driver info: driver.version: RemoteWebDriver]]>
            </line>
          </reporter-output>
        </test-method> <!-- BS_99_Verify_Cheque_Date_format -->
        <test-method status="PASS" signature="BS_100_Verify_Cheque_Date_with_Morethan_SystemDate()[pri:50, instance:com.testScripts.Bill_Settlement_Test@39529185]" name="BS_100_Verify_Cheque_Date_with_Morethan_SystemDate" duration-ms="2" started-at="2017-04-29T16:13:29Z" finished-at="2017-04-29T16:13:29Z">
          <reporter-output>
            <line>
              <![CDATA[unexpected alert open: {Alert text : Settlement amount not matching with Net Amount}
  (Session info: chrome=57.0.2987.133)
  (Driver info: chromedriver=2.29.461591 (62ebf098771772160f391d75e589dc567915b233),platform=Windows NT 6.1.7600 x86_64) (WARNING: The server did not provide any stacktrace information)
Command duration or timeout: 2 milliseconds
Build info: version: '2.2.1', revision: '16551', time: '2012-04-11 21:42:35'
System info: os.name: 'Windows 7', os.arch: 'amd64', os.version: '6.1', java.version: '1.8.0_121'
Driver info: driver.version: RemoteWebDriver]]>
            </line>
          </reporter-output>
        </test-method> <!-- BS_100_Verify_Cheque_Date_with_Morethan_SystemDate -->
        <test-method status="PASS" signature="BS_101_Verify_Cheque_Date_with_Lessthan_SystemDate()[pri:51, instance:com.testScripts.Bill_Settlement_Test@39529185]" name="BS_101_Verify_Cheque_Date_with_Lessthan_SystemDate" duration-ms="2" started-at="2017-04-29T16:13:29Z" finished-at="2017-04-29T16:13:29Z">
          <reporter-output>
            <line>
              <![CDATA[unexpected alert open: {Alert text : Settlement amount not matching with Net Amount}
  (Session info: chrome=57.0.2987.133)
  (Driver info: chromedriver=2.29.461591 (62ebf098771772160f391d75e589dc567915b233),platform=Windows NT 6.1.7600 x86_64) (WARNING: The server did not provide any stacktrace information)
Command duration or timeout: 1 milliseconds
Build info: version: '2.2.1', revision: '16551', time: '2012-04-11 21:42:35'
System info: os.name: 'Windows 7', os.arch: 'amd64', os.version: '6.1', java.version: '1.8.0_121'
Driver info: driver.version: RemoteWebDriver]]>
            </line>
          </reporter-output>
        </test-method> <!-- BS_101_Verify_Cheque_Date_with_Lessthan_SystemDate -->
        <test-method status="PASS" signature="BS_102_Verify_Amount_Lessthan_or_Equal_to_NetAmount()[pri:52, instance:com.testScripts.Bill_Settlement_Test@39529185]" name="BS_102_Verify_Amount_Lessthan_or_Equal_to_NetAmount" duration-ms="4" started-at="2017-04-29T16:13:29Z" finished-at="2017-04-29T16:13:29Z">
          <reporter-output>
            <line>
              <![CDATA[unexpected alert open: {Alert text : Settlement amount not matching with Net Amount}
  (Session info: chrome=57.0.2987.133)
  (Driver info: chromedriver=2.29.461591 (62ebf098771772160f391d75e589dc567915b233),platform=Windows NT 6.1.7600 x86_64) (WARNING: The server did not provide any stacktrace information)
Command duration or timeout: 3 milliseconds
Build info: version: '2.2.1', revision: '16551', time: '2012-04-11 21:42:35'
System info: os.name: 'Windows 7', os.arch: 'amd64', os.version: '6.1', java.version: '1.8.0_121'
Driver info: driver.version: RemoteWebDriver]]>
            </line>
          </reporter-output>
        </test-method> <!-- BS_102_Verify_Amount_Lessthan_or_Equal_to_NetAmount -->
        <test-method status="PASS" signature="BS_103_Verify_Amount_Morethan_NetAmount_Invalid()[pri:53, instance:com.testScripts.Bill_Settlement_Test@39529185]" name="BS_103_Verify_Amount_Morethan_NetAmount_Invalid" duration-ms="6" started-at="2017-04-29T16:13:29Z" finished-at="2017-04-29T16:13:29Z">
          <reporter-output>
            <line>
              <![CDATA[unexpected alert open: {Alert text : Settlement amount not matching with Net Amount}
  (Session info: chrome=57.0.2987.133)
  (Driver info: chromedriver=2.29.461591 (62ebf098771772160f391d75e589dc567915b233),platform=Windows NT 6.1.7600 x86_64) (WARNING: The server did not provide any stacktrace information)
Command duration or timeout: 4 milliseconds
Build info: version: '2.2.1', revision: '16551', time: '2012-04-11 21:42:35'
System info: os.name: 'Windows 7', os.arch: 'amd64', os.version: '6.1', java.version: '1.8.0_121'
Driver info: driver.version: RemoteWebDriver]]>
            </line>
          </reporter-output>
        </test-method> <!-- BS_103_Verify_Amount_Morethan_NetAmount_Invalid -->
        <test-method status="PASS" signature="BS_104_Verify_Cheque_Date_Blank_Invalid()[pri:54, instance:com.testScripts.Bill_Settlement_Test@39529185]" name="BS_104_Verify_Cheque_Date_Blank_Invalid" duration-ms="2" started-at="2017-04-29T16:13:29Z" finished-at="2017-04-29T16:13:29Z">
          <reporter-output>
            <line>
              <![CDATA[unexpected alert open: {Alert text : Settlement amount not matching with Net Amount}
  (Session info: chrome=57.0.2987.133)
  (Driver info: chromedriver=2.29.461591 (62ebf098771772160f391d75e589dc567915b233),platform=Windows NT 6.1.7600 x86_64) (WARNING: The server did not provide any stacktrace information)
Command duration or timeout: 1 milliseconds
Build info: version: '2.2.1', revision: '16551', time: '2012-04-11 21:42:35'
System info: os.name: 'Windows 7', os.arch: 'amd64', os.version: '6.1', java.version: '1.8.0_121'
Driver info: driver.version: RemoteWebDriver]]>
            </line>
          </reporter-output>
        </test-method> <!-- BS_104_Verify_Cheque_Date_Blank_Invalid -->
      </class> <!-- com.testScripts.Bill_Settlement_Test -->
      <class name="com.testScripts.Staff_Login_Test">
        <test-method status="PASS" signature="SL_01_Verify_Staff_Login_Page()[pri:0, instance:com.testScripts.Staff_Login_Test@2145b572]" name="SL_01_Verify_Staff_Login_Page" duration-ms="3224" started-at="2017-04-29T15:59:27Z" finished-at="2017-04-29T15:59:30Z">
          <reporter-output>
            <line>
              <![CDATA[Launch_Application: Wellness Application Launched Successfully]]>
            </line>
            <line>
              <![CDATA[                               ]]>
            </line>
            <line>
              <![CDATA[As expected Staff Login Page Displayed Successfully]]>
            </line>
            <line>
              <![CDATA[PageURL displayed as : http://172.22.5.34:8080/wellness/login at Staff Login Page]]>
            </line>
          </reporter-output>
        </test-method> <!-- SL_01_Verify_Staff_Login_Page -->
        <test-method status="PASS" signature="SL_11_Verify_Login_Valid_Username_Valid_Password()[pri:10, instance:com.testScripts.Staff_Login_Test@2145b572]" name="SL_11_Verify_Login_Valid_Username_Valid_Password" duration-ms="9075" started-at="2017-04-29T15:59:30Z" finished-at="2017-04-29T15:59:39Z">
          <reporter-output>
            <line>
              <![CDATA[Launch_Application: Wellness Application Launched Successfully]]>
            </line>
            <line>
              <![CDATA[                               ]]>
            </line>
            <line>
              <![CDATA[Entered Valid Username]]>
            </line>
            <line>
              <![CDATA[Entered Valid Password]]>
            </line>
            <line>
              <![CDATA[As expected Alert not presented]]>
            </line>
            <line>
              <![CDATA[As expected Appointment List Page Displayed Successfully]]>
            </line>
            <line>
              <![CDATA[PageURL displayed as : http://172.22.5.34:8080/wellness/appointmentslist at Appointment List Page]]>
            </line>
          </reporter-output>
        </test-method> <!-- SL_11_Verify_Login_Valid_Username_Valid_Password -->
      </class> <!-- com.testScripts.Staff_Login_Test -->
    </test> <!-- test2 -->
  </suite> <!-- BillSettlement -->
</testng-results>
